<?xml version="1.0" encoding="UTF-8" ?>
<testsuite tests="31" failures="5" name="TestSuite" time="70.111" errors="0" skipped="3">
  <properties>
    <property name="java.runtime.name" value="Java(TM) SE Runtime Environment"/>
    <property name="sun.boot.library.path" value="C:\Program Files\Java\jre1.8.0_151\bin"/>
    <property name="java.vm.version" value="25.151-b12"/>
    <property name="java.vm.vendor" value="Oracle Corporation"/>
    <property name="maven.multiModuleProjectDirectory" value="E:\workspace\InterviewQuestionsWebDriver"/>
    <property name="java.vendor.url" value="http://java.oracle.com/"/>
    <property name="path.separator" value=";"/>
    <property name="guice.disable.misplaced.annotation.check" value="true"/>
    <property name="java.vm.name" value="Java HotSpot(TM) 64-Bit Server VM"/>
    <property name="file.encoding.pkg" value="sun.io"/>
    <property name="user.script" value=""/>
    <property name="user.country" value="IN"/>
    <property name="sun.java.launcher" value="SUN_STANDARD"/>
    <property name="sun.os.patch.level" value=""/>
    <property name="java.vm.specification.name" value="Java Virtual Machine Specification"/>
    <property name="user.dir" value="E:\workspace\InterviewQuestionsWebDriver"/>
    <property name="java.runtime.version" value="1.8.0_151-b12"/>
    <property name="java.awt.graphicsenv" value="sun.awt.Win32GraphicsEnvironment"/>
    <property name="java.endorsed.dirs" value="C:\Program Files\Java\jre1.8.0_151\lib\endorsed"/>
    <property name="os.arch" value="amd64"/>
    <property name="java.io.tmpdir" value="C:\Users\Kitty\AppData\Local\Temp\"/>
    <property name="line.separator" value="
"/>
    <property name="java.vm.specification.vendor" value="Oracle Corporation"/>
    <property name="user.variant" value=""/>
    <property name="os.name" value="Windows 10"/>
    <property name="classworlds.conf" value="E:\workspace\.metadata\.plugins\org.eclipse.m2e.launching\launches\m2conf6718376343631969526.tmp"/>
    <property name="sun.jnu.encoding" value="Cp1252"/>
    <property name="java.library.path" value="C:\Program Files\Java\jre1.8.0_151\bin;C:\WINDOWS\Sun\Java\bin;C:\WINDOWS\system32;C:\WINDOWS;C:/Program Files/Java/jre1.8.0_151/bin/server;C:/Program Files/Java/jre1.8.0_151/bin;C:/Program Files/Java/jre1.8.0_151/lib/amd64;C:\oraclexe\app\oracle\product\11.2.0\server\bin;C:\ProgramData\Oracle\Java\javapath;C:\WINDOWS\system32;C:\WINDOWS;C:\WINDOWS\System32\Wbem;&quot;C:\WINDOWS\System32\WindowsPowerShell\v1.0\C:\Program Files\Java\jdk1.8.0_144\bin%;M2_HOME%\bin;&quot;;C:\WINDOWS\System32\WindowsPowerShell\v1.0\;&quot;C:\Users\Kitty\AppData\Local\Microsoft\WindowsApps;C:\Program Files\apache-maven-3.5.2\bin;&quot;;;E:\eclipse;;."/>
    <property name="java.specification.name" value="Java Platform API Specification"/>
    <property name="java.class.version" value="52.0"/>
    <property name="sun.management.compiler" value="HotSpot 64-Bit Tiered Compilers"/>
    <property name="os.version" value="10.0"/>
    <property name="user.home" value="C:\Users\Kitty"/>
    <property name="user.timezone" value="Asia/Calcutta"/>
    <property name="java.awt.printerjob" value="sun.awt.windows.WPrinterJob"/>
    <property name="java.specification.version" value="1.8"/>
    <property name="file.encoding" value="Cp1252"/>
    <property name="user.name" value="Kitty"/>
    <property name="java.class.path" value="/E:/eclipse/plugins/org.eclipse.m2e.maven.runtime_1.6.2.20150902-0001/jars/plexus-classworlds-2.5.2.jar"/>
    <property name="java.vm.specification.version" value="1.8"/>
    <property name="sun.arch.data.model" value="64"/>
    <property name="java.home" value="C:\Program Files\Java\jre1.8.0_151"/>
    <property name="sun.java.command" value="org.codehaus.plexus.classworlds.launcher.Launcher -B clean install"/>
    <property name="java.specification.vendor" value="Oracle Corporation"/>
    <property name="user.language" value="en"/>
    <property name="awt.toolkit" value="sun.awt.windows.WToolkit"/>
    <property name="java.vm.info" value="mixed mode"/>
    <property name="java.version" value="1.8.0_151"/>
    <property name="java.ext.dirs" value="C:\Program Files\Java\jre1.8.0_151\lib\ext;C:\WINDOWS\Sun\Java\lib\ext"/>
    <property name="sun.boot.class.path" value="C:\Program Files\Java\jre1.8.0_151\lib\resources.jar;C:\Program Files\Java\jre1.8.0_151\lib\rt.jar;C:\Program Files\Java\jre1.8.0_151\lib\sunrsasign.jar;C:\Program Files\Java\jre1.8.0_151\lib\jsse.jar;C:\Program Files\Java\jre1.8.0_151\lib\jce.jar;C:\Program Files\Java\jre1.8.0_151\lib\charsets.jar;C:\Program Files\Java\jre1.8.0_151\lib\jfr.jar;C:\Program Files\Java\jre1.8.0_151\classes"/>
    <property name="java.vendor" value="Oracle Corporation"/>
    <property name="maven.home" value="E:\workspace\InterviewQuestionsWebDriver\EMBEDDED"/>
    <property name="file.separator" value="\"/>
    <property name="java.vendor.url.bug" value="http://bugreport.sun.com/bugreport/"/>
    <property name="sun.cpu.endian" value="little"/>
    <property name="sun.io.unicode.encoding" value="UnicodeLittle"/>
    <property name="sun.desktop" value="windows"/>
    <property name="sun.cpu.isalist" value="amd64"/>
  </properties>
  <testcase classname="com.datadriven.test.HalfEbayTest" name="halfEbayTest" time="5.835"/>
  <testcase classname="com.datadriven.test.HalfEbayTest" name="halfEbayTest" time="4.103"/>
  <testcase classname="com.datadriven.test.HalfEbayTest" name="halfEbayTest" time="3.728"/>
  <testcase classname="com.datadriven.test.HalfEbayTest" name="halfEbayTest" time="3.712"/>
  <testcase classname="com.interviewQuestionsWebDriver.TestngAnnotation" name="testCase1" time="0.001"/>
  <testcase classname="com.interviewQuestionsWebDriver.TestngAnnotation" name="testCase2" time="0"/>
  <testcase classname="com.interviewQuestionsWebDriver.TestngException" name="dividedByZeroExample1" time="0"/>
  <testcase classname="com.interviewQuestionsWebDriver.TestngException" name="dividedByZeroExample2" time="0.005">
    <failure message="/ by zero" type="java.lang.ArithmeticException">java.lang.ArithmeticException: / by zero
	at com.interviewQuestionsWebDriver.TestngException.dividedByZeroExample2(TestngException.java:15)
</failure>
  </testcase>
  <testcase classname="com.naveenWebDriver.GoogleSearchTest" name="testCase1" time="12.378"/>
  <testcase classname="com.naveentestNG.TestNGFeatures" name="testCase1" time="0">
    <failure message="/ by zero" type="java.lang.ArithmeticException">java.lang.ArithmeticException: / by zero
	at com.naveentestNG.TestNGFeatures.testCase1(TestNGFeatures.java:9)
</failure>
  </testcase>
  <testcase classname="com.naveentestNG.TestNGFeatures" name="testCase2" time="0.001"/>
  <testcase classname="com.naveentestNG.TestNGFeatures" name="testCase4" time="0"/>
  <testcase classname="com.naveentestNG.TestNGFeatures" name="testCase6" time="0"/>
  <testcase classname="com.naveentestNG.GoogleTitleTest" name="testCase1" time="0.017"/>
  <testcase classname="com.naveentestNG.GoogleTitleTest" name="testCase2" time="0.018">
    <failure message="Title is not matched expected [Google123] but found [Google]" type="java.lang.AssertionError">java.lang.AssertionError: Title is not matched expected [Google123] but found [Google]
	at org.testng.Assert.fail(Assert.java:94)
	at org.testng.Assert.failNotEquals(Assert.java:513)
	at org.testng.Assert.assertEqualsImpl(Assert.java:135)
	at org.testng.Assert.assertEquals(Assert.java:116)
	at org.testng.Assert.assertEquals(Assert.java:190)
	at com.naveentestNG.GoogleTitleTest.testCase2(GoogleTitleTest.java:36)
</failure>
    <system-out>12-25-2017 21:22:58 RequestAddCookies.java DEBUG [Forwarding quit on session ea040e42300c7d49e54874b65206d1b9 to remote] protocol.RequestAddCookies 123 - CookieSpec selected: default
12-25-2017 21:22:58 RequestAuthCache.java DEBUG [Forwarding quit on session ea040e42300c7d49e54874b65206d1b9 to remote] protocol.RequestAuthCache 77 - Auth cache not set in the context
12-25-2017 21:22:58 PoolingHttpClientConnectionManager.java DEBUG [Forwarding quit on session ea040e42300c7d49e54874b65206d1b9 to remote] conn.PoolingHttpClientConnectionManager 255 - Connection request: [route: {}-&gt;http://localhost:31686][total kept alive: 0; route allocated: 0 of 2000; total allocated: 0 of 2000]
12-25-2017 21:22:58 PoolingHttpClientConnectionManager.java DEBUG [Forwarding quit on session ea040e42300c7d49e54874b65206d1b9 to remote] conn.PoolingHttpClientConnectionManager 288 - Connection leased: [id: 194][route: {}-&gt;http://localhost:31686][total kept alive: 0; route allocated: 1 of 2000; total allocated: 1 of 2000]
12-25-2017 21:22:58 MainClientExec.java DEBUG [Forwarding quit on session ea040e42300c7d49e54874b65206d1b9 to remote] execchain.MainClientExec 235 - Opening connection {}-&gt;http://localhost:31686
12-25-2017 21:22:58 DefaultHttpClientConnectionOperator.java DEBUG [Forwarding quit on session ea040e42300c7d49e54874b65206d1b9 to remote] conn.DefaultHttpClientConnectionOperator 139 - Connecting to localhost/127.0.0.1:31686
12-25-2017 21:22:58 DefaultHttpClientConnectionOperator.java DEBUG [Forwarding quit on session ea040e42300c7d49e54874b65206d1b9 to remote] conn.DefaultHttpClientConnectionOperator 146 - Connection established 127.0.0.1:50456&lt;-&gt;127.0.0.1:31686
12-25-2017 21:22:58 LoggingManagedHttpClientConnection.java DEBUG [Forwarding quit on session ea040e42300c7d49e54874b65206d1b9 to remote] conn.DefaultManagedHttpClientConnection 88 - http-outgoing-194: set socket timeout to 10800000
12-25-2017 21:22:58 MainClientExec.java DEBUG [Forwarding quit on session ea040e42300c7d49e54874b65206d1b9 to remote] execchain.MainClientExec 256 - Executing request DELETE /session/ea040e42300c7d49e54874b65206d1b9 HTTP/1.1
12-25-2017 21:22:58 MainClientExec.java DEBUG [Forwarding quit on session ea040e42300c7d49e54874b65206d1b9 to remote] execchain.MainClientExec 261 - Target auth state: UNCHALLENGED
12-25-2017 21:22:58 MainClientExec.java DEBUG [Forwarding quit on session ea040e42300c7d49e54874b65206d1b9 to remote] execchain.MainClientExec 267 - Proxy auth state: UNCHALLENGED
12-25-2017 21:22:58 LoggingManagedHttpClientConnection.java DEBUG [Forwarding quit on session ea040e42300c7d49e54874b65206d1b9 to remote] http.headers 133 - http-outgoing-194 &gt;&gt; DELETE /session/ea040e42300c7d49e54874b65206d1b9 HTTP/1.1
12-25-2017 21:22:58 LoggingManagedHttpClientConnection.java DEBUG [Forwarding quit on session ea040e42300c7d49e54874b65206d1b9 to remote] http.headers 136 - http-outgoing-194 &gt;&gt; Host: localhost:31686
12-25-2017 21:22:58 LoggingManagedHttpClientConnection.java DEBUG [Forwarding quit on session ea040e42300c7d49e54874b65206d1b9 to remote] http.headers 136 - http-outgoing-194 &gt;&gt; Connection: Keep-Alive
12-25-2017 21:22:58 LoggingManagedHttpClientConnection.java DEBUG [Forwarding quit on session ea040e42300c7d49e54874b65206d1b9 to remote] http.headers 136 - http-outgoing-194 &gt;&gt; User-Agent: Apache-HttpClient/4.5.3 (Java/1.8.0_151)
12-25-2017 21:22:58 LoggingManagedHttpClientConnection.java DEBUG [Forwarding quit on session ea040e42300c7d49e54874b65206d1b9 to remote] http.headers 136 - http-outgoing-194 &gt;&gt; Accept-Encoding: gzip,deflate
12-25-2017 21:22:58 Wire.java DEBUG [Forwarding quit on session ea040e42300c7d49e54874b65206d1b9 to remote] http.wire 73 - http-outgoing-194 &gt;&gt; &quot;DELETE /session/ea040e42300c7d49e54874b65206d1b9 HTTP/1.1[\r][\n]&quot;
12-25-2017 21:22:58 Wire.java DEBUG [Forwarding quit on session ea040e42300c7d49e54874b65206d1b9 to remote] http.wire 73 - http-outgoing-194 &gt;&gt; &quot;Host: localhost:31686[\r][\n]&quot;
12-25-2017 21:22:58 Wire.java DEBUG [Forwarding quit on session ea040e42300c7d49e54874b65206d1b9 to remote] http.wire 73 - http-outgoing-194 &gt;&gt; &quot;Connection: Keep-Alive[\r][\n]&quot;
12-25-2017 21:22:58 Wire.java DEBUG [Forwarding quit on session ea040e42300c7d49e54874b65206d1b9 to remote] http.wire 73 - http-outgoing-194 &gt;&gt; &quot;User-Agent: Apache-HttpClient/4.5.3 (Java/1.8.0_151)[\r][\n]&quot;
12-25-2017 21:22:58 Wire.java DEBUG [Forwarding quit on session ea040e42300c7d49e54874b65206d1b9 to remote] http.wire 73 - http-outgoing-194 &gt;&gt; &quot;Accept-Encoding: gzip,deflate[\r][\n]&quot;
12-25-2017 21:22:58 Wire.java DEBUG [Forwarding quit on session ea040e42300c7d49e54874b65206d1b9 to remote] http.wire 73 - http-outgoing-194 &gt;&gt; &quot;[\r][\n]&quot;
12-25-2017 21:22:58 Wire.java DEBUG [Forwarding quit on session ea040e42300c7d49e54874b65206d1b9 to remote] http.wire 73 - http-outgoing-194 &lt;&lt; &quot;HTTP/1.1 200 OK[\r][\n]&quot;
12-25-2017 21:22:58 Wire.java DEBUG [Forwarding quit on session ea040e42300c7d49e54874b65206d1b9 to remote] http.wire 73 - http-outgoing-194 &lt;&lt; &quot;Content-Length:72[\r][\n]&quot;
12-25-2017 21:22:58 Wire.java DEBUG [Forwarding quit on session ea040e42300c7d49e54874b65206d1b9 to remote] http.wire 73 - http-outgoing-194 &lt;&lt; &quot;Content-Type:application/json; charset=utf-8[\r][\n]&quot;
12-25-2017 21:22:58 Wire.java DEBUG [Forwarding quit on session ea040e42300c7d49e54874b65206d1b9 to remote] http.wire 73 - http-outgoing-194 &lt;&lt; &quot;Connection:close[\r][\n]&quot;
12-25-2017 21:22:58 Wire.java DEBUG [Forwarding quit on session ea040e42300c7d49e54874b65206d1b9 to remote] http.wire 73 - http-outgoing-194 &lt;&lt; &quot;[\r][\n]&quot;
12-25-2017 21:22:58 Wire.java DEBUG [Forwarding quit on session ea040e42300c7d49e54874b65206d1b9 to remote] http.wire 87 - http-outgoing-194 &lt;&lt; &quot;{&quot;sessionId&quot;:&quot;ea040e42300c7d49e54874b65206d1b9&quot;,&quot;status&quot;:0,&quot;value&quot;:null}&quot;
12-25-2017 21:22:58 LoggingManagedHttpClientConnection.java DEBUG [Forwarding quit on session ea040e42300c7d49e54874b65206d1b9 to remote] http.headers 122 - http-outgoing-194 &lt;&lt; HTTP/1.1 200 OK
12-25-2017 21:22:58 LoggingManagedHttpClientConnection.java DEBUG [Forwarding quit on session ea040e42300c7d49e54874b65206d1b9 to remote] http.headers 125 - http-outgoing-194 &lt;&lt; Content-Length:72
12-25-2017 21:22:58 LoggingManagedHttpClientConnection.java DEBUG [Forwarding quit on session ea040e42300c7d49e54874b65206d1b9 to remote] http.headers 125 - http-outgoing-194 &lt;&lt; Content-Type:application/json; charset=utf-8
12-25-2017 21:22:58 LoggingManagedHttpClientConnection.java DEBUG [Forwarding quit on session ea040e42300c7d49e54874b65206d1b9 to remote] http.headers 125 - http-outgoing-194 &lt;&lt; Connection:close
12-25-2017 21:22:58 LoggingManagedHttpClientConnection.java DEBUG [Forwarding quit on session ea040e42300c7d49e54874b65206d1b9 to remote] conn.DefaultManagedHttpClientConnection 79 - http-outgoing-194: Close connection
12-25-2017 21:22:58 ConnectionHolder.java DEBUG [Forwarding quit on session ea040e42300c7d49e54874b65206d1b9 to remote] execchain.MainClientExec 104 - Connection discarded
12-25-2017 21:22:58 PoolingHttpClientConnectionManager.java DEBUG [Forwarding quit on session ea040e42300c7d49e54874b65206d1b9 to remote] conn.PoolingHttpClientConnectionManager 326 - Connection released: [id: 194][route: {}-&gt;http://localhost:31686][total kept alive: 0; route allocated: 0 of 2000; total allocated: 0 of 2000]
12-25-2017 21:22:58 PoolingHttpClientConnectionManager.java DEBUG [Forwarding quit on session ea040e42300c7d49e54874b65206d1b9 to remote] conn.PoolingHttpClientConnectionManager 407 - Closing connections idle longer than 0 SECONDS
12-25-2017 21:23:00 RequestAddCookies.java DEBUG [Forwarding newSession on session null to remote] protocol.RequestAddCookies 123 - CookieSpec selected: default
12-25-2017 21:23:00 RequestAuthCache.java DEBUG [Forwarding newSession on session null to remote] protocol.RequestAuthCache 77 - Auth cache not set in the context
12-25-2017 21:23:00 PoolingHttpClientConnectionManager.java DEBUG [Forwarding newSession on session null to remote] conn.PoolingHttpClientConnectionManager 255 - Connection request: [route: {}-&gt;http://localhost:28708][total kept alive: 0; route allocated: 0 of 2000; total allocated: 0 of 2000]
12-25-2017 21:23:00 PoolingHttpClientConnectionManager.java DEBUG [Forwarding newSession on session null to remote] conn.PoolingHttpClientConnectionManager 288 - Connection leased: [id: 195][route: {}-&gt;http://localhost:28708][total kept alive: 0; route allocated: 1 of 2000; total allocated: 1 of 2000]
12-25-2017 21:23:00 MainClientExec.java DEBUG [Forwarding newSession on session null to remote] execchain.MainClientExec 235 - Opening connection {}-&gt;http://localhost:28708
12-25-2017 21:23:00 DefaultHttpClientConnectionOperator.java DEBUG [Forwarding newSession on session null to remote] conn.DefaultHttpClientConnectionOperator 139 - Connecting to localhost/127.0.0.1:28708
12-25-2017 21:23:00 DefaultHttpClientConnectionOperator.java DEBUG [Forwarding newSession on session null to remote] conn.DefaultHttpClientConnectionOperator 146 - Connection established 127.0.0.1:50462&lt;-&gt;127.0.0.1:28708
12-25-2017 21:23:00 LoggingManagedHttpClientConnection.java DEBUG [Forwarding newSession on session null to remote] conn.DefaultManagedHttpClientConnection 88 - http-outgoing-195: set socket timeout to 10800000
12-25-2017 21:23:00 MainClientExec.java DEBUG [Forwarding newSession on session null to remote] execchain.MainClientExec 256 - Executing request POST /session HTTP/1.1
12-25-2017 21:23:00 MainClientExec.java DEBUG [Forwarding newSession on session null to remote] execchain.MainClientExec 261 - Target auth state: UNCHALLENGED
12-25-2017 21:23:00 MainClientExec.java DEBUG [Forwarding newSession on session null to remote] execchain.MainClientExec 267 - Proxy auth state: UNCHALLENGED
12-25-2017 21:23:00 LoggingManagedHttpClientConnection.java DEBUG [Forwarding newSession on session null to remote] http.headers 133 - http-outgoing-195 &gt;&gt; POST /session HTTP/1.1
12-25-2017 21:23:00 LoggingManagedHttpClientConnection.java DEBUG [Forwarding newSession on session null to remote] http.headers 136 - http-outgoing-195 &gt;&gt; Content-Type: application/json; charset=utf-8
12-25-2017 21:23:00 LoggingManagedHttpClientConnection.java DEBUG [Forwarding newSession on session null to remote] http.headers 136 - http-outgoing-195 &gt;&gt; Content-Length: 560
12-25-2017 21:23:00 LoggingManagedHttpClientConnection.java DEBUG [Forwarding newSession on session null to remote] http.headers 136 - http-outgoing-195 &gt;&gt; Host: localhost:28708
12-25-2017 21:23:00 LoggingManagedHttpClientConnection.java DEBUG [Forwarding newSession on session null to remote] http.headers 136 - http-outgoing-195 &gt;&gt; Connection: Keep-Alive
12-25-2017 21:23:00 LoggingManagedHttpClientConnection.java DEBUG [Forwarding newSession on session null to remote] http.headers 136 - http-outgoing-195 &gt;&gt; User-Agent: Apache-HttpClient/4.5.3 (Java/1.8.0_151)
12-25-2017 21:23:00 LoggingManagedHttpClientConnection.java DEBUG [Forwarding newSession on session null to remote] http.headers 136 - http-outgoing-195 &gt;&gt; Accept-Encoding: gzip,deflate
12-25-2017 21:23:00 Wire.java DEBUG [Forwarding newSession on session null to remote] http.wire 73 - http-outgoing-195 &gt;&gt; &quot;POST /session HTTP/1.1[\r][\n]&quot;
12-25-2017 21:23:00 Wire.java DEBUG [Forwarding newSession on session null to remote] http.wire 73 - http-outgoing-195 &gt;&gt; &quot;Content-Type: application/json; charset=utf-8[\r][\n]&quot;
12-25-2017 21:23:00 Wire.java DEBUG [Forwarding newSession on session null to remote] http.wire 73 - http-outgoing-195 &gt;&gt; &quot;Content-Length: 560[\r][\n]&quot;
12-25-2017 21:23:00 Wire.java DEBUG [Forwarding newSession on session null to remote] http.wire 73 - http-outgoing-195 &gt;&gt; &quot;Host: localhost:28708[\r][\n]&quot;
12-25-2017 21:23:00 Wire.java DEBUG [Forwarding newSession on session null to remote] http.wire 73 - http-outgoing-195 &gt;&gt; &quot;Connection: Keep-Alive[\r][\n]&quot;
12-25-2017 21:23:00 Wire.java DEBUG [Forwarding newSession on session null to remote] http.wire 73 - http-outgoing-195 &gt;&gt; &quot;User-Agent: Apache-HttpClient/4.5.3 (Java/1.8.0_151)[\r][\n]&quot;
12-25-2017 21:23:00 Wire.java DEBUG [Forwarding newSession on session null to remote] http.wire 73 - http-outgoing-195 &gt;&gt; &quot;Accept-Encoding: gzip,deflate[\r][\n]&quot;
12-25-2017 21:23:00 Wire.java DEBUG [Forwarding newSession on session null to remote] http.wire 73 - http-outgoing-195 &gt;&gt; &quot;[\r][\n]&quot;
12-25-2017 21:23:00 Wire.java DEBUG [Forwarding newSession on session null to remote] http.wire 73 - http-outgoing-195 &gt;&gt; &quot;{[\n]&quot;
12-25-2017 21:23:00 Wire.java DEBUG [Forwarding newSession on session null to remote] http.wire 73 - http-outgoing-195 &gt;&gt; &quot;  &quot;desiredCapabilities&quot;: {[\n]&quot;
12-25-2017 21:23:00 Wire.java DEBUG [Forwarding newSession on session null to remote] http.wire 73 - http-outgoing-195 &gt;&gt; &quot;    &quot;browserName&quot;: &quot;chrome&quot;,[\n]&quot;
12-25-2017 21:23:00 Wire.java DEBUG [Forwarding newSession on session null to remote] http.wire 73 - http-outgoing-195 &gt;&gt; &quot;    &quot;goog:chromeOptions&quot;: {[\n]&quot;
12-25-2017 21:23:00 Wire.java DEBUG [Forwarding newSession on session null to remote] http.wire 73 - http-outgoing-195 &gt;&gt; &quot;      &quot;args&quot;: [],[\n]&quot;
12-25-2017 21:23:00 Wire.java DEBUG [Forwarding newSession on session null to remote] http.wire 73 - http-outgoing-195 &gt;&gt; &quot;      &quot;extensions&quot;: [][\n]&quot;
12-25-2017 21:23:00 Wire.java DEBUG [Forwarding newSession on session null to remote] http.wire 73 - http-outgoing-195 &gt;&gt; &quot;    }[\n]&quot;
12-25-2017 21:23:00 Wire.java DEBUG [Forwarding newSession on session null to remote] http.wire 73 - http-outgoing-195 &gt;&gt; &quot;  },[\n]&quot;
12-25-2017 21:23:00 Wire.java DEBUG [Forwarding newSession on session null to remote] http.wire 73 - http-outgoing-195 &gt;&gt; &quot;  &quot;requiredCapabilities&quot;: {},[\n]&quot;
12-25-2017 21:23:00 Wire.java DEBUG [Forwarding newSession on session null to remote] http.wire 73 - http-outgoing-195 &gt;&gt; &quot;  &quot;capabilities&quot;: {[\n]&quot;
12-25-2017 21:23:00 Wire.java DEBUG [Forwarding newSession on session null to remote] http.wire 73 - http-outgoing-195 &gt;&gt; &quot;    &quot;desiredCapabilities&quot;: {[\n]&quot;
12-25-2017 21:23:00 Wire.java DEBUG [Forwarding newSession on session null to remote] http.wire 73 - http-outgoing-195 &gt;&gt; &quot;      &quot;browserName&quot;: &quot;chrome&quot;,[\n]&quot;
12-25-2017 21:23:00 Wire.java DEBUG [Forwarding newSession on session null to remote] http.wire 73 - http-outgoing-195 &gt;&gt; &quot;      &quot;goog:chromeOptions&quot;: {[\n]&quot;
12-25-2017 21:23:00 Wire.java DEBUG [Forwarding newSession on session null to remote] http.wire 73 - http-outgoing-195 &gt;&gt; &quot;        &quot;args&quot;: [],[\n]&quot;
12-25-2017 21:23:00 Wire.java DEBUG [Forwarding newSession on session null to remote] http.wire 73 - http-outgoing-195 &gt;&gt; &quot;        &quot;extensions&quot;: [][\n]&quot;
12-25-2017 21:23:00 Wire.java DEBUG [Forwarding newSession on session null to remote] http.wire 73 - http-outgoing-195 &gt;&gt; &quot;      }[\n]&quot;
12-25-2017 21:23:00 Wire.java DEBUG [Forwarding newSession on session null to remote] http.wire 73 - http-outgoing-195 &gt;&gt; &quot;    },[\n]&quot;
12-25-2017 21:23:00 Wire.java DEBUG [Forwarding newSession on session null to remote] http.wire 73 - http-outgoing-195 &gt;&gt; &quot;    &quot;requiredCapabilities&quot;: {},[\n]&quot;
12-25-2017 21:23:00 Wire.java DEBUG [Forwarding newSession on session null to remote] http.wire 73 - http-outgoing-195 &gt;&gt; &quot;    &quot;alwaysMatch&quot;: {[\n]&quot;
12-25-2017 21:23:00 Wire.java DEBUG [Forwarding newSession on session null to remote] http.wire 73 - http-outgoing-195 &gt;&gt; &quot;      &quot;goog:chromeOptions&quot;: {[\n]&quot;
12-25-2017 21:23:00 Wire.java DEBUG [Forwarding newSession on session null to remote] http.wire 73 - http-outgoing-195 &gt;&gt; &quot;        &quot;args&quot;: [],[\n]&quot;
12-25-2017 21:23:00 Wire.java DEBUG [Forwarding newSession on session null to remote] http.wire 73 - http-outgoing-195 &gt;&gt; &quot;        &quot;extensions&quot;: [][\n]&quot;
12-25-2017 21:23:00 Wire.java DEBUG [Forwarding newSession on session null to remote] http.wire 73 - http-outgoing-195 &gt;&gt; &quot;      }[\n]&quot;
12-25-2017 21:23:00 Wire.java DEBUG [Forwarding newSession on session null to remote] http.wire 73 - http-outgoing-195 &gt;&gt; &quot;    },[\n]&quot;
12-25-2017 21:23:00 Wire.java DEBUG [Forwarding newSession on session null to remote] http.wire 73 - http-outgoing-195 &gt;&gt; &quot;    &quot;firstMatch&quot;: [[\n]&quot;
12-25-2017 21:23:00 Wire.java DEBUG [Forwarding newSession on session null to remote] http.wire 73 - http-outgoing-195 &gt;&gt; &quot;      {[\n]&quot;
12-25-2017 21:23:00 Wire.java DEBUG [Forwarding newSession on session null to remote] http.wire 73 - http-outgoing-195 &gt;&gt; &quot;        &quot;browserName&quot;: &quot;chrome&quot;[\n]&quot;
12-25-2017 21:23:00 Wire.java DEBUG [Forwarding newSession on session null to remote] http.wire 73 - http-outgoing-195 &gt;&gt; &quot;      }[\n]&quot;
12-25-2017 21:23:00 Wire.java DEBUG [Forwarding newSession on session null to remote] http.wire 73 - http-outgoing-195 &gt;&gt; &quot;    ][\n]&quot;
12-25-2017 21:23:00 Wire.java DEBUG [Forwarding newSession on session null to remote] http.wire 73 - http-outgoing-195 &gt;&gt; &quot;  }[\n]&quot;
12-25-2017 21:23:00 Wire.java DEBUG [Forwarding newSession on session null to remote] http.wire 87 - http-outgoing-195 &gt;&gt; &quot;}&quot;
12-25-2017 21:23:02 Wire.java DEBUG [Forwarding newSession on session null to remote] http.wire 73 - http-outgoing-195 &lt;&lt; &quot;HTTP/1.1 200 OK[\r][\n]&quot;
12-25-2017 21:23:02 Wire.java DEBUG [Forwarding newSession on session null to remote] http.wire 73 - http-outgoing-195 &lt;&lt; &quot;Content-Length:800[\r][\n]&quot;
12-25-2017 21:23:02 Wire.java DEBUG [Forwarding newSession on session null to remote] http.wire 73 - http-outgoing-195 &lt;&lt; &quot;Content-Type:application/json; charset=utf-8[\r][\n]&quot;
12-25-2017 21:23:02 Wire.java DEBUG [Forwarding newSession on session null to remote] http.wire 73 - http-outgoing-195 &lt;&lt; &quot;Connection:close[\r][\n]&quot;
12-25-2017 21:23:02 Wire.java DEBUG [Forwarding newSession on session null to remote] http.wire 73 - http-outgoing-195 &lt;&lt; &quot;[\r][\n]&quot;
12-25-2017 21:23:02 Wire.java DEBUG [Forwarding newSession on session null to remote] http.wire 87 - http-outgoing-195 &lt;&lt; &quot;{&quot;sessionId&quot;:&quot;ed2bad967aeb764493be62336a00b0fe&quot;,&quot;status&quot;:0,&quot;value&quot;:{&quot;acceptSslCerts&quot;:true,&quot;applicationCacheEnabled&quot;:false,&quot;browserConnectionEnabled&quot;:false,&quot;browserName&quot;:&quot;chrome&quot;,&quot;chrome&quot;:{&quot;chromedriverVersion&quot;:&quot;2.33.506120 (e3e53437346286c0bc2d2dc9aa4915ba81d9023f)&quot;,&quot;userDataDir&quot;:&quot;C:\\Users\\Kitty\\AppData\\Local\\Temp\\scoped_dir8256_28664&quot;},&quot;cssSelectorsEnabled&quot;:true,&quot;databaseEnabled&quot;:false,&quot;handlesAlerts&quot;:true,&quot;hasTouchScreen&quot;:false,&quot;javascriptEnabled&quot;:true,&quot;locationContextEnabled&quot;:true,&quot;mobileEmulationEnabled&quot;:false,&quot;nativeEvents&quot;:true,&quot;networkConnectionEnabled&quot;:false,&quot;pageLoadStrategy&quot;:&quot;normal&quot;,&quot;platform&quot;:&quot;Windows NT&quot;,&quot;rotatable&quot;:false,&quot;setWindowRect&quot;:true,&quot;takesHeapSnapshot&quot;:true,&quot;takesScreenshot&quot;:true,&quot;unexpectedAlertBehaviour&quot;:&quot;&quot;,&quot;version&quot;:&quot;63.0.3239.108&quot;,&quot;webStorageEnabled&quot;:true}}&quot;
12-25-2017 21:23:02 LoggingManagedHttpClientConnection.java DEBUG [Forwarding newSession on session null to remote] http.headers 122 - http-outgoing-195 &lt;&lt; HTTP/1.1 200 OK
12-25-2017 21:23:02 LoggingManagedHttpClientConnection.java DEBUG [Forwarding newSession on session null to remote] http.headers 125 - http-outgoing-195 &lt;&lt; Content-Length:800
12-25-2017 21:23:02 LoggingManagedHttpClientConnection.java DEBUG [Forwarding newSession on session null to remote] http.headers 125 - http-outgoing-195 &lt;&lt; Content-Type:application/json; charset=utf-8
12-25-2017 21:23:02 LoggingManagedHttpClientConnection.java DEBUG [Forwarding newSession on session null to remote] http.headers 125 - http-outgoing-195 &lt;&lt; Connection:close
12-25-2017 21:23:02 LoggingManagedHttpClientConnection.java DEBUG [Forwarding newSession on session null to remote] conn.DefaultManagedHttpClientConnection 79 - http-outgoing-195: Close connection
12-25-2017 21:23:02 ConnectionHolder.java DEBUG [Forwarding newSession on session null to remote] execchain.MainClientExec 104 - Connection discarded
12-25-2017 21:23:02 PoolingHttpClientConnectionManager.java DEBUG [Forwarding newSession on session null to remote] conn.PoolingHttpClientConnectionManager 326 - Connection released: [id: 195][route: {}-&gt;http://localhost:28708][total kept alive: 0; route allocated: 0 of 2000; total allocated: 0 of 2000]
12-25-2017 21:23:02 RequestAddCookies.java DEBUG [Forwarding maximizeCurrentWindow on session ed2bad967aeb764493be62336a00b0fe to remote] protocol.RequestAddCookies 123 - CookieSpec selected: default
12-25-2017 21:23:02 RequestAuthCache.java DEBUG [Forwarding maximizeCurrentWindow on session ed2bad967aeb764493be62336a00b0fe to remote] protocol.RequestAuthCache 77 - Auth cache not set in the context
12-25-2017 21:23:02 PoolingHttpClientConnectionManager.java DEBUG [Forwarding maximizeCurrentWindow on session ed2bad967aeb764493be62336a00b0fe to remote] conn.PoolingHttpClientConnectionManager 255 - Connection request: [route: {}-&gt;http://localhost:28708][total kept alive: 0; route allocated: 0 of 2000; total allocated: 0 of 2000]
12-25-2017 21:23:02 PoolingHttpClientConnectionManager.java DEBUG [Forwarding maximizeCurrentWindow on session ed2bad967aeb764493be62336a00b0fe to remote] conn.PoolingHttpClientConnectionManager 288 - Connection leased: [id: 196][route: {}-&gt;http://localhost:28708][total kept alive: 0; route allocated: 1 of 2000; total allocated: 1 of 2000]
12-25-2017 21:23:02 MainClientExec.java DEBUG [Forwarding maximizeCurrentWindow on session ed2bad967aeb764493be62336a00b0fe to remote] execchain.MainClientExec 235 - Opening connection {}-&gt;http://localhost:28708
12-25-2017 21:23:02 DefaultHttpClientConnectionOperator.java DEBUG [Forwarding maximizeCurrentWindow on session ed2bad967aeb764493be62336a00b0fe to remote] conn.DefaultHttpClientConnectionOperator 139 - Connecting to localhost/127.0.0.1:28708
12-25-2017 21:23:02 DefaultHttpClientConnectionOperator.java DEBUG [Forwarding maximizeCurrentWindow on session ed2bad967aeb764493be62336a00b0fe to remote] conn.DefaultHttpClientConnectionOperator 146 - Connection established 127.0.0.1:50469&lt;-&gt;127.0.0.1:28708
12-25-2017 21:23:02 LoggingManagedHttpClientConnection.java DEBUG [Forwarding maximizeCurrentWindow on session ed2bad967aeb764493be62336a00b0fe to remote] conn.DefaultManagedHttpClientConnection 88 - http-outgoing-196: set socket timeout to 10800000
12-25-2017 21:23:02 MainClientExec.java DEBUG [Forwarding maximizeCurrentWindow on session ed2bad967aeb764493be62336a00b0fe to remote] execchain.MainClientExec 256 - Executing request POST /session/ed2bad967aeb764493be62336a00b0fe/window/current/maximize HTTP/1.1
12-25-2017 21:23:02 MainClientExec.java DEBUG [Forwarding maximizeCurrentWindow on session ed2bad967aeb764493be62336a00b0fe to remote] execchain.MainClientExec 261 - Target auth state: UNCHALLENGED
12-25-2017 21:23:02 MainClientExec.java DEBUG [Forwarding maximizeCurrentWindow on session ed2bad967aeb764493be62336a00b0fe to remote] execchain.MainClientExec 267 - Proxy auth state: UNCHALLENGED
12-25-2017 21:23:02 LoggingManagedHttpClientConnection.java DEBUG [Forwarding maximizeCurrentWindow on session ed2bad967aeb764493be62336a00b0fe to remote] http.headers 133 - http-outgoing-196 &gt;&gt; POST /session/ed2bad967aeb764493be62336a00b0fe/window/current/maximize HTTP/1.1
12-25-2017 21:23:02 LoggingManagedHttpClientConnection.java DEBUG [Forwarding maximizeCurrentWindow on session ed2bad967aeb764493be62336a00b0fe to remote] http.headers 136 - http-outgoing-196 &gt;&gt; Content-Type: application/json; charset=utf-8
12-25-2017 21:23:02 LoggingManagedHttpClientConnection.java DEBUG [Forwarding maximizeCurrentWindow on session ed2bad967aeb764493be62336a00b0fe to remote] http.headers 136 - http-outgoing-196 &gt;&gt; Content-Length: 45
12-25-2017 21:23:02 LoggingManagedHttpClientConnection.java DEBUG [Forwarding maximizeCurrentWindow on session ed2bad967aeb764493be62336a00b0fe to remote] http.headers 136 - http-outgoing-196 &gt;&gt; Host: localhost:28708
12-25-2017 21:23:02 LoggingManagedHttpClientConnection.java DEBUG [Forwarding maximizeCurrentWindow on session ed2bad967aeb764493be62336a00b0fe to remote] http.headers 136 - http-outgoing-196 &gt;&gt; Connection: Keep-Alive
12-25-2017 21:23:02 LoggingManagedHttpClientConnection.java DEBUG [Forwarding maximizeCurrentWindow on session ed2bad967aeb764493be62336a00b0fe to remote] http.headers 136 - http-outgoing-196 &gt;&gt; User-Agent: Apache-HttpClient/4.5.3 (Java/1.8.0_151)
12-25-2017 21:23:02 LoggingManagedHttpClientConnection.java DEBUG [Forwarding maximizeCurrentWindow on session ed2bad967aeb764493be62336a00b0fe to remote] http.headers 136 - http-outgoing-196 &gt;&gt; Accept-Encoding: gzip,deflate
12-25-2017 21:23:02 Wire.java DEBUG [Forwarding maximizeCurrentWindow on session ed2bad967aeb764493be62336a00b0fe to remote] http.wire 73 - http-outgoing-196 &gt;&gt; &quot;POST /session/ed2bad967aeb764493be62336a00b0fe/window/current/maximize HTTP/1.1[\r][\n]&quot;
12-25-2017 21:23:02 Wire.java DEBUG [Forwarding maximizeCurrentWindow on session ed2bad967aeb764493be62336a00b0fe to remote] http.wire 73 - http-outgoing-196 &gt;&gt; &quot;Content-Type: application/json; charset=utf-8[\r][\n]&quot;
12-25-2017 21:23:02 Wire.java DEBUG [Forwarding maximizeCurrentWindow on session ed2bad967aeb764493be62336a00b0fe to remote] http.wire 73 - http-outgoing-196 &gt;&gt; &quot;Content-Length: 45[\r][\n]&quot;
12-25-2017 21:23:02 Wire.java DEBUG [Forwarding maximizeCurrentWindow on session ed2bad967aeb764493be62336a00b0fe to remote] http.wire 73 - http-outgoing-196 &gt;&gt; &quot;Host: localhost:28708[\r][\n]&quot;
12-25-2017 21:23:02 Wire.java DEBUG [Forwarding maximizeCurrentWindow on session ed2bad967aeb764493be62336a00b0fe to remote] http.wire 73 - http-outgoing-196 &gt;&gt; &quot;Connection: Keep-Alive[\r][\n]&quot;
12-25-2017 21:23:02 Wire.java DEBUG [Forwarding maximizeCurrentWindow on session ed2bad967aeb764493be62336a00b0fe to remote] http.wire 73 - http-outgoing-196 &gt;&gt; &quot;User-Agent: Apache-HttpClient/4.5.3 (Java/1.8.0_151)[\r][\n]&quot;
12-25-2017 21:23:02 Wire.java DEBUG [Forwarding maximizeCurrentWindow on session ed2bad967aeb764493be62336a00b0fe to remote] http.wire 73 - http-outgoing-196 &gt;&gt; &quot;Accept-Encoding: gzip,deflate[\r][\n]&quot;
12-25-2017 21:23:02 Wire.java DEBUG [Forwarding maximizeCurrentWindow on session ed2bad967aeb764493be62336a00b0fe to remote] http.wire 73 - http-outgoing-196 &gt;&gt; &quot;[\r][\n]&quot;
12-25-2017 21:23:02 Wire.java DEBUG [Forwarding maximizeCurrentWindow on session ed2bad967aeb764493be62336a00b0fe to remote] http.wire 87 - http-outgoing-196 &gt;&gt; &quot;{&quot;windowHandle&quot;:&quot;current&quot;,&quot;handle&quot;:&quot;current&quot;}&quot;
12-25-2017 21:23:03 Wire.java DEBUG [Forwarding maximizeCurrentWindow on session ed2bad967aeb764493be62336a00b0fe to remote] http.wire 73 - http-outgoing-196 &lt;&lt; &quot;HTTP/1.1 200 OK[\r][\n]&quot;
12-25-2017 21:23:03 Wire.java DEBUG [Forwarding maximizeCurrentWindow on session ed2bad967aeb764493be62336a00b0fe to remote] http.wire 73 - http-outgoing-196 &lt;&lt; &quot;Content-Length:72[\r][\n]&quot;
12-25-2017 21:23:03 Wire.java DEBUG [Forwarding maximizeCurrentWindow on session ed2bad967aeb764493be62336a00b0fe to remote] http.wire 73 - http-outgoing-196 &lt;&lt; &quot;Content-Type:application/json; charset=utf-8[\r][\n]&quot;
12-25-2017 21:23:03 Wire.java DEBUG [Forwarding maximizeCurrentWindow on session ed2bad967aeb764493be62336a00b0fe to remote] http.wire 73 - http-outgoing-196 &lt;&lt; &quot;Connection:close[\r][\n]&quot;
12-25-2017 21:23:03 Wire.java DEBUG [Forwarding maximizeCurrentWindow on session ed2bad967aeb764493be62336a00b0fe to remote] http.wire 73 - http-outgoing-196 &lt;&lt; &quot;[\r][\n]&quot;
12-25-2017 21:23:03 Wire.java DEBUG [Forwarding maximizeCurrentWindow on session ed2bad967aeb764493be62336a00b0fe to remote] http.wire 87 - http-outgoing-196 &lt;&lt; &quot;{&quot;sessionId&quot;:&quot;ed2bad967aeb764493be62336a00b0fe&quot;,&quot;status&quot;:0,&quot;value&quot;:null}&quot;
12-25-2017 21:23:03 LoggingManagedHttpClientConnection.java DEBUG [Forwarding maximizeCurrentWindow on session ed2bad967aeb764493be62336a00b0fe to remote] http.headers 122 - http-outgoing-196 &lt;&lt; HTTP/1.1 200 OK
12-25-2017 21:23:03 LoggingManagedHttpClientConnection.java DEBUG [Forwarding maximizeCurrentWindow on session ed2bad967aeb764493be62336a00b0fe to remote] http.headers 125 - http-outgoing-196 &lt;&lt; Content-Length:72
12-25-2017 21:23:03 LoggingManagedHttpClientConnection.java DEBUG [Forwarding maximizeCurrentWindow on session ed2bad967aeb764493be62336a00b0fe to remote] http.headers 125 - http-outgoing-196 &lt;&lt; Content-Type:application/json; charset=utf-8
12-25-2017 21:23:03 LoggingManagedHttpClientConnection.java DEBUG [Forwarding maximizeCurrentWindow on session ed2bad967aeb764493be62336a00b0fe to remote] http.headers 125 - http-outgoing-196 &lt;&lt; Connection:close
12-25-2017 21:23:03 LoggingManagedHttpClientConnection.java DEBUG [Forwarding maximizeCurrentWindow on session ed2bad967aeb764493be62336a00b0fe to remote] conn.DefaultManagedHttpClientConnection 79 - http-outgoing-196: Close connection
12-25-2017 21:23:03 ConnectionHolder.java DEBUG [Forwarding maximizeCurrentWindow on session ed2bad967aeb764493be62336a00b0fe to remote] execchain.MainClientExec 104 - Connection discarded
12-25-2017 21:23:03 PoolingHttpClientConnectionManager.java DEBUG [Forwarding maximizeCurrentWindow on session ed2bad967aeb764493be62336a00b0fe to remote] conn.PoolingHttpClientConnectionManager 326 - Connection released: [id: 196][route: {}-&gt;http://localhost:28708][total kept alive: 0; route allocated: 0 of 2000; total allocated: 0 of 2000]
12-25-2017 21:23:03 RequestAddCookies.java DEBUG [Forwarding deleteAllCookies on session ed2bad967aeb764493be62336a00b0fe to remote] protocol.RequestAddCookies 123 - CookieSpec selected: default
12-25-2017 21:23:03 RequestAuthCache.java DEBUG [Forwarding deleteAllCookies on session ed2bad967aeb764493be62336a00b0fe to remote] protocol.RequestAuthCache 77 - Auth cache not set in the context
12-25-2017 21:23:03 PoolingHttpClientConnectionManager.java DEBUG [Forwarding deleteAllCookies on session ed2bad967aeb764493be62336a00b0fe to remote] conn.PoolingHttpClientConnectionManager 255 - Connection request: [route: {}-&gt;http://localhost:28708][total kept alive: 0; route allocated: 0 of 2000; total allocated: 0 of 2000]
12-25-2017 21:23:03 PoolingHttpClientConnectionManager.java DEBUG [Forwarding deleteAllCookies on session ed2bad967aeb764493be62336a00b0fe to remote] conn.PoolingHttpClientConnectionManager 288 - Connection leased: [id: 197][route: {}-&gt;http://localhost:28708][total kept alive: 0; route allocated: 1 of 2000; total allocated: 1 of 2000]
12-25-2017 21:23:03 MainClientExec.java DEBUG [Forwarding deleteAllCookies on session ed2bad967aeb764493be62336a00b0fe to remote] execchain.MainClientExec 235 - Opening connection {}-&gt;http://localhost:28708
12-25-2017 21:23:03 DefaultHttpClientConnectionOperator.java DEBUG [Forwarding deleteAllCookies on session ed2bad967aeb764493be62336a00b0fe to remote] conn.DefaultHttpClientConnectionOperator 139 - Connecting to localhost/127.0.0.1:28708
12-25-2017 21:23:03 DefaultHttpClientConnectionOperator.java DEBUG [Forwarding deleteAllCookies on session ed2bad967aeb764493be62336a00b0fe to remote] conn.DefaultHttpClientConnectionOperator 146 - Connection established 127.0.0.1:50472&lt;-&gt;127.0.0.1:28708
12-25-2017 21:23:03 LoggingManagedHttpClientConnection.java DEBUG [Forwarding deleteAllCookies on session ed2bad967aeb764493be62336a00b0fe to remote] conn.DefaultManagedHttpClientConnection 88 - http-outgoing-197: set socket timeout to 10800000
12-25-2017 21:23:03 MainClientExec.java DEBUG [Forwarding deleteAllCookies on session ed2bad967aeb764493be62336a00b0fe to remote] execchain.MainClientExec 256 - Executing request DELETE /session/ed2bad967aeb764493be62336a00b0fe/cookie HTTP/1.1
12-25-2017 21:23:03 MainClientExec.java DEBUG [Forwarding deleteAllCookies on session ed2bad967aeb764493be62336a00b0fe to remote] execchain.MainClientExec 261 - Target auth state: UNCHALLENGED
12-25-2017 21:23:03 MainClientExec.java DEBUG [Forwarding deleteAllCookies on session ed2bad967aeb764493be62336a00b0fe to remote] execchain.MainClientExec 267 - Proxy auth state: UNCHALLENGED
12-25-2017 21:23:03 LoggingManagedHttpClientConnection.java DEBUG [Forwarding deleteAllCookies on session ed2bad967aeb764493be62336a00b0fe to remote] http.headers 133 - http-outgoing-197 &gt;&gt; DELETE /session/ed2bad967aeb764493be62336a00b0fe/cookie HTTP/1.1
12-25-2017 21:23:03 LoggingManagedHttpClientConnection.java DEBUG [Forwarding deleteAllCookies on session ed2bad967aeb764493be62336a00b0fe to remote] http.headers 136 - http-outgoing-197 &gt;&gt; Host: localhost:28708
12-25-2017 21:23:03 LoggingManagedHttpClientConnection.java DEBUG [Forwarding deleteAllCookies on session ed2bad967aeb764493be62336a00b0fe to remote] http.headers 136 - http-outgoing-197 &gt;&gt; Connection: Keep-Alive
12-25-2017 21:23:03 LoggingManagedHttpClientConnection.java DEBUG [Forwarding deleteAllCookies on session ed2bad967aeb764493be62336a00b0fe to remote] http.headers 136 - http-outgoing-197 &gt;&gt; User-Agent: Apache-HttpClient/4.5.3 (Java/1.8.0_151)
12-25-2017 21:23:03 LoggingManagedHttpClientConnection.java DEBUG [Forwarding deleteAllCookies on session ed2bad967aeb764493be62336a00b0fe to remote] http.headers 136 - http-outgoing-197 &gt;&gt; Accept-Encoding: gzip,deflate
12-25-2017 21:23:03 Wire.java DEBUG [Forwarding deleteAllCookies on session ed2bad967aeb764493be62336a00b0fe to remote] http.wire 73 - http-outgoing-197 &gt;&gt; &quot;DELETE /session/ed2bad967aeb764493be62336a00b0fe/cookie HTTP/1.1[\r][\n]&quot;
12-25-2017 21:23:03 Wire.java DEBUG [Forwarding deleteAllCookies on session ed2bad967aeb764493be62336a00b0fe to remote] http.wire 73 - http-outgoing-197 &gt;&gt; &quot;Host: localhost:28708[\r][\n]&quot;
12-25-2017 21:23:03 Wire.java DEBUG [Forwarding deleteAllCookies on session ed2bad967aeb764493be62336a00b0fe to remote] http.wire 73 - http-outgoing-197 &gt;&gt; &quot;Connection: Keep-Alive[\r][\n]&quot;
12-25-2017 21:23:03 Wire.java DEBUG [Forwarding deleteAllCookies on session ed2bad967aeb764493be62336a00b0fe to remote] http.wire 73 - http-outgoing-197 &gt;&gt; &quot;User-Agent: Apache-HttpClient/4.5.3 (Java/1.8.0_151)[\r][\n]&quot;
12-25-2017 21:23:03 Wire.java DEBUG [Forwarding deleteAllCookies on session ed2bad967aeb764493be62336a00b0fe to remote] http.wire 73 - http-outgoing-197 &gt;&gt; &quot;Accept-Encoding: gzip,deflate[\r][\n]&quot;
12-25-2017 21:23:03 Wire.java DEBUG [Forwarding deleteAllCookies on session ed2bad967aeb764493be62336a00b0fe to remote] http.wire 73 - http-outgoing-197 &gt;&gt; &quot;[\r][\n]&quot;
12-25-2017 21:23:03 Wire.java DEBUG [Forwarding deleteAllCookies on session ed2bad967aeb764493be62336a00b0fe to remote] http.wire 73 - http-outgoing-197 &lt;&lt; &quot;HTTP/1.1 200 OK[\r][\n]&quot;
12-25-2017 21:23:03 Wire.java DEBUG [Forwarding deleteAllCookies on session ed2bad967aeb764493be62336a00b0fe to remote] http.wire 73 - http-outgoing-197 &lt;&lt; &quot;Content-Length:72[\r][\n]&quot;
12-25-2017 21:23:03 Wire.java DEBUG [Forwarding deleteAllCookies on session ed2bad967aeb764493be62336a00b0fe to remote] http.wire 73 - http-outgoing-197 &lt;&lt; &quot;Content-Type:application/json; charset=utf-8[\r][\n]&quot;
12-25-2017 21:23:03 Wire.java DEBUG [Forwarding deleteAllCookies on session ed2bad967aeb764493be62336a00b0fe to remote] http.wire 73 - http-outgoing-197 &lt;&lt; &quot;Connection:close[\r][\n]&quot;
12-25-2017 21:23:03 Wire.java DEBUG [Forwarding deleteAllCookies on session ed2bad967aeb764493be62336a00b0fe to remote] http.wire 73 - http-outgoing-197 &lt;&lt; &quot;[\r][\n]&quot;
12-25-2017 21:23:03 Wire.java DEBUG [Forwarding deleteAllCookies on session ed2bad967aeb764493be62336a00b0fe to remote] http.wire 87 - http-outgoing-197 &lt;&lt; &quot;{&quot;sessionId&quot;:&quot;ed2bad967aeb764493be62336a00b0fe&quot;,&quot;status&quot;:0,&quot;value&quot;:null}&quot;
12-25-2017 21:23:03 LoggingManagedHttpClientConnection.java DEBUG [Forwarding deleteAllCookies on session ed2bad967aeb764493be62336a00b0fe to remote] http.headers 122 - http-outgoing-197 &lt;&lt; HTTP/1.1 200 OK
12-25-2017 21:23:03 LoggingManagedHttpClientConnection.java DEBUG [Forwarding deleteAllCookies on session ed2bad967aeb764493be62336a00b0fe to remote] http.headers 125 - http-outgoing-197 &lt;&lt; Content-Length:72
12-25-2017 21:23:03 LoggingManagedHttpClientConnection.java DEBUG [Forwarding deleteAllCookies on session ed2bad967aeb764493be62336a00b0fe to remote] http.headers 125 - http-outgoing-197 &lt;&lt; Content-Type:application/json; charset=utf-8
12-25-2017 21:23:03 LoggingManagedHttpClientConnection.java DEBUG [Forwarding deleteAllCookies on session ed2bad967aeb764493be62336a00b0fe to remote] http.headers 125 - http-outgoing-197 &lt;&lt; Connection:close
12-25-2017 21:23:03 LoggingManagedHttpClientConnection.java DEBUG [Forwarding deleteAllCookies on session ed2bad967aeb764493be62336a00b0fe to remote] conn.DefaultManagedHttpClientConnection 79 - http-outgoing-197: Close connection
12-25-2017 21:23:03 ConnectionHolder.java DEBUG [Forwarding deleteAllCookies on session ed2bad967aeb764493be62336a00b0fe to remote] execchain.MainClientExec 104 - Connection discarded
12-25-2017 21:23:03 PoolingHttpClientConnectionManager.java DEBUG [Forwarding deleteAllCookies on session ed2bad967aeb764493be62336a00b0fe to remote] conn.PoolingHttpClientConnectionManager 326 - Connection released: [id: 197][route: {}-&gt;http://localhost:28708][total kept alive: 0; route allocated: 0 of 2000; total allocated: 0 of 2000]
12-25-2017 21:23:03 RequestAddCookies.java DEBUG [Forwarding setTimeout on session ed2bad967aeb764493be62336a00b0fe to remote] protocol.RequestAddCookies 123 - CookieSpec selected: default
12-25-2017 21:23:03 RequestAuthCache.java DEBUG [Forwarding setTimeout on session ed2bad967aeb764493be62336a00b0fe to remote] protocol.RequestAuthCache 77 - Auth cache not set in the context
12-25-2017 21:23:03 PoolingHttpClientConnectionManager.java DEBUG [Forwarding setTimeout on session ed2bad967aeb764493be62336a00b0fe to remote] conn.PoolingHttpClientConnectionManager 255 - Connection request: [route: {}-&gt;http://localhost:28708][total kept alive: 0; route allocated: 0 of 2000; total allocated: 0 of 2000]
12-25-2017 21:23:03 PoolingHttpClientConnectionManager.java DEBUG [Forwarding setTimeout on session ed2bad967aeb764493be62336a00b0fe to remote] conn.PoolingHttpClientConnectionManager 288 - Connection leased: [id: 198][route: {}-&gt;http://localhost:28708][total kept alive: 0; route allocated: 1 of 2000; total allocated: 1 of 2000]
12-25-2017 21:23:03 MainClientExec.java DEBUG [Forwarding setTimeout on session ed2bad967aeb764493be62336a00b0fe to remote] execchain.MainClientExec 235 - Opening connection {}-&gt;http://localhost:28708
12-25-2017 21:23:03 DefaultHttpClientConnectionOperator.java DEBUG [Forwarding setTimeout on session ed2bad967aeb764493be62336a00b0fe to remote] conn.DefaultHttpClientConnectionOperator 139 - Connecting to localhost/127.0.0.1:28708
12-25-2017 21:23:03 DefaultHttpClientConnectionOperator.java DEBUG [Forwarding setTimeout on session ed2bad967aeb764493be62336a00b0fe to remote] conn.DefaultHttpClientConnectionOperator 146 - Connection established 127.0.0.1:50474&lt;-&gt;127.0.0.1:28708
12-25-2017 21:23:03 LoggingManagedHttpClientConnection.java DEBUG [Forwarding setTimeout on session ed2bad967aeb764493be62336a00b0fe to remote] conn.DefaultManagedHttpClientConnection 88 - http-outgoing-198: set socket timeout to 10800000
12-25-2017 21:23:03 MainClientExec.java DEBUG [Forwarding setTimeout on session ed2bad967aeb764493be62336a00b0fe to remote] execchain.MainClientExec 256 - Executing request POST /session/ed2bad967aeb764493be62336a00b0fe/timeouts HTTP/1.1
12-25-2017 21:23:03 MainClientExec.java DEBUG [Forwarding setTimeout on session ed2bad967aeb764493be62336a00b0fe to remote] execchain.MainClientExec 261 - Target auth state: UNCHALLENGED
12-25-2017 21:23:03 MainClientExec.java DEBUG [Forwarding setTimeout on session ed2bad967aeb764493be62336a00b0fe to remote] execchain.MainClientExec 267 - Proxy auth state: UNCHALLENGED
12-25-2017 21:23:03 LoggingManagedHttpClientConnection.java DEBUG [Forwarding setTimeout on session ed2bad967aeb764493be62336a00b0fe to remote] http.headers 133 - http-outgoing-198 &gt;&gt; POST /session/ed2bad967aeb764493be62336a00b0fe/timeouts HTTP/1.1
12-25-2017 21:23:03 LoggingManagedHttpClientConnection.java DEBUG [Forwarding setTimeout on session ed2bad967aeb764493be62336a00b0fe to remote] http.headers 136 - http-outgoing-198 &gt;&gt; Content-Type: application/json; charset=utf-8
12-25-2017 21:23:03 LoggingManagedHttpClientConnection.java DEBUG [Forwarding setTimeout on session ed2bad967aeb764493be62336a00b0fe to remote] http.headers 136 - http-outgoing-198 &gt;&gt; Content-Length: 31
12-25-2017 21:23:03 LoggingManagedHttpClientConnection.java DEBUG [Forwarding setTimeout on session ed2bad967aeb764493be62336a00b0fe to remote] http.headers 136 - http-outgoing-198 &gt;&gt; Host: localhost:28708
12-25-2017 21:23:03 LoggingManagedHttpClientConnection.java DEBUG [Forwarding setTimeout on session ed2bad967aeb764493be62336a00b0fe to remote] http.headers 136 - http-outgoing-198 &gt;&gt; Connection: Keep-Alive
12-25-2017 21:23:03 LoggingManagedHttpClientConnection.java DEBUG [Forwarding setTimeout on session ed2bad967aeb764493be62336a00b0fe to remote] http.headers 136 - http-outgoing-198 &gt;&gt; User-Agent: Apache-HttpClient/4.5.3 (Java/1.8.0_151)
12-25-2017 21:23:03 LoggingManagedHttpClientConnection.java DEBUG [Forwarding setTimeout on session ed2bad967aeb764493be62336a00b0fe to remote] http.headers 136 - http-outgoing-198 &gt;&gt; Accept-Encoding: gzip,deflate
12-25-2017 21:23:03 Wire.java DEBUG [Forwarding setTimeout on session ed2bad967aeb764493be62336a00b0fe to remote] http.wire 73 - http-outgoing-198 &gt;&gt; &quot;POST /session/ed2bad967aeb764493be62336a00b0fe/timeouts HTTP/1.1[\r][\n]&quot;
12-25-2017 21:23:03 Wire.java DEBUG [Forwarding setTimeout on session ed2bad967aeb764493be62336a00b0fe to remote] http.wire 73 - http-outgoing-198 &gt;&gt; &quot;Content-Type: application/json; charset=utf-8[\r][\n]&quot;
12-25-2017 21:23:03 Wire.java DEBUG [Forwarding setTimeout on session ed2bad967aeb764493be62336a00b0fe to remote] http.wire 73 - http-outgoing-198 &gt;&gt; &quot;Content-Length: 31[\r][\n]&quot;
12-25-2017 21:23:03 Wire.java DEBUG [Forwarding setTimeout on session ed2bad967aeb764493be62336a00b0fe to remote] http.wire 73 - http-outgoing-198 &gt;&gt; &quot;Host: localhost:28708[\r][\n]&quot;
12-25-2017 21:23:03 Wire.java DEBUG [Forwarding setTimeout on session ed2bad967aeb764493be62336a00b0fe to remote] http.wire 73 - http-outgoing-198 &gt;&gt; &quot;Connection: Keep-Alive[\r][\n]&quot;
12-25-2017 21:23:03 Wire.java DEBUG [Forwarding setTimeout on session ed2bad967aeb764493be62336a00b0fe to remote] http.wire 73 - http-outgoing-198 &gt;&gt; &quot;User-Agent: Apache-HttpClient/4.5.3 (Java/1.8.0_151)[\r][\n]&quot;
12-25-2017 21:23:03 Wire.java DEBUG [Forwarding setTimeout on session ed2bad967aeb764493be62336a00b0fe to remote] http.wire 73 - http-outgoing-198 &gt;&gt; &quot;Accept-Encoding: gzip,deflate[\r][\n]&quot;
12-25-2017 21:23:03 Wire.java DEBUG [Forwarding setTimeout on session ed2bad967aeb764493be62336a00b0fe to remote] http.wire 73 - http-outgoing-198 &gt;&gt; &quot;[\r][\n]&quot;
12-25-2017 21:23:03 Wire.java DEBUG [Forwarding setTimeout on session ed2bad967aeb764493be62336a00b0fe to remote] http.wire 87 - http-outgoing-198 &gt;&gt; &quot;{&quot;type&quot;:&quot;page load&quot;,&quot;ms&quot;:40000}&quot;
12-25-2017 21:23:03 Wire.java DEBUG [Forwarding setTimeout on session ed2bad967aeb764493be62336a00b0fe to remote] http.wire 73 - http-outgoing-198 &lt;&lt; &quot;HTTP/1.1 200 OK[\r][\n]&quot;
12-25-2017 21:23:03 Wire.java DEBUG [Forwarding setTimeout on session ed2bad967aeb764493be62336a00b0fe to remote] http.wire 73 - http-outgoing-198 &lt;&lt; &quot;Content-Length:72[\r][\n]&quot;
12-25-2017 21:23:03 Wire.java DEBUG [Forwarding setTimeout on session ed2bad967aeb764493be62336a00b0fe to remote] http.wire 73 - http-outgoing-198 &lt;&lt; &quot;Content-Type:application/json; charset=utf-8[\r][\n]&quot;
12-25-2017 21:23:03 Wire.java DEBUG [Forwarding setTimeout on session ed2bad967aeb764493be62336a00b0fe to remote] http.wire 73 - http-outgoing-198 &lt;&lt; &quot;Connection:close[\r][\n]&quot;
12-25-2017 21:23:03 Wire.java DEBUG [Forwarding setTimeout on session ed2bad967aeb764493be62336a00b0fe to remote] http.wire 73 - http-outgoing-198 &lt;&lt; &quot;[\r][\n]&quot;
12-25-2017 21:23:03 Wire.java DEBUG [Forwarding setTimeout on session ed2bad967aeb764493be62336a00b0fe to remote] http.wire 87 - http-outgoing-198 &lt;&lt; &quot;{&quot;sessionId&quot;:&quot;ed2bad967aeb764493be62336a00b0fe&quot;,&quot;status&quot;:0,&quot;value&quot;:null}&quot;
12-25-2017 21:23:03 LoggingManagedHttpClientConnection.java DEBUG [Forwarding setTimeout on session ed2bad967aeb764493be62336a00b0fe to remote] http.headers 122 - http-outgoing-198 &lt;&lt; HTTP/1.1 200 OK
12-25-2017 21:23:03 LoggingManagedHttpClientConnection.java DEBUG [Forwarding setTimeout on session ed2bad967aeb764493be62336a00b0fe to remote] http.headers 125 - http-outgoing-198 &lt;&lt; Content-Length:72
12-25-2017 21:23:03 LoggingManagedHttpClientConnection.java DEBUG [Forwarding setTimeout on session ed2bad967aeb764493be62336a00b0fe to remote] http.headers 125 - http-outgoing-198 &lt;&lt; Content-Type:application/json; charset=utf-8
12-25-2017 21:23:03 LoggingManagedHttpClientConnection.java DEBUG [Forwarding setTimeout on session ed2bad967aeb764493be62336a00b0fe to remote] http.headers 125 - http-outgoing-198 &lt;&lt; Connection:close
12-25-2017 21:23:03 LoggingManagedHttpClientConnection.java DEBUG [Forwarding setTimeout on session ed2bad967aeb764493be62336a00b0fe to remote] conn.DefaultManagedHttpClientConnection 79 - http-outgoing-198: Close connection
12-25-2017 21:23:03 ConnectionHolder.java DEBUG [Forwarding setTimeout on session ed2bad967aeb764493be62336a00b0fe to remote] execchain.MainClientExec 104 - Connection discarded
12-25-2017 21:23:03 PoolingHttpClientConnectionManager.java DEBUG [Forwarding setTimeout on session ed2bad967aeb764493be62336a00b0fe to remote] conn.PoolingHttpClientConnectionManager 326 - Connection released: [id: 198][route: {}-&gt;http://localhost:28708][total kept alive: 0; route allocated: 0 of 2000; total allocated: 0 of 2000]
12-25-2017 21:23:03 RequestAddCookies.java DEBUG [Forwarding setTimeout on session ed2bad967aeb764493be62336a00b0fe to remote] protocol.RequestAddCookies 123 - CookieSpec selected: default
12-25-2017 21:23:03 RequestAuthCache.java DEBUG [Forwarding setTimeout on session ed2bad967aeb764493be62336a00b0fe to remote] protocol.RequestAuthCache 77 - Auth cache not set in the context
12-25-2017 21:23:03 PoolingHttpClientConnectionManager.java DEBUG [Forwarding setTimeout on session ed2bad967aeb764493be62336a00b0fe to remote] conn.PoolingHttpClientConnectionManager 255 - Connection request: [route: {}-&gt;http://localhost:28708][total kept alive: 0; route allocated: 0 of 2000; total allocated: 0 of 2000]
12-25-2017 21:23:03 PoolingHttpClientConnectionManager.java DEBUG [Forwarding setTimeout on session ed2bad967aeb764493be62336a00b0fe to remote] conn.PoolingHttpClientConnectionManager 288 - Connection leased: [id: 199][route: {}-&gt;http://localhost:28708][total kept alive: 0; route allocated: 1 of 2000; total allocated: 1 of 2000]
12-25-2017 21:23:03 MainClientExec.java DEBUG [Forwarding setTimeout on session ed2bad967aeb764493be62336a00b0fe to remote] execchain.MainClientExec 235 - Opening connection {}-&gt;http://localhost:28708
12-25-2017 21:23:03 DefaultHttpClientConnectionOperator.java DEBUG [Forwarding setTimeout on session ed2bad967aeb764493be62336a00b0fe to remote] conn.DefaultHttpClientConnectionOperator 139 - Connecting to localhost/127.0.0.1:28708
12-25-2017 21:23:03 DefaultHttpClientConnectionOperator.java DEBUG [Forwarding setTimeout on session ed2bad967aeb764493be62336a00b0fe to remote] conn.DefaultHttpClientConnectionOperator 146 - Connection established 127.0.0.1:50475&lt;-&gt;127.0.0.1:28708
12-25-2017 21:23:03 LoggingManagedHttpClientConnection.java DEBUG [Forwarding setTimeout on session ed2bad967aeb764493be62336a00b0fe to remote] conn.DefaultManagedHttpClientConnection 88 - http-outgoing-199: set socket timeout to 10800000
12-25-2017 21:23:03 MainClientExec.java DEBUG [Forwarding setTimeout on session ed2bad967aeb764493be62336a00b0fe to remote] execchain.MainClientExec 256 - Executing request POST /session/ed2bad967aeb764493be62336a00b0fe/timeouts HTTP/1.1
12-25-2017 21:23:03 MainClientExec.java DEBUG [Forwarding setTimeout on session ed2bad967aeb764493be62336a00b0fe to remote] execchain.MainClientExec 261 - Target auth state: UNCHALLENGED
12-25-2017 21:23:03 MainClientExec.java DEBUG [Forwarding setTimeout on session ed2bad967aeb764493be62336a00b0fe to remote] execchain.MainClientExec 267 - Proxy auth state: UNCHALLENGED
12-25-2017 21:23:03 LoggingManagedHttpClientConnection.java DEBUG [Forwarding setTimeout on session ed2bad967aeb764493be62336a00b0fe to remote] http.headers 133 - http-outgoing-199 &gt;&gt; POST /session/ed2bad967aeb764493be62336a00b0fe/timeouts HTTP/1.1
12-25-2017 21:23:03 LoggingManagedHttpClientConnection.java DEBUG [Forwarding setTimeout on session ed2bad967aeb764493be62336a00b0fe to remote] http.headers 136 - http-outgoing-199 &gt;&gt; Content-Type: application/json; charset=utf-8
12-25-2017 21:23:03 LoggingManagedHttpClientConnection.java DEBUG [Forwarding setTimeout on session ed2bad967aeb764493be62336a00b0fe to remote] http.headers 136 - http-outgoing-199 &gt;&gt; Content-Length: 30
12-25-2017 21:23:03 LoggingManagedHttpClientConnection.java DEBUG [Forwarding setTimeout on session ed2bad967aeb764493be62336a00b0fe to remote] http.headers 136 - http-outgoing-199 &gt;&gt; Host: localhost:28708
12-25-2017 21:23:03 LoggingManagedHttpClientConnection.java DEBUG [Forwarding setTimeout on session ed2bad967aeb764493be62336a00b0fe to remote] http.headers 136 - http-outgoing-199 &gt;&gt; Connection: Keep-Alive
12-25-2017 21:23:03 LoggingManagedHttpClientConnection.java DEBUG [Forwarding setTimeout on session ed2bad967aeb764493be62336a00b0fe to remote] http.headers 136 - http-outgoing-199 &gt;&gt; User-Agent: Apache-HttpClient/4.5.3 (Java/1.8.0_151)
12-25-2017 21:23:03 LoggingManagedHttpClientConnection.java DEBUG [Forwarding setTimeout on session ed2bad967aeb764493be62336a00b0fe to remote] http.headers 136 - http-outgoing-199 &gt;&gt; Accept-Encoding: gzip,deflate
12-25-2017 21:23:03 Wire.java DEBUG [Forwarding setTimeout on session ed2bad967aeb764493be62336a00b0fe to remote] http.wire 73 - http-outgoing-199 &gt;&gt; &quot;POST /session/ed2bad967aeb764493be62336a00b0fe/timeouts HTTP/1.1[\r][\n]&quot;
12-25-2017 21:23:03 Wire.java DEBUG [Forwarding setTimeout on session ed2bad967aeb764493be62336a00b0fe to remote] http.wire 73 - http-outgoing-199 &gt;&gt; &quot;Content-Type: application/json; charset=utf-8[\r][\n]&quot;
12-25-2017 21:23:03 Wire.java DEBUG [Forwarding setTimeout on session ed2bad967aeb764493be62336a00b0fe to remote] http.wire 73 - http-outgoing-199 &gt;&gt; &quot;Content-Length: 30[\r][\n]&quot;
12-25-2017 21:23:03 Wire.java DEBUG [Forwarding setTimeout on session ed2bad967aeb764493be62336a00b0fe to remote] http.wire 73 - http-outgoing-199 &gt;&gt; &quot;Host: localhost:28708[\r][\n]&quot;
12-25-2017 21:23:03 Wire.java DEBUG [Forwarding setTimeout on session ed2bad967aeb764493be62336a00b0fe to remote] http.wire 73 - http-outgoing-199 &gt;&gt; &quot;Connection: Keep-Alive[\r][\n]&quot;
12-25-2017 21:23:03 Wire.java DEBUG [Forwarding setTimeout on session ed2bad967aeb764493be62336a00b0fe to remote] http.wire 73 - http-outgoing-199 &gt;&gt; &quot;User-Agent: Apache-HttpClient/4.5.3 (Java/1.8.0_151)[\r][\n]&quot;
12-25-2017 21:23:03 Wire.java DEBUG [Forwarding setTimeout on session ed2bad967aeb764493be62336a00b0fe to remote] http.wire 73 - http-outgoing-199 &gt;&gt; &quot;Accept-Encoding: gzip,deflate[\r][\n]&quot;
12-25-2017 21:23:03 Wire.java DEBUG [Forwarding setTimeout on session ed2bad967aeb764493be62336a00b0fe to remote] http.wire 73 - http-outgoing-199 &gt;&gt; &quot;[\r][\n]&quot;
12-25-2017 21:23:03 Wire.java DEBUG [Forwarding setTimeout on session ed2bad967aeb764493be62336a00b0fe to remote] http.wire 87 - http-outgoing-199 &gt;&gt; &quot;{&quot;type&quot;:&quot;implicit&quot;,&quot;ms&quot;:20000}&quot;
12-25-2017 21:23:03 Wire.java DEBUG [Forwarding setTimeout on session ed2bad967aeb764493be62336a00b0fe to remote] http.wire 73 - http-outgoing-199 &lt;&lt; &quot;HTTP/1.1 200 OK[\r][\n]&quot;
12-25-2017 21:23:03 Wire.java DEBUG [Forwarding setTimeout on session ed2bad967aeb764493be62336a00b0fe to remote] http.wire 73 - http-outgoing-199 &lt;&lt; &quot;Content-Length:72[\r][\n]&quot;
12-25-2017 21:23:03 Wire.java DEBUG [Forwarding setTimeout on session ed2bad967aeb764493be62336a00b0fe to remote] http.wire 73 - http-outgoing-199 &lt;&lt; &quot;Content-Type:application/json; charset=utf-8[\r][\n]&quot;
12-25-2017 21:23:03 Wire.java DEBUG [Forwarding setTimeout on session ed2bad967aeb764493be62336a00b0fe to remote] http.wire 73 - http-outgoing-199 &lt;&lt; &quot;Connection:close[\r][\n]&quot;
12-25-2017 21:23:03 Wire.java DEBUG [Forwarding setTimeout on session ed2bad967aeb764493be62336a00b0fe to remote] http.wire 73 - http-outgoing-199 &lt;&lt; &quot;[\r][\n]&quot;
12-25-2017 21:23:03 Wire.java DEBUG [Forwarding setTimeout on session ed2bad967aeb764493be62336a00b0fe to remote] http.wire 87 - http-outgoing-199 &lt;&lt; &quot;{&quot;sessionId&quot;:&quot;ed2bad967aeb764493be62336a00b0fe&quot;,&quot;status&quot;:0,&quot;value&quot;:null}&quot;
12-25-2017 21:23:03 LoggingManagedHttpClientConnection.java DEBUG [Forwarding setTimeout on session ed2bad967aeb764493be62336a00b0fe to remote] http.headers 122 - http-outgoing-199 &lt;&lt; HTTP/1.1 200 OK
12-25-2017 21:23:03 LoggingManagedHttpClientConnection.java DEBUG [Forwarding setTimeout on session ed2bad967aeb764493be62336a00b0fe to remote] http.headers 125 - http-outgoing-199 &lt;&lt; Content-Length:72
12-25-2017 21:23:03 LoggingManagedHttpClientConnection.java DEBUG [Forwarding setTimeout on session ed2bad967aeb764493be62336a00b0fe to remote] http.headers 125 - http-outgoing-199 &lt;&lt; Content-Type:application/json; charset=utf-8
12-25-2017 21:23:03 LoggingManagedHttpClientConnection.java DEBUG [Forwarding setTimeout on session ed2bad967aeb764493be62336a00b0fe to remote] http.headers 125 - http-outgoing-199 &lt;&lt; Connection:close
12-25-2017 21:23:03 LoggingManagedHttpClientConnection.java DEBUG [Forwarding setTimeout on session ed2bad967aeb764493be62336a00b0fe to remote] conn.DefaultManagedHttpClientConnection 79 - http-outgoing-199: Close connection
12-25-2017 21:23:03 ConnectionHolder.java DEBUG [Forwarding setTimeout on session ed2bad967aeb764493be62336a00b0fe to remote] execchain.MainClientExec 104 - Connection discarded
12-25-2017 21:23:03 PoolingHttpClientConnectionManager.java DEBUG [Forwarding setTimeout on session ed2bad967aeb764493be62336a00b0fe to remote] conn.PoolingHttpClientConnectionManager 326 - Connection released: [id: 199][route: {}-&gt;http://localhost:28708][total kept alive: 0; route allocated: 0 of 2000; total allocated: 0 of 2000]
12-25-2017 21:23:03 RequestAddCookies.java DEBUG [Forwarding get on session ed2bad967aeb764493be62336a00b0fe to remote] protocol.RequestAddCookies 123 - CookieSpec selected: default
12-25-2017 21:23:03 RequestAuthCache.java DEBUG [Forwarding get on session ed2bad967aeb764493be62336a00b0fe to remote] protocol.RequestAuthCache 77 - Auth cache not set in the context
12-25-2017 21:23:03 PoolingHttpClientConnectionManager.java DEBUG [Forwarding get on session ed2bad967aeb764493be62336a00b0fe to remote] conn.PoolingHttpClientConnectionManager 255 - Connection request: [route: {}-&gt;http://localhost:28708][total kept alive: 0; route allocated: 0 of 2000; total allocated: 0 of 2000]
12-25-2017 21:23:03 PoolingHttpClientConnectionManager.java DEBUG [Forwarding get on session ed2bad967aeb764493be62336a00b0fe to remote] conn.PoolingHttpClientConnectionManager 288 - Connection leased: [id: 200][route: {}-&gt;http://localhost:28708][total kept alive: 0; route allocated: 1 of 2000; total allocated: 1 of 2000]
12-25-2017 21:23:03 MainClientExec.java DEBUG [Forwarding get on session ed2bad967aeb764493be62336a00b0fe to remote] execchain.MainClientExec 235 - Opening connection {}-&gt;http://localhost:28708
12-25-2017 21:23:03 DefaultHttpClientConnectionOperator.java DEBUG [Forwarding get on session ed2bad967aeb764493be62336a00b0fe to remote] conn.DefaultHttpClientConnectionOperator 139 - Connecting to localhost/127.0.0.1:28708
12-25-2017 21:23:03 DefaultHttpClientConnectionOperator.java DEBUG [Forwarding get on session ed2bad967aeb764493be62336a00b0fe to remote] conn.DefaultHttpClientConnectionOperator 146 - Connection established 127.0.0.1:50476&lt;-&gt;127.0.0.1:28708
12-25-2017 21:23:03 LoggingManagedHttpClientConnection.java DEBUG [Forwarding get on session ed2bad967aeb764493be62336a00b0fe to remote] conn.DefaultManagedHttpClientConnection 88 - http-outgoing-200: set socket timeout to 10800000
12-25-2017 21:23:03 MainClientExec.java DEBUG [Forwarding get on session ed2bad967aeb764493be62336a00b0fe to remote] execchain.MainClientExec 256 - Executing request POST /session/ed2bad967aeb764493be62336a00b0fe/url HTTP/1.1
12-25-2017 21:23:03 MainClientExec.java DEBUG [Forwarding get on session ed2bad967aeb764493be62336a00b0fe to remote] execchain.MainClientExec 261 - Target auth state: UNCHALLENGED
12-25-2017 21:23:03 MainClientExec.java DEBUG [Forwarding get on session ed2bad967aeb764493be62336a00b0fe to remote] execchain.MainClientExec 267 - Proxy auth state: UNCHALLENGED
12-25-2017 21:23:03 LoggingManagedHttpClientConnection.java DEBUG [Forwarding get on session ed2bad967aeb764493be62336a00b0fe to remote] http.headers 133 - http-outgoing-200 &gt;&gt; POST /session/ed2bad967aeb764493be62336a00b0fe/url HTTP/1.1
12-25-2017 21:23:03 LoggingManagedHttpClientConnection.java DEBUG [Forwarding get on session ed2bad967aeb764493be62336a00b0fe to remote] http.headers 136 - http-outgoing-200 &gt;&gt; Content-Type: application/json; charset=utf-8
12-25-2017 21:23:03 LoggingManagedHttpClientConnection.java DEBUG [Forwarding get on session ed2bad967aeb764493be62336a00b0fe to remote] http.headers 136 - http-outgoing-200 &gt;&gt; Content-Length: 31
12-25-2017 21:23:03 LoggingManagedHttpClientConnection.java DEBUG [Forwarding get on session ed2bad967aeb764493be62336a00b0fe to remote] http.headers 136 - http-outgoing-200 &gt;&gt; Host: localhost:28708
12-25-2017 21:23:03 LoggingManagedHttpClientConnection.java DEBUG [Forwarding get on session ed2bad967aeb764493be62336a00b0fe to remote] http.headers 136 - http-outgoing-200 &gt;&gt; Connection: Keep-Alive
12-25-2017 21:23:03 LoggingManagedHttpClientConnection.java DEBUG [Forwarding get on session ed2bad967aeb764493be62336a00b0fe to remote] http.headers 136 - http-outgoing-200 &gt;&gt; User-Agent: Apache-HttpClient/4.5.3 (Java/1.8.0_151)
12-25-2017 21:23:03 LoggingManagedHttpClientConnection.java DEBUG [Forwarding get on session ed2bad967aeb764493be62336a00b0fe to remote] http.headers 136 - http-outgoing-200 &gt;&gt; Accept-Encoding: gzip,deflate
12-25-2017 21:23:03 Wire.java DEBUG [Forwarding get on session ed2bad967aeb764493be62336a00b0fe to remote] http.wire 73 - http-outgoing-200 &gt;&gt; &quot;POST /session/ed2bad967aeb764493be62336a00b0fe/url HTTP/1.1[\r][\n]&quot;
12-25-2017 21:23:03 Wire.java DEBUG [Forwarding get on session ed2bad967aeb764493be62336a00b0fe to remote] http.wire 73 - http-outgoing-200 &gt;&gt; &quot;Content-Type: application/json; charset=utf-8[\r][\n]&quot;
12-25-2017 21:23:03 Wire.java DEBUG [Forwarding get on session ed2bad967aeb764493be62336a00b0fe to remote] http.wire 73 - http-outgoing-200 &gt;&gt; &quot;Content-Length: 31[\r][\n]&quot;
12-25-2017 21:23:03 Wire.java DEBUG [Forwarding get on session ed2bad967aeb764493be62336a00b0fe to remote] http.wire 73 - http-outgoing-200 &gt;&gt; &quot;Host: localhost:28708[\r][\n]&quot;
12-25-2017 21:23:03 Wire.java DEBUG [Forwarding get on session ed2bad967aeb764493be62336a00b0fe to remote] http.wire 73 - http-outgoing-200 &gt;&gt; &quot;Connection: Keep-Alive[\r][\n]&quot;
12-25-2017 21:23:03 Wire.java DEBUG [Forwarding get on session ed2bad967aeb764493be62336a00b0fe to remote] http.wire 73 - http-outgoing-200 &gt;&gt; &quot;User-Agent: Apache-HttpClient/4.5.3 (Java/1.8.0_151)[\r][\n]&quot;
12-25-2017 21:23:03 Wire.java DEBUG [Forwarding get on session ed2bad967aeb764493be62336a00b0fe to remote] http.wire 73 - http-outgoing-200 &gt;&gt; &quot;Accept-Encoding: gzip,deflate[\r][\n]&quot;
12-25-2017 21:23:03 Wire.java DEBUG [Forwarding get on session ed2bad967aeb764493be62336a00b0fe to remote] http.wire 73 - http-outgoing-200 &gt;&gt; &quot;[\r][\n]&quot;
12-25-2017 21:23:03 Wire.java DEBUG [Forwarding get on session ed2bad967aeb764493be62336a00b0fe to remote] http.wire 87 - http-outgoing-200 &gt;&gt; &quot;{&quot;url&quot;:&quot;http://www.google.com&quot;}&quot;
12-25-2017 21:23:06 Wire.java DEBUG [Forwarding get on session ed2bad967aeb764493be62336a00b0fe to remote] http.wire 73 - http-outgoing-200 &lt;&lt; &quot;HTTP/1.1 200 OK[\r][\n]&quot;
12-25-2017 21:23:06 Wire.java DEBUG [Forwarding get on session ed2bad967aeb764493be62336a00b0fe to remote] http.wire 73 - http-outgoing-200 &lt;&lt; &quot;Content-Length:72[\r][\n]&quot;
12-25-2017 21:23:06 Wire.java DEBUG [Forwarding get on session ed2bad967aeb764493be62336a00b0fe to remote] http.wire 73 - http-outgoing-200 &lt;&lt; &quot;Content-Type:application/json; charset=utf-8[\r][\n]&quot;
12-25-2017 21:23:06 Wire.java DEBUG [Forwarding get on session ed2bad967aeb764493be62336a00b0fe to remote] http.wire 73 - http-outgoing-200 &lt;&lt; &quot;Connection:close[\r][\n]&quot;
12-25-2017 21:23:06 Wire.java DEBUG [Forwarding get on session ed2bad967aeb764493be62336a00b0fe to remote] http.wire 73 - http-outgoing-200 &lt;&lt; &quot;[\r][\n]&quot;
12-25-2017 21:23:06 Wire.java DEBUG [Forwarding get on session ed2bad967aeb764493be62336a00b0fe to remote] http.wire 87 - http-outgoing-200 &lt;&lt; &quot;{&quot;sessionId&quot;:&quot;ed2bad967aeb764493be62336a00b0fe&quot;,&quot;status&quot;:0,&quot;value&quot;:null}&quot;
12-25-2017 21:23:06 LoggingManagedHttpClientConnection.java DEBUG [Forwarding get on session ed2bad967aeb764493be62336a00b0fe to remote] http.headers 122 - http-outgoing-200 &lt;&lt; HTTP/1.1 200 OK
12-25-2017 21:23:06 LoggingManagedHttpClientConnection.java DEBUG [Forwarding get on session ed2bad967aeb764493be62336a00b0fe to remote] http.headers 125 - http-outgoing-200 &lt;&lt; Content-Length:72
12-25-2017 21:23:06 LoggingManagedHttpClientConnection.java DEBUG [Forwarding get on session ed2bad967aeb764493be62336a00b0fe to remote] http.headers 125 - http-outgoing-200 &lt;&lt; Content-Type:application/json; charset=utf-8
12-25-2017 21:23:06 LoggingManagedHttpClientConnection.java DEBUG [Forwarding get on session ed2bad967aeb764493be62336a00b0fe to remote] http.headers 125 - http-outgoing-200 &lt;&lt; Connection:close
12-25-2017 21:23:06 LoggingManagedHttpClientConnection.java DEBUG [Forwarding get on session ed2bad967aeb764493be62336a00b0fe to remote] conn.DefaultManagedHttpClientConnection 79 - http-outgoing-200: Close connection
12-25-2017 21:23:06 ConnectionHolder.java DEBUG [Forwarding get on session ed2bad967aeb764493be62336a00b0fe to remote] execchain.MainClientExec 104 - Connection discarded
12-25-2017 21:23:06 PoolingHttpClientConnectionManager.java DEBUG [Forwarding get on session ed2bad967aeb764493be62336a00b0fe to remote] conn.PoolingHttpClientConnectionManager 326 - Connection released: [id: 200][route: {}-&gt;http://localhost:28708][total kept alive: 0; route allocated: 0 of 2000; total allocated: 0 of 2000]
12-25-2017 21:23:06 RequestAddCookies.java DEBUG [Forwarding getTitle on session ed2bad967aeb764493be62336a00b0fe to remote] protocol.RequestAddCookies 123 - CookieSpec selected: default
12-25-2017 21:23:06 RequestAuthCache.java DEBUG [Forwarding getTitle on session ed2bad967aeb764493be62336a00b0fe to remote] protocol.RequestAuthCache 77 - Auth cache not set in the context
12-25-2017 21:23:06 PoolingHttpClientConnectionManager.java DEBUG [Forwarding getTitle on session ed2bad967aeb764493be62336a00b0fe to remote] conn.PoolingHttpClientConnectionManager 255 - Connection request: [route: {}-&gt;http://localhost:28708][total kept alive: 0; route allocated: 0 of 2000; total allocated: 0 of 2000]
12-25-2017 21:23:06 PoolingHttpClientConnectionManager.java DEBUG [Forwarding getTitle on session ed2bad967aeb764493be62336a00b0fe to remote] conn.PoolingHttpClientConnectionManager 288 - Connection leased: [id: 201][route: {}-&gt;http://localhost:28708][total kept alive: 0; route allocated: 1 of 2000; total allocated: 1 of 2000]
12-25-2017 21:23:06 MainClientExec.java DEBUG [Forwarding getTitle on session ed2bad967aeb764493be62336a00b0fe to remote] execchain.MainClientExec 235 - Opening connection {}-&gt;http://localhost:28708
12-25-2017 21:23:06 DefaultHttpClientConnectionOperator.java DEBUG [Forwarding getTitle on session ed2bad967aeb764493be62336a00b0fe to remote] conn.DefaultHttpClientConnectionOperator 139 - Connecting to localhost/127.0.0.1:28708
12-25-2017 21:23:06 DefaultHttpClientConnectionOperator.java DEBUG [Forwarding getTitle on session ed2bad967aeb764493be62336a00b0fe to remote] conn.DefaultHttpClientConnectionOperator 146 - Connection established 127.0.0.1:50489&lt;-&gt;127.0.0.1:28708
12-25-2017 21:23:06 LoggingManagedHttpClientConnection.java DEBUG [Forwarding getTitle on session ed2bad967aeb764493be62336a00b0fe to remote] conn.DefaultManagedHttpClientConnection 88 - http-outgoing-201: set socket timeout to 10800000
12-25-2017 21:23:06 MainClientExec.java DEBUG [Forwarding getTitle on session ed2bad967aeb764493be62336a00b0fe to remote] execchain.MainClientExec 256 - Executing request GET /session/ed2bad967aeb764493be62336a00b0fe/title HTTP/1.1
12-25-2017 21:23:06 MainClientExec.java DEBUG [Forwarding getTitle on session ed2bad967aeb764493be62336a00b0fe to remote] execchain.MainClientExec 261 - Target auth state: UNCHALLENGED
12-25-2017 21:23:06 MainClientExec.java DEBUG [Forwarding getTitle on session ed2bad967aeb764493be62336a00b0fe to remote] execchain.MainClientExec 267 - Proxy auth state: UNCHALLENGED
12-25-2017 21:23:06 LoggingManagedHttpClientConnection.java DEBUG [Forwarding getTitle on session ed2bad967aeb764493be62336a00b0fe to remote] http.headers 133 - http-outgoing-201 &gt;&gt; GET /session/ed2bad967aeb764493be62336a00b0fe/title HTTP/1.1
12-25-2017 21:23:06 LoggingManagedHttpClientConnection.java DEBUG [Forwarding getTitle on session ed2bad967aeb764493be62336a00b0fe to remote] http.headers 136 - http-outgoing-201 &gt;&gt; Cache-Control: no-cache
12-25-2017 21:23:06 LoggingManagedHttpClientConnection.java DEBUG [Forwarding getTitle on session ed2bad967aeb764493be62336a00b0fe to remote] http.headers 136 - http-outgoing-201 &gt;&gt; Host: localhost:28708
12-25-2017 21:23:06 LoggingManagedHttpClientConnection.java DEBUG [Forwarding getTitle on session ed2bad967aeb764493be62336a00b0fe to remote] http.headers 136 - http-outgoing-201 &gt;&gt; Connection: Keep-Alive
12-25-2017 21:23:06 LoggingManagedHttpClientConnection.java DEBUG [Forwarding getTitle on session ed2bad967aeb764493be62336a00b0fe to remote] http.headers 136 - http-outgoing-201 &gt;&gt; User-Agent: Apache-HttpClient/4.5.3 (Java/1.8.0_151)
12-25-2017 21:23:06 LoggingManagedHttpClientConnection.java DEBUG [Forwarding getTitle on session ed2bad967aeb764493be62336a00b0fe to remote] http.headers 136 - http-outgoing-201 &gt;&gt; Accept-Encoding: gzip,deflate
12-25-2017 21:23:06 Wire.java DEBUG [Forwarding getTitle on session ed2bad967aeb764493be62336a00b0fe to remote] http.wire 73 - http-outgoing-201 &gt;&gt; &quot;GET /session/ed2bad967aeb764493be62336a00b0fe/title HTTP/1.1[\r][\n]&quot;
12-25-2017 21:23:06 Wire.java DEBUG [Forwarding getTitle on session ed2bad967aeb764493be62336a00b0fe to remote] http.wire 73 - http-outgoing-201 &gt;&gt; &quot;Cache-Control: no-cache[\r][\n]&quot;
12-25-2017 21:23:06 Wire.java DEBUG [Forwarding getTitle on session ed2bad967aeb764493be62336a00b0fe to remote] http.wire 73 - http-outgoing-201 &gt;&gt; &quot;Host: localhost:28708[\r][\n]&quot;
12-25-2017 21:23:06 Wire.java DEBUG [Forwarding getTitle on session ed2bad967aeb764493be62336a00b0fe to remote] http.wire 73 - http-outgoing-201 &gt;&gt; &quot;Connection: Keep-Alive[\r][\n]&quot;
12-25-2017 21:23:06 Wire.java DEBUG [Forwarding getTitle on session ed2bad967aeb764493be62336a00b0fe to remote] http.wire 73 - http-outgoing-201 &gt;&gt; &quot;User-Agent: Apache-HttpClient/4.5.3 (Java/1.8.0_151)[\r][\n]&quot;
12-25-2017 21:23:06 Wire.java DEBUG [Forwarding getTitle on session ed2bad967aeb764493be62336a00b0fe to remote] http.wire 73 - http-outgoing-201 &gt;&gt; &quot;Accept-Encoding: gzip,deflate[\r][\n]&quot;
12-25-2017 21:23:06 Wire.java DEBUG [Forwarding getTitle on session ed2bad967aeb764493be62336a00b0fe to remote] http.wire 73 - http-outgoing-201 &gt;&gt; &quot;[\r][\n]&quot;
12-25-2017 21:23:06 Wire.java DEBUG [Forwarding getTitle on session ed2bad967aeb764493be62336a00b0fe to remote] http.wire 73 - http-outgoing-201 &lt;&lt; &quot;HTTP/1.1 200 OK[\r][\n]&quot;
12-25-2017 21:23:06 Wire.java DEBUG [Forwarding getTitle on session ed2bad967aeb764493be62336a00b0fe to remote] http.wire 73 - http-outgoing-201 &lt;&lt; &quot;Content-Length:76[\r][\n]&quot;
12-25-2017 21:23:06 Wire.java DEBUG [Forwarding getTitle on session ed2bad967aeb764493be62336a00b0fe to remote] http.wire 73 - http-outgoing-201 &lt;&lt; &quot;Content-Type:application/json; charset=utf-8[\r][\n]&quot;
12-25-2017 21:23:06 Wire.java DEBUG [Forwarding getTitle on session ed2bad967aeb764493be62336a00b0fe to remote] http.wire 73 - http-outgoing-201 &lt;&lt; &quot;Connection:close[\r][\n]&quot;
12-25-2017 21:23:06 Wire.java DEBUG [Forwarding getTitle on session ed2bad967aeb764493be62336a00b0fe to remote] http.wire 73 - http-outgoing-201 &lt;&lt; &quot;[\r][\n]&quot;
12-25-2017 21:23:06 Wire.java DEBUG [Forwarding getTitle on session ed2bad967aeb764493be62336a00b0fe to remote] http.wire 87 - http-outgoing-201 &lt;&lt; &quot;{&quot;sessionId&quot;:&quot;ed2bad967aeb764493be62336a00b0fe&quot;,&quot;status&quot;:0,&quot;value&quot;:&quot;Google&quot;}&quot;
12-25-2017 21:23:06 LoggingManagedHttpClientConnection.java DEBUG [Forwarding getTitle on session ed2bad967aeb764493be62336a00b0fe to remote] http.headers 122 - http-outgoing-201 &lt;&lt; HTTP/1.1 200 OK
12-25-2017 21:23:06 LoggingManagedHttpClientConnection.java DEBUG [Forwarding getTitle on session ed2bad967aeb764493be62336a00b0fe to remote] http.headers 125 - http-outgoing-201 &lt;&lt; Content-Length:76
12-25-2017 21:23:06 LoggingManagedHttpClientConnection.java DEBUG [Forwarding getTitle on session ed2bad967aeb764493be62336a00b0fe to remote] http.headers 125 - http-outgoing-201 &lt;&lt; Content-Type:application/json; charset=utf-8
12-25-2017 21:23:06 LoggingManagedHttpClientConnection.java DEBUG [Forwarding getTitle on session ed2bad967aeb764493be62336a00b0fe to remote] http.headers 125 - http-outgoing-201 &lt;&lt; Connection:close
12-25-2017 21:23:06 LoggingManagedHttpClientConnection.java DEBUG [Forwarding getTitle on session ed2bad967aeb764493be62336a00b0fe to remote] conn.DefaultManagedHttpClientConnection 79 - http-outgoing-201: Close connection
12-25-2017 21:23:06 ConnectionHolder.java DEBUG [Forwarding getTitle on session ed2bad967aeb764493be62336a00b0fe to remote] execchain.MainClientExec 104 - Connection discarded
12-25-2017 21:23:06 PoolingHttpClientConnectionManager.java DEBUG [Forwarding getTitle on session ed2bad967aeb764493be62336a00b0fe to remote] conn.PoolingHttpClientConnectionManager 326 - Connection released: [id: 201][route: {}-&gt;http://localhost:28708][total kept alive: 0; route allocated: 0 of 2000; total allocated: 0 of 2000]
</system-out>
    <system-err>Starting ChromeDriver 2.33.506120 (e3e53437346286c0bc2d2dc9aa4915ba81d9023f) on port 28708
Only local connections are allowed.
Dec 25, 2017 9:23:02 PM org.openqa.selenium.remote.ProtocolHandshake createSession
INFO: Detected dialect: OSS
</system-err>
  </testcase>
  <testcase classname="com.naveentestNG.GoogleTitleTest" name="testCase3" time="20.169">
    <failure message="no such element: Unable to locate element: {&quot;method&quot;:&quot;xpath&quot;,&quot;selector&quot;:&quot;//*[@id=&apos;hplogo&apos;]/a/img&quot;}
  (Session info: chrome=63.0.3239.108)
  (Driver info: chromedriver=2.33.506120 (e3e53437346286c0bc2d2dc9aa4915ba81d9023f),platform=Windows NT 10.0.16299 x86_64) (WARNING: The server did not provide any stacktrace information)
Command duration or timeout: 0 milliseconds
For documentation on this error, please visit: http://seleniumhq.org/exceptions/no_such_element.html
Build info: version: &apos;3.6.0&apos;, revision: &apos;6fbf3ec767&apos;, time: &apos;2017-09-27T15:28:36.4Z&apos;
System info: host: &apos;DESKTOP-16VI708&apos;, ip: &apos;192.168.0.101&apos;, os.name: &apos;Windows 10&apos;, os.arch: &apos;amd64&apos;, os.version: &apos;10.0&apos;, java.version: &apos;1.8.0_151&apos;
Driver info: org.openqa.selenium.chrome.ChromeDriver
Capabilities [{mobileEmulationEnabled=false, hasTouchScreen=false, platform=XP, acceptSslCerts=true, webStorageEnabled=true, browserName=chrome, takesScreenshot=true, javascriptEnabled=true, platformName=XP, setWindowRect=true, unexpectedAlertBehaviour=, applicationCacheEnabled=false, rotatable=false, networkConnectionEnabled=false, chrome={chromedriverVersion=2.33.506120 (e3e53437346286c0bc2d2dc9aa4915ba81d9023f), userDataDir=C:\Users\Kitty\AppData\Local\Temp\scoped_dir7980_7549}, takesHeapSnapshot=true, pageLoadStrategy=normal, unhandledPromptBehavior=, databaseEnabled=false, handlesAlerts=true, version=63.0.3239.108, browserConnectionEnabled=false, nativeEvents=true, locationContextEnabled=true, cssSelectorsEnabled=true}]
Session ID: e1d7cd658fd8ee0b8c0a3f76d376bdb3
*** Element info: {Using=xpath, value=//*[@id=&apos;hplogo&apos;]/a/img}" type="org.openqa.selenium.NoSuchElementException">org.openqa.selenium.NoSuchElementException: no such element: Unable to locate element: {&quot;method&quot;:&quot;xpath&quot;,&quot;selector&quot;:&quot;//*[@id=&apos;hplogo&apos;]/a/img&quot;}
  (Session info: chrome=63.0.3239.108)
  (Driver info: chromedriver=2.33.506120 (e3e53437346286c0bc2d2dc9aa4915ba81d9023f),platform=Windows NT 10.0.16299 x86_64) (WARNING: The server did not provide any stacktrace information)
Command duration or timeout: 0 milliseconds
For documentation on this error, please visit: http://seleniumhq.org/exceptions/no_such_element.html
Build info: version: &apos;3.6.0&apos;, revision: &apos;6fbf3ec767&apos;, time: &apos;2017-09-27T15:28:36.4Z&apos;
System info: host: &apos;DESKTOP-16VI708&apos;, ip: &apos;192.168.0.101&apos;, os.name: &apos;Windows 10&apos;, os.arch: &apos;amd64&apos;, os.version: &apos;10.0&apos;, java.version: &apos;1.8.0_151&apos;
Driver info: org.openqa.selenium.chrome.ChromeDriver
Capabilities [{mobileEmulationEnabled=false, hasTouchScreen=false, platform=XP, acceptSslCerts=true, webStorageEnabled=true, browserName=chrome, takesScreenshot=true, javascriptEnabled=true, platformName=XP, setWindowRect=true, unexpectedAlertBehaviour=, applicationCacheEnabled=false, rotatable=false, networkConnectionEnabled=false, chrome={chromedriverVersion=2.33.506120 (e3e53437346286c0bc2d2dc9aa4915ba81d9023f), userDataDir=C:\Users\Kitty\AppData\Local\Temp\scoped_dir7980_7549}, takesHeapSnapshot=true, pageLoadStrategy=normal, unhandledPromptBehavior=, databaseEnabled=false, handlesAlerts=true, version=63.0.3239.108, browserConnectionEnabled=false, nativeEvents=true, locationContextEnabled=true, cssSelectorsEnabled=true}]
Session ID: e1d7cd658fd8ee0b8c0a3f76d376bdb3
*** Element info: {Using=xpath, value=//*[@id=&apos;hplogo&apos;]/a/img}
	at sun.reflect.NativeConstructorAccessorImpl.newInstance0(Native Method)
	at sun.reflect.NativeConstructorAccessorImpl.newInstance(Unknown Source)
	at sun.reflect.DelegatingConstructorAccessorImpl.newInstance(Unknown Source)
	at java.lang.reflect.Constructor.newInstance(Unknown Source)
	at org.openqa.selenium.remote.ErrorHandler.createThrowable(ErrorHandler.java:214)
	at org.openqa.selenium.remote.ErrorHandler.throwIfResponseFailed(ErrorHandler.java:166)
	at org.openqa.selenium.remote.http.JsonHttpResponseCodec.reconstructValue(JsonHttpResponseCodec.java:40)
	at org.openqa.selenium.remote.http.AbstractHttpResponseCodec.decode(AbstractHttpResponseCodec.java:82)
	at org.openqa.selenium.remote.http.AbstractHttpResponseCodec.decode(AbstractHttpResponseCodec.java:45)
	at org.openqa.selenium.remote.HttpCommandExecutor.execute(HttpCommandExecutor.java:164)
	at org.openqa.selenium.remote.service.DriverCommandExecutor.execute(DriverCommandExecutor.java:83)
	at org.openqa.selenium.remote.RemoteWebDriver.execute(RemoteWebDriver.java:586)
	at org.openqa.selenium.remote.RemoteWebDriver.findElement(RemoteWebDriver.java:356)
	at org.openqa.selenium.remote.RemoteWebDriver.findElementByXPath(RemoteWebDriver.java:458)
	at org.openqa.selenium.By$ByXPath.findElement(By.java:361)
	at org.openqa.selenium.remote.RemoteWebDriver.findElement(RemoteWebDriver.java:348)
	at com.naveentestNG.GoogleTitleTest.testCase3(GoogleTitleTest.java:41)
</failure>
    <system-out>12-25-2017 21:23:06 RequestAddCookies.java DEBUG [Forwarding quit on session ed2bad967aeb764493be62336a00b0fe to remote] protocol.RequestAddCookies 123 - CookieSpec selected: default
12-25-2017 21:23:06 RequestAuthCache.java DEBUG [Forwarding quit on session ed2bad967aeb764493be62336a00b0fe to remote] protocol.RequestAuthCache 77 - Auth cache not set in the context
12-25-2017 21:23:06 PoolingHttpClientConnectionManager.java DEBUG [Forwarding quit on session ed2bad967aeb764493be62336a00b0fe to remote] conn.PoolingHttpClientConnectionManager 255 - Connection request: [route: {}-&gt;http://localhost:28708][total kept alive: 0; route allocated: 0 of 2000; total allocated: 0 of 2000]
12-25-2017 21:23:06 PoolingHttpClientConnectionManager.java DEBUG [Forwarding quit on session ed2bad967aeb764493be62336a00b0fe to remote] conn.PoolingHttpClientConnectionManager 288 - Connection leased: [id: 202][route: {}-&gt;http://localhost:28708][total kept alive: 0; route allocated: 1 of 2000; total allocated: 1 of 2000]
12-25-2017 21:23:06 MainClientExec.java DEBUG [Forwarding quit on session ed2bad967aeb764493be62336a00b0fe to remote] execchain.MainClientExec 235 - Opening connection {}-&gt;http://localhost:28708
12-25-2017 21:23:06 DefaultHttpClientConnectionOperator.java DEBUG [Forwarding quit on session ed2bad967aeb764493be62336a00b0fe to remote] conn.DefaultHttpClientConnectionOperator 139 - Connecting to localhost/127.0.0.1:28708
12-25-2017 21:23:06 DefaultHttpClientConnectionOperator.java DEBUG [Forwarding quit on session ed2bad967aeb764493be62336a00b0fe to remote] conn.DefaultHttpClientConnectionOperator 146 - Connection established 127.0.0.1:50490&lt;-&gt;127.0.0.1:28708
12-25-2017 21:23:06 LoggingManagedHttpClientConnection.java DEBUG [Forwarding quit on session ed2bad967aeb764493be62336a00b0fe to remote] conn.DefaultManagedHttpClientConnection 88 - http-outgoing-202: set socket timeout to 10800000
12-25-2017 21:23:06 MainClientExec.java DEBUG [Forwarding quit on session ed2bad967aeb764493be62336a00b0fe to remote] execchain.MainClientExec 256 - Executing request DELETE /session/ed2bad967aeb764493be62336a00b0fe HTTP/1.1
12-25-2017 21:23:06 MainClientExec.java DEBUG [Forwarding quit on session ed2bad967aeb764493be62336a00b0fe to remote] execchain.MainClientExec 261 - Target auth state: UNCHALLENGED
12-25-2017 21:23:06 MainClientExec.java DEBUG [Forwarding quit on session ed2bad967aeb764493be62336a00b0fe to remote] execchain.MainClientExec 267 - Proxy auth state: UNCHALLENGED
12-25-2017 21:23:06 LoggingManagedHttpClientConnection.java DEBUG [Forwarding quit on session ed2bad967aeb764493be62336a00b0fe to remote] http.headers 133 - http-outgoing-202 &gt;&gt; DELETE /session/ed2bad967aeb764493be62336a00b0fe HTTP/1.1
12-25-2017 21:23:06 LoggingManagedHttpClientConnection.java DEBUG [Forwarding quit on session ed2bad967aeb764493be62336a00b0fe to remote] http.headers 136 - http-outgoing-202 &gt;&gt; Host: localhost:28708
12-25-2017 21:23:06 LoggingManagedHttpClientConnection.java DEBUG [Forwarding quit on session ed2bad967aeb764493be62336a00b0fe to remote] http.headers 136 - http-outgoing-202 &gt;&gt; Connection: Keep-Alive
12-25-2017 21:23:06 LoggingManagedHttpClientConnection.java DEBUG [Forwarding quit on session ed2bad967aeb764493be62336a00b0fe to remote] http.headers 136 - http-outgoing-202 &gt;&gt; User-Agent: Apache-HttpClient/4.5.3 (Java/1.8.0_151)
12-25-2017 21:23:06 LoggingManagedHttpClientConnection.java DEBUG [Forwarding quit on session ed2bad967aeb764493be62336a00b0fe to remote] http.headers 136 - http-outgoing-202 &gt;&gt; Accept-Encoding: gzip,deflate
12-25-2017 21:23:06 Wire.java DEBUG [Forwarding quit on session ed2bad967aeb764493be62336a00b0fe to remote] http.wire 73 - http-outgoing-202 &gt;&gt; &quot;DELETE /session/ed2bad967aeb764493be62336a00b0fe HTTP/1.1[\r][\n]&quot;
12-25-2017 21:23:06 Wire.java DEBUG [Forwarding quit on session ed2bad967aeb764493be62336a00b0fe to remote] http.wire 73 - http-outgoing-202 &gt;&gt; &quot;Host: localhost:28708[\r][\n]&quot;
12-25-2017 21:23:06 Wire.java DEBUG [Forwarding quit on session ed2bad967aeb764493be62336a00b0fe to remote] http.wire 73 - http-outgoing-202 &gt;&gt; &quot;Connection: Keep-Alive[\r][\n]&quot;
12-25-2017 21:23:06 Wire.java DEBUG [Forwarding quit on session ed2bad967aeb764493be62336a00b0fe to remote] http.wire 73 - http-outgoing-202 &gt;&gt; &quot;User-Agent: Apache-HttpClient/4.5.3 (Java/1.8.0_151)[\r][\n]&quot;
12-25-2017 21:23:06 Wire.java DEBUG [Forwarding quit on session ed2bad967aeb764493be62336a00b0fe to remote] http.wire 73 - http-outgoing-202 &gt;&gt; &quot;Accept-Encoding: gzip,deflate[\r][\n]&quot;
12-25-2017 21:23:06 Wire.java DEBUG [Forwarding quit on session ed2bad967aeb764493be62336a00b0fe to remote] http.wire 73 - http-outgoing-202 &gt;&gt; &quot;[\r][\n]&quot;
12-25-2017 21:23:06 Wire.java DEBUG [Forwarding quit on session ed2bad967aeb764493be62336a00b0fe to remote] http.wire 73 - http-outgoing-202 &lt;&lt; &quot;HTTP/1.1 200 OK[\r][\n]&quot;
12-25-2017 21:23:06 Wire.java DEBUG [Forwarding quit on session ed2bad967aeb764493be62336a00b0fe to remote] http.wire 73 - http-outgoing-202 &lt;&lt; &quot;Content-Length:72[\r][\n]&quot;
12-25-2017 21:23:06 Wire.java DEBUG [Forwarding quit on session ed2bad967aeb764493be62336a00b0fe to remote] http.wire 73 - http-outgoing-202 &lt;&lt; &quot;Content-Type:application/json; charset=utf-8[\r][\n]&quot;
12-25-2017 21:23:06 Wire.java DEBUG [Forwarding quit on session ed2bad967aeb764493be62336a00b0fe to remote] http.wire 73 - http-outgoing-202 &lt;&lt; &quot;Connection:close[\r][\n]&quot;
12-25-2017 21:23:06 Wire.java DEBUG [Forwarding quit on session ed2bad967aeb764493be62336a00b0fe to remote] http.wire 73 - http-outgoing-202 &lt;&lt; &quot;[\r][\n]&quot;
12-25-2017 21:23:06 Wire.java DEBUG [Forwarding quit on session ed2bad967aeb764493be62336a00b0fe to remote] http.wire 87 - http-outgoing-202 &lt;&lt; &quot;{&quot;sessionId&quot;:&quot;ed2bad967aeb764493be62336a00b0fe&quot;,&quot;status&quot;:0,&quot;value&quot;:null}&quot;
12-25-2017 21:23:06 LoggingManagedHttpClientConnection.java DEBUG [Forwarding quit on session ed2bad967aeb764493be62336a00b0fe to remote] http.headers 122 - http-outgoing-202 &lt;&lt; HTTP/1.1 200 OK
12-25-2017 21:23:06 LoggingManagedHttpClientConnection.java DEBUG [Forwarding quit on session ed2bad967aeb764493be62336a00b0fe to remote] http.headers 125 - http-outgoing-202 &lt;&lt; Content-Length:72
12-25-2017 21:23:06 LoggingManagedHttpClientConnection.java DEBUG [Forwarding quit on session ed2bad967aeb764493be62336a00b0fe to remote] http.headers 125 - http-outgoing-202 &lt;&lt; Content-Type:application/json; charset=utf-8
12-25-2017 21:23:06 LoggingManagedHttpClientConnection.java DEBUG [Forwarding quit on session ed2bad967aeb764493be62336a00b0fe to remote] http.headers 125 - http-outgoing-202 &lt;&lt; Connection:close
12-25-2017 21:23:06 LoggingManagedHttpClientConnection.java DEBUG [Forwarding quit on session ed2bad967aeb764493be62336a00b0fe to remote] conn.DefaultManagedHttpClientConnection 79 - http-outgoing-202: Close connection
12-25-2017 21:23:06 ConnectionHolder.java DEBUG [Forwarding quit on session ed2bad967aeb764493be62336a00b0fe to remote] execchain.MainClientExec 104 - Connection discarded
12-25-2017 21:23:06 PoolingHttpClientConnectionManager.java DEBUG [Forwarding quit on session ed2bad967aeb764493be62336a00b0fe to remote] conn.PoolingHttpClientConnectionManager 326 - Connection released: [id: 202][route: {}-&gt;http://localhost:28708][total kept alive: 0; route allocated: 0 of 2000; total allocated: 0 of 2000]
12-25-2017 21:23:06 PoolingHttpClientConnectionManager.java DEBUG [Forwarding quit on session ed2bad967aeb764493be62336a00b0fe to remote] conn.PoolingHttpClientConnectionManager 407 - Closing connections idle longer than 0 SECONDS
12-25-2017 21:23:07 RequestAddCookies.java DEBUG [Forwarding newSession on session null to remote] protocol.RequestAddCookies 123 - CookieSpec selected: default
12-25-2017 21:23:07 RequestAuthCache.java DEBUG [Forwarding newSession on session null to remote] protocol.RequestAuthCache 77 - Auth cache not set in the context
12-25-2017 21:23:07 PoolingHttpClientConnectionManager.java DEBUG [Forwarding newSession on session null to remote] conn.PoolingHttpClientConnectionManager 255 - Connection request: [route: {}-&gt;http://localhost:48700][total kept alive: 0; route allocated: 0 of 2000; total allocated: 0 of 2000]
12-25-2017 21:23:07 PoolingHttpClientConnectionManager.java DEBUG [Forwarding newSession on session null to remote] conn.PoolingHttpClientConnectionManager 288 - Connection leased: [id: 203][route: {}-&gt;http://localhost:48700][total kept alive: 0; route allocated: 1 of 2000; total allocated: 1 of 2000]
12-25-2017 21:23:07 MainClientExec.java DEBUG [Forwarding newSession on session null to remote] execchain.MainClientExec 235 - Opening connection {}-&gt;http://localhost:48700
12-25-2017 21:23:07 DefaultHttpClientConnectionOperator.java DEBUG [Forwarding newSession on session null to remote] conn.DefaultHttpClientConnectionOperator 139 - Connecting to localhost/127.0.0.1:48700
12-25-2017 21:23:07 DefaultHttpClientConnectionOperator.java DEBUG [Forwarding newSession on session null to remote] conn.DefaultHttpClientConnectionOperator 146 - Connection established 127.0.0.1:50496&lt;-&gt;127.0.0.1:48700
12-25-2017 21:23:07 LoggingManagedHttpClientConnection.java DEBUG [Forwarding newSession on session null to remote] conn.DefaultManagedHttpClientConnection 88 - http-outgoing-203: set socket timeout to 10800000
12-25-2017 21:23:07 MainClientExec.java DEBUG [Forwarding newSession on session null to remote] execchain.MainClientExec 256 - Executing request POST /session HTTP/1.1
12-25-2017 21:23:07 MainClientExec.java DEBUG [Forwarding newSession on session null to remote] execchain.MainClientExec 261 - Target auth state: UNCHALLENGED
12-25-2017 21:23:07 MainClientExec.java DEBUG [Forwarding newSession on session null to remote] execchain.MainClientExec 267 - Proxy auth state: UNCHALLENGED
12-25-2017 21:23:07 LoggingManagedHttpClientConnection.java DEBUG [Forwarding newSession on session null to remote] http.headers 133 - http-outgoing-203 &gt;&gt; POST /session HTTP/1.1
12-25-2017 21:23:07 LoggingManagedHttpClientConnection.java DEBUG [Forwarding newSession on session null to remote] http.headers 136 - http-outgoing-203 &gt;&gt; Content-Type: application/json; charset=utf-8
12-25-2017 21:23:07 LoggingManagedHttpClientConnection.java DEBUG [Forwarding newSession on session null to remote] http.headers 136 - http-outgoing-203 &gt;&gt; Content-Length: 560
12-25-2017 21:23:07 LoggingManagedHttpClientConnection.java DEBUG [Forwarding newSession on session null to remote] http.headers 136 - http-outgoing-203 &gt;&gt; Host: localhost:48700
12-25-2017 21:23:07 LoggingManagedHttpClientConnection.java DEBUG [Forwarding newSession on session null to remote] http.headers 136 - http-outgoing-203 &gt;&gt; Connection: Keep-Alive
12-25-2017 21:23:07 LoggingManagedHttpClientConnection.java DEBUG [Forwarding newSession on session null to remote] http.headers 136 - http-outgoing-203 &gt;&gt; User-Agent: Apache-HttpClient/4.5.3 (Java/1.8.0_151)
12-25-2017 21:23:07 LoggingManagedHttpClientConnection.java DEBUG [Forwarding newSession on session null to remote] http.headers 136 - http-outgoing-203 &gt;&gt; Accept-Encoding: gzip,deflate
12-25-2017 21:23:07 Wire.java DEBUG [Forwarding newSession on session null to remote] http.wire 73 - http-outgoing-203 &gt;&gt; &quot;POST /session HTTP/1.1[\r][\n]&quot;
12-25-2017 21:23:07 Wire.java DEBUG [Forwarding newSession on session null to remote] http.wire 73 - http-outgoing-203 &gt;&gt; &quot;Content-Type: application/json; charset=utf-8[\r][\n]&quot;
12-25-2017 21:23:07 Wire.java DEBUG [Forwarding newSession on session null to remote] http.wire 73 - http-outgoing-203 &gt;&gt; &quot;Content-Length: 560[\r][\n]&quot;
12-25-2017 21:23:07 Wire.java DEBUG [Forwarding newSession on session null to remote] http.wire 73 - http-outgoing-203 &gt;&gt; &quot;Host: localhost:48700[\r][\n]&quot;
12-25-2017 21:23:07 Wire.java DEBUG [Forwarding newSession on session null to remote] http.wire 73 - http-outgoing-203 &gt;&gt; &quot;Connection: Keep-Alive[\r][\n]&quot;
12-25-2017 21:23:07 Wire.java DEBUG [Forwarding newSession on session null to remote] http.wire 73 - http-outgoing-203 &gt;&gt; &quot;User-Agent: Apache-HttpClient/4.5.3 (Java/1.8.0_151)[\r][\n]&quot;
12-25-2017 21:23:07 Wire.java DEBUG [Forwarding newSession on session null to remote] http.wire 73 - http-outgoing-203 &gt;&gt; &quot;Accept-Encoding: gzip,deflate[\r][\n]&quot;
12-25-2017 21:23:07 Wire.java DEBUG [Forwarding newSession on session null to remote] http.wire 73 - http-outgoing-203 &gt;&gt; &quot;[\r][\n]&quot;
12-25-2017 21:23:07 Wire.java DEBUG [Forwarding newSession on session null to remote] http.wire 73 - http-outgoing-203 &gt;&gt; &quot;{[\n]&quot;
12-25-2017 21:23:07 Wire.java DEBUG [Forwarding newSession on session null to remote] http.wire 73 - http-outgoing-203 &gt;&gt; &quot;  &quot;desiredCapabilities&quot;: {[\n]&quot;
12-25-2017 21:23:07 Wire.java DEBUG [Forwarding newSession on session null to remote] http.wire 73 - http-outgoing-203 &gt;&gt; &quot;    &quot;browserName&quot;: &quot;chrome&quot;,[\n]&quot;
12-25-2017 21:23:07 Wire.java DEBUG [Forwarding newSession on session null to remote] http.wire 73 - http-outgoing-203 &gt;&gt; &quot;    &quot;goog:chromeOptions&quot;: {[\n]&quot;
12-25-2017 21:23:07 Wire.java DEBUG [Forwarding newSession on session null to remote] http.wire 73 - http-outgoing-203 &gt;&gt; &quot;      &quot;args&quot;: [],[\n]&quot;
12-25-2017 21:23:07 Wire.java DEBUG [Forwarding newSession on session null to remote] http.wire 73 - http-outgoing-203 &gt;&gt; &quot;      &quot;extensions&quot;: [][\n]&quot;
12-25-2017 21:23:07 Wire.java DEBUG [Forwarding newSession on session null to remote] http.wire 73 - http-outgoing-203 &gt;&gt; &quot;    }[\n]&quot;
12-25-2017 21:23:07 Wire.java DEBUG [Forwarding newSession on session null to remote] http.wire 73 - http-outgoing-203 &gt;&gt; &quot;  },[\n]&quot;
12-25-2017 21:23:07 Wire.java DEBUG [Forwarding newSession on session null to remote] http.wire 73 - http-outgoing-203 &gt;&gt; &quot;  &quot;requiredCapabilities&quot;: {},[\n]&quot;
12-25-2017 21:23:07 Wire.java DEBUG [Forwarding newSession on session null to remote] http.wire 73 - http-outgoing-203 &gt;&gt; &quot;  &quot;capabilities&quot;: {[\n]&quot;
12-25-2017 21:23:07 Wire.java DEBUG [Forwarding newSession on session null to remote] http.wire 73 - http-outgoing-203 &gt;&gt; &quot;    &quot;desiredCapabilities&quot;: {[\n]&quot;
12-25-2017 21:23:07 Wire.java DEBUG [Forwarding newSession on session null to remote] http.wire 73 - http-outgoing-203 &gt;&gt; &quot;      &quot;browserName&quot;: &quot;chrome&quot;,[\n]&quot;
12-25-2017 21:23:07 Wire.java DEBUG [Forwarding newSession on session null to remote] http.wire 73 - http-outgoing-203 &gt;&gt; &quot;      &quot;goog:chromeOptions&quot;: {[\n]&quot;
12-25-2017 21:23:07 Wire.java DEBUG [Forwarding newSession on session null to remote] http.wire 73 - http-outgoing-203 &gt;&gt; &quot;        &quot;args&quot;: [],[\n]&quot;
12-25-2017 21:23:07 Wire.java DEBUG [Forwarding newSession on session null to remote] http.wire 73 - http-outgoing-203 &gt;&gt; &quot;        &quot;extensions&quot;: [][\n]&quot;
12-25-2017 21:23:07 Wire.java DEBUG [Forwarding newSession on session null to remote] http.wire 73 - http-outgoing-203 &gt;&gt; &quot;      }[\n]&quot;
12-25-2017 21:23:07 Wire.java DEBUG [Forwarding newSession on session null to remote] http.wire 73 - http-outgoing-203 &gt;&gt; &quot;    },[\n]&quot;
12-25-2017 21:23:07 Wire.java DEBUG [Forwarding newSession on session null to remote] http.wire 73 - http-outgoing-203 &gt;&gt; &quot;    &quot;requiredCapabilities&quot;: {},[\n]&quot;
12-25-2017 21:23:07 Wire.java DEBUG [Forwarding newSession on session null to remote] http.wire 73 - http-outgoing-203 &gt;&gt; &quot;    &quot;alwaysMatch&quot;: {[\n]&quot;
12-25-2017 21:23:07 Wire.java DEBUG [Forwarding newSession on session null to remote] http.wire 73 - http-outgoing-203 &gt;&gt; &quot;      &quot;goog:chromeOptions&quot;: {[\n]&quot;
12-25-2017 21:23:07 Wire.java DEBUG [Forwarding newSession on session null to remote] http.wire 73 - http-outgoing-203 &gt;&gt; &quot;        &quot;args&quot;: [],[\n]&quot;
12-25-2017 21:23:07 Wire.java DEBUG [Forwarding newSession on session null to remote] http.wire 73 - http-outgoing-203 &gt;&gt; &quot;        &quot;extensions&quot;: [][\n]&quot;
12-25-2017 21:23:07 Wire.java DEBUG [Forwarding newSession on session null to remote] http.wire 73 - http-outgoing-203 &gt;&gt; &quot;      }[\n]&quot;
12-25-2017 21:23:07 Wire.java DEBUG [Forwarding newSession on session null to remote] http.wire 73 - http-outgoing-203 &gt;&gt; &quot;    },[\n]&quot;
12-25-2017 21:23:07 Wire.java DEBUG [Forwarding newSession on session null to remote] http.wire 73 - http-outgoing-203 &gt;&gt; &quot;    &quot;firstMatch&quot;: [[\n]&quot;
12-25-2017 21:23:07 Wire.java DEBUG [Forwarding newSession on session null to remote] http.wire 73 - http-outgoing-203 &gt;&gt; &quot;      {[\n]&quot;
12-25-2017 21:23:07 Wire.java DEBUG [Forwarding newSession on session null to remote] http.wire 73 - http-outgoing-203 &gt;&gt; &quot;        &quot;browserName&quot;: &quot;chrome&quot;[\n]&quot;
12-25-2017 21:23:07 Wire.java DEBUG [Forwarding newSession on session null to remote] http.wire 73 - http-outgoing-203 &gt;&gt; &quot;      }[\n]&quot;
12-25-2017 21:23:07 Wire.java DEBUG [Forwarding newSession on session null to remote] http.wire 73 - http-outgoing-203 &gt;&gt; &quot;    ][\n]&quot;
12-25-2017 21:23:07 Wire.java DEBUG [Forwarding newSession on session null to remote] http.wire 73 - http-outgoing-203 &gt;&gt; &quot;  }[\n]&quot;
12-25-2017 21:23:07 Wire.java DEBUG [Forwarding newSession on session null to remote] http.wire 87 - http-outgoing-203 &gt;&gt; &quot;}&quot;
12-25-2017 21:23:09 Wire.java DEBUG [Forwarding newSession on session null to remote] http.wire 73 - http-outgoing-203 &lt;&lt; &quot;HTTP/1.1 200 OK[\r][\n]&quot;
12-25-2017 21:23:09 Wire.java DEBUG [Forwarding newSession on session null to remote] http.wire 73 - http-outgoing-203 &lt;&lt; &quot;Content-Length:799[\r][\n]&quot;
12-25-2017 21:23:09 Wire.java DEBUG [Forwarding newSession on session null to remote] http.wire 73 - http-outgoing-203 &lt;&lt; &quot;Content-Type:application/json; charset=utf-8[\r][\n]&quot;
12-25-2017 21:23:09 Wire.java DEBUG [Forwarding newSession on session null to remote] http.wire 73 - http-outgoing-203 &lt;&lt; &quot;Connection:close[\r][\n]&quot;
12-25-2017 21:23:09 Wire.java DEBUG [Forwarding newSession on session null to remote] http.wire 73 - http-outgoing-203 &lt;&lt; &quot;[\r][\n]&quot;
12-25-2017 21:23:09 Wire.java DEBUG [Forwarding newSession on session null to remote] http.wire 87 - http-outgoing-203 &lt;&lt; &quot;{&quot;sessionId&quot;:&quot;e1d7cd658fd8ee0b8c0a3f76d376bdb3&quot;,&quot;status&quot;:0,&quot;value&quot;:{&quot;acceptSslCerts&quot;:true,&quot;applicationCacheEnabled&quot;:false,&quot;browserConnectionEnabled&quot;:false,&quot;browserName&quot;:&quot;chrome&quot;,&quot;chrome&quot;:{&quot;chromedriverVersion&quot;:&quot;2.33.506120 (e3e53437346286c0bc2d2dc9aa4915ba81d9023f)&quot;,&quot;userDataDir&quot;:&quot;C:\\Users\\Kitty\\AppData\\Local\\Temp\\scoped_dir7980_7549&quot;},&quot;cssSelectorsEnabled&quot;:true,&quot;databaseEnabled&quot;:false,&quot;handlesAlerts&quot;:true,&quot;hasTouchScreen&quot;:false,&quot;javascriptEnabled&quot;:true,&quot;locationContextEnabled&quot;:true,&quot;mobileEmulationEnabled&quot;:false,&quot;nativeEvents&quot;:true,&quot;networkConnectionEnabled&quot;:false,&quot;pageLoadStrategy&quot;:&quot;normal&quot;,&quot;platform&quot;:&quot;Windows NT&quot;,&quot;rotatable&quot;:false,&quot;setWindowRect&quot;:true,&quot;takesHeapSnapshot&quot;:true,&quot;takesScreenshot&quot;:true,&quot;unexpectedAlertBehaviour&quot;:&quot;&quot;,&quot;version&quot;:&quot;63.0.3239.108&quot;,&quot;webStorageEnabled&quot;:true}}&quot;
12-25-2017 21:23:09 LoggingManagedHttpClientConnection.java DEBUG [Forwarding newSession on session null to remote] http.headers 122 - http-outgoing-203 &lt;&lt; HTTP/1.1 200 OK
12-25-2017 21:23:09 LoggingManagedHttpClientConnection.java DEBUG [Forwarding newSession on session null to remote] http.headers 125 - http-outgoing-203 &lt;&lt; Content-Length:799
12-25-2017 21:23:09 LoggingManagedHttpClientConnection.java DEBUG [Forwarding newSession on session null to remote] http.headers 125 - http-outgoing-203 &lt;&lt; Content-Type:application/json; charset=utf-8
12-25-2017 21:23:09 LoggingManagedHttpClientConnection.java DEBUG [Forwarding newSession on session null to remote] http.headers 125 - http-outgoing-203 &lt;&lt; Connection:close
12-25-2017 21:23:09 LoggingManagedHttpClientConnection.java DEBUG [Forwarding newSession on session null to remote] conn.DefaultManagedHttpClientConnection 79 - http-outgoing-203: Close connection
12-25-2017 21:23:09 ConnectionHolder.java DEBUG [Forwarding newSession on session null to remote] execchain.MainClientExec 104 - Connection discarded
12-25-2017 21:23:09 PoolingHttpClientConnectionManager.java DEBUG [Forwarding newSession on session null to remote] conn.PoolingHttpClientConnectionManager 326 - Connection released: [id: 203][route: {}-&gt;http://localhost:48700][total kept alive: 0; route allocated: 0 of 2000; total allocated: 0 of 2000]
12-25-2017 21:23:09 RequestAddCookies.java DEBUG [Forwarding maximizeCurrentWindow on session e1d7cd658fd8ee0b8c0a3f76d376bdb3 to remote] protocol.RequestAddCookies 123 - CookieSpec selected: default
12-25-2017 21:23:09 RequestAuthCache.java DEBUG [Forwarding maximizeCurrentWindow on session e1d7cd658fd8ee0b8c0a3f76d376bdb3 to remote] protocol.RequestAuthCache 77 - Auth cache not set in the context
12-25-2017 21:23:09 PoolingHttpClientConnectionManager.java DEBUG [Forwarding maximizeCurrentWindow on session e1d7cd658fd8ee0b8c0a3f76d376bdb3 to remote] conn.PoolingHttpClientConnectionManager 255 - Connection request: [route: {}-&gt;http://localhost:48700][total kept alive: 0; route allocated: 0 of 2000; total allocated: 0 of 2000]
12-25-2017 21:23:09 PoolingHttpClientConnectionManager.java DEBUG [Forwarding maximizeCurrentWindow on session e1d7cd658fd8ee0b8c0a3f76d376bdb3 to remote] conn.PoolingHttpClientConnectionManager 288 - Connection leased: [id: 204][route: {}-&gt;http://localhost:48700][total kept alive: 0; route allocated: 1 of 2000; total allocated: 1 of 2000]
12-25-2017 21:23:09 MainClientExec.java DEBUG [Forwarding maximizeCurrentWindow on session e1d7cd658fd8ee0b8c0a3f76d376bdb3 to remote] execchain.MainClientExec 235 - Opening connection {}-&gt;http://localhost:48700
12-25-2017 21:23:09 DefaultHttpClientConnectionOperator.java DEBUG [Forwarding maximizeCurrentWindow on session e1d7cd658fd8ee0b8c0a3f76d376bdb3 to remote] conn.DefaultHttpClientConnectionOperator 139 - Connecting to localhost/127.0.0.1:48700
12-25-2017 21:23:09 DefaultHttpClientConnectionOperator.java DEBUG [Forwarding maximizeCurrentWindow on session e1d7cd658fd8ee0b8c0a3f76d376bdb3 to remote] conn.DefaultHttpClientConnectionOperator 146 - Connection established 127.0.0.1:50503&lt;-&gt;127.0.0.1:48700
12-25-2017 21:23:09 LoggingManagedHttpClientConnection.java DEBUG [Forwarding maximizeCurrentWindow on session e1d7cd658fd8ee0b8c0a3f76d376bdb3 to remote] conn.DefaultManagedHttpClientConnection 88 - http-outgoing-204: set socket timeout to 10800000
12-25-2017 21:23:09 MainClientExec.java DEBUG [Forwarding maximizeCurrentWindow on session e1d7cd658fd8ee0b8c0a3f76d376bdb3 to remote] execchain.MainClientExec 256 - Executing request POST /session/e1d7cd658fd8ee0b8c0a3f76d376bdb3/window/current/maximize HTTP/1.1
12-25-2017 21:23:09 MainClientExec.java DEBUG [Forwarding maximizeCurrentWindow on session e1d7cd658fd8ee0b8c0a3f76d376bdb3 to remote] execchain.MainClientExec 261 - Target auth state: UNCHALLENGED
12-25-2017 21:23:09 MainClientExec.java DEBUG [Forwarding maximizeCurrentWindow on session e1d7cd658fd8ee0b8c0a3f76d376bdb3 to remote] execchain.MainClientExec 267 - Proxy auth state: UNCHALLENGED
12-25-2017 21:23:09 LoggingManagedHttpClientConnection.java DEBUG [Forwarding maximizeCurrentWindow on session e1d7cd658fd8ee0b8c0a3f76d376bdb3 to remote] http.headers 133 - http-outgoing-204 &gt;&gt; POST /session/e1d7cd658fd8ee0b8c0a3f76d376bdb3/window/current/maximize HTTP/1.1
12-25-2017 21:23:09 LoggingManagedHttpClientConnection.java DEBUG [Forwarding maximizeCurrentWindow on session e1d7cd658fd8ee0b8c0a3f76d376bdb3 to remote] http.headers 136 - http-outgoing-204 &gt;&gt; Content-Type: application/json; charset=utf-8
12-25-2017 21:23:09 LoggingManagedHttpClientConnection.java DEBUG [Forwarding maximizeCurrentWindow on session e1d7cd658fd8ee0b8c0a3f76d376bdb3 to remote] http.headers 136 - http-outgoing-204 &gt;&gt; Content-Length: 45
12-25-2017 21:23:09 LoggingManagedHttpClientConnection.java DEBUG [Forwarding maximizeCurrentWindow on session e1d7cd658fd8ee0b8c0a3f76d376bdb3 to remote] http.headers 136 - http-outgoing-204 &gt;&gt; Host: localhost:48700
12-25-2017 21:23:09 LoggingManagedHttpClientConnection.java DEBUG [Forwarding maximizeCurrentWindow on session e1d7cd658fd8ee0b8c0a3f76d376bdb3 to remote] http.headers 136 - http-outgoing-204 &gt;&gt; Connection: Keep-Alive
12-25-2017 21:23:09 LoggingManagedHttpClientConnection.java DEBUG [Forwarding maximizeCurrentWindow on session e1d7cd658fd8ee0b8c0a3f76d376bdb3 to remote] http.headers 136 - http-outgoing-204 &gt;&gt; User-Agent: Apache-HttpClient/4.5.3 (Java/1.8.0_151)
12-25-2017 21:23:09 LoggingManagedHttpClientConnection.java DEBUG [Forwarding maximizeCurrentWindow on session e1d7cd658fd8ee0b8c0a3f76d376bdb3 to remote] http.headers 136 - http-outgoing-204 &gt;&gt; Accept-Encoding: gzip,deflate
12-25-2017 21:23:09 Wire.java DEBUG [Forwarding maximizeCurrentWindow on session e1d7cd658fd8ee0b8c0a3f76d376bdb3 to remote] http.wire 73 - http-outgoing-204 &gt;&gt; &quot;POST /session/e1d7cd658fd8ee0b8c0a3f76d376bdb3/window/current/maximize HTTP/1.1[\r][\n]&quot;
12-25-2017 21:23:09 Wire.java DEBUG [Forwarding maximizeCurrentWindow on session e1d7cd658fd8ee0b8c0a3f76d376bdb3 to remote] http.wire 73 - http-outgoing-204 &gt;&gt; &quot;Content-Type: application/json; charset=utf-8[\r][\n]&quot;
12-25-2017 21:23:09 Wire.java DEBUG [Forwarding maximizeCurrentWindow on session e1d7cd658fd8ee0b8c0a3f76d376bdb3 to remote] http.wire 73 - http-outgoing-204 &gt;&gt; &quot;Content-Length: 45[\r][\n]&quot;
12-25-2017 21:23:09 Wire.java DEBUG [Forwarding maximizeCurrentWindow on session e1d7cd658fd8ee0b8c0a3f76d376bdb3 to remote] http.wire 73 - http-outgoing-204 &gt;&gt; &quot;Host: localhost:48700[\r][\n]&quot;
12-25-2017 21:23:09 Wire.java DEBUG [Forwarding maximizeCurrentWindow on session e1d7cd658fd8ee0b8c0a3f76d376bdb3 to remote] http.wire 73 - http-outgoing-204 &gt;&gt; &quot;Connection: Keep-Alive[\r][\n]&quot;
12-25-2017 21:23:09 Wire.java DEBUG [Forwarding maximizeCurrentWindow on session e1d7cd658fd8ee0b8c0a3f76d376bdb3 to remote] http.wire 73 - http-outgoing-204 &gt;&gt; &quot;User-Agent: Apache-HttpClient/4.5.3 (Java/1.8.0_151)[\r][\n]&quot;
12-25-2017 21:23:09 Wire.java DEBUG [Forwarding maximizeCurrentWindow on session e1d7cd658fd8ee0b8c0a3f76d376bdb3 to remote] http.wire 73 - http-outgoing-204 &gt;&gt; &quot;Accept-Encoding: gzip,deflate[\r][\n]&quot;
12-25-2017 21:23:09 Wire.java DEBUG [Forwarding maximizeCurrentWindow on session e1d7cd658fd8ee0b8c0a3f76d376bdb3 to remote] http.wire 73 - http-outgoing-204 &gt;&gt; &quot;[\r][\n]&quot;
12-25-2017 21:23:09 Wire.java DEBUG [Forwarding maximizeCurrentWindow on session e1d7cd658fd8ee0b8c0a3f76d376bdb3 to remote] http.wire 87 - http-outgoing-204 &gt;&gt; &quot;{&quot;windowHandle&quot;:&quot;current&quot;,&quot;handle&quot;:&quot;current&quot;}&quot;
12-25-2017 21:23:10 Wire.java DEBUG [Forwarding maximizeCurrentWindow on session e1d7cd658fd8ee0b8c0a3f76d376bdb3 to remote] http.wire 73 - http-outgoing-204 &lt;&lt; &quot;HTTP/1.1 200 OK[\r][\n]&quot;
12-25-2017 21:23:10 Wire.java DEBUG [Forwarding maximizeCurrentWindow on session e1d7cd658fd8ee0b8c0a3f76d376bdb3 to remote] http.wire 73 - http-outgoing-204 &lt;&lt; &quot;Content-Length:72[\r][\n]&quot;
12-25-2017 21:23:10 Wire.java DEBUG [Forwarding maximizeCurrentWindow on session e1d7cd658fd8ee0b8c0a3f76d376bdb3 to remote] http.wire 73 - http-outgoing-204 &lt;&lt; &quot;Content-Type:application/json; charset=utf-8[\r][\n]&quot;
12-25-2017 21:23:10 Wire.java DEBUG [Forwarding maximizeCurrentWindow on session e1d7cd658fd8ee0b8c0a3f76d376bdb3 to remote] http.wire 73 - http-outgoing-204 &lt;&lt; &quot;Connection:close[\r][\n]&quot;
12-25-2017 21:23:10 Wire.java DEBUG [Forwarding maximizeCurrentWindow on session e1d7cd658fd8ee0b8c0a3f76d376bdb3 to remote] http.wire 73 - http-outgoing-204 &lt;&lt; &quot;[\r][\n]&quot;
12-25-2017 21:23:10 Wire.java DEBUG [Forwarding maximizeCurrentWindow on session e1d7cd658fd8ee0b8c0a3f76d376bdb3 to remote] http.wire 87 - http-outgoing-204 &lt;&lt; &quot;{&quot;sessionId&quot;:&quot;e1d7cd658fd8ee0b8c0a3f76d376bdb3&quot;,&quot;status&quot;:0,&quot;value&quot;:null}&quot;
12-25-2017 21:23:10 LoggingManagedHttpClientConnection.java DEBUG [Forwarding maximizeCurrentWindow on session e1d7cd658fd8ee0b8c0a3f76d376bdb3 to remote] http.headers 122 - http-outgoing-204 &lt;&lt; HTTP/1.1 200 OK
12-25-2017 21:23:10 LoggingManagedHttpClientConnection.java DEBUG [Forwarding maximizeCurrentWindow on session e1d7cd658fd8ee0b8c0a3f76d376bdb3 to remote] http.headers 125 - http-outgoing-204 &lt;&lt; Content-Length:72
12-25-2017 21:23:10 LoggingManagedHttpClientConnection.java DEBUG [Forwarding maximizeCurrentWindow on session e1d7cd658fd8ee0b8c0a3f76d376bdb3 to remote] http.headers 125 - http-outgoing-204 &lt;&lt; Content-Type:application/json; charset=utf-8
12-25-2017 21:23:10 LoggingManagedHttpClientConnection.java DEBUG [Forwarding maximizeCurrentWindow on session e1d7cd658fd8ee0b8c0a3f76d376bdb3 to remote] http.headers 125 - http-outgoing-204 &lt;&lt; Connection:close
12-25-2017 21:23:10 LoggingManagedHttpClientConnection.java DEBUG [Forwarding maximizeCurrentWindow on session e1d7cd658fd8ee0b8c0a3f76d376bdb3 to remote] conn.DefaultManagedHttpClientConnection 79 - http-outgoing-204: Close connection
12-25-2017 21:23:10 ConnectionHolder.java DEBUG [Forwarding maximizeCurrentWindow on session e1d7cd658fd8ee0b8c0a3f76d376bdb3 to remote] execchain.MainClientExec 104 - Connection discarded
12-25-2017 21:23:10 PoolingHttpClientConnectionManager.java DEBUG [Forwarding maximizeCurrentWindow on session e1d7cd658fd8ee0b8c0a3f76d376bdb3 to remote] conn.PoolingHttpClientConnectionManager 326 - Connection released: [id: 204][route: {}-&gt;http://localhost:48700][total kept alive: 0; route allocated: 0 of 2000; total allocated: 0 of 2000]
12-25-2017 21:23:10 RequestAddCookies.java DEBUG [Forwarding deleteAllCookies on session e1d7cd658fd8ee0b8c0a3f76d376bdb3 to remote] protocol.RequestAddCookies 123 - CookieSpec selected: default
12-25-2017 21:23:10 RequestAuthCache.java DEBUG [Forwarding deleteAllCookies on session e1d7cd658fd8ee0b8c0a3f76d376bdb3 to remote] protocol.RequestAuthCache 77 - Auth cache not set in the context
12-25-2017 21:23:10 PoolingHttpClientConnectionManager.java DEBUG [Forwarding deleteAllCookies on session e1d7cd658fd8ee0b8c0a3f76d376bdb3 to remote] conn.PoolingHttpClientConnectionManager 255 - Connection request: [route: {}-&gt;http://localhost:48700][total kept alive: 0; route allocated: 0 of 2000; total allocated: 0 of 2000]
12-25-2017 21:23:10 PoolingHttpClientConnectionManager.java DEBUG [Forwarding deleteAllCookies on session e1d7cd658fd8ee0b8c0a3f76d376bdb3 to remote] conn.PoolingHttpClientConnectionManager 288 - Connection leased: [id: 205][route: {}-&gt;http://localhost:48700][total kept alive: 0; route allocated: 1 of 2000; total allocated: 1 of 2000]
12-25-2017 21:23:10 MainClientExec.java DEBUG [Forwarding deleteAllCookies on session e1d7cd658fd8ee0b8c0a3f76d376bdb3 to remote] execchain.MainClientExec 235 - Opening connection {}-&gt;http://localhost:48700
12-25-2017 21:23:10 DefaultHttpClientConnectionOperator.java DEBUG [Forwarding deleteAllCookies on session e1d7cd658fd8ee0b8c0a3f76d376bdb3 to remote] conn.DefaultHttpClientConnectionOperator 139 - Connecting to localhost/127.0.0.1:48700
12-25-2017 21:23:10 DefaultHttpClientConnectionOperator.java DEBUG [Forwarding deleteAllCookies on session e1d7cd658fd8ee0b8c0a3f76d376bdb3 to remote] conn.DefaultHttpClientConnectionOperator 146 - Connection established 127.0.0.1:50506&lt;-&gt;127.0.0.1:48700
12-25-2017 21:23:10 LoggingManagedHttpClientConnection.java DEBUG [Forwarding deleteAllCookies on session e1d7cd658fd8ee0b8c0a3f76d376bdb3 to remote] conn.DefaultManagedHttpClientConnection 88 - http-outgoing-205: set socket timeout to 10800000
12-25-2017 21:23:10 MainClientExec.java DEBUG [Forwarding deleteAllCookies on session e1d7cd658fd8ee0b8c0a3f76d376bdb3 to remote] execchain.MainClientExec 256 - Executing request DELETE /session/e1d7cd658fd8ee0b8c0a3f76d376bdb3/cookie HTTP/1.1
12-25-2017 21:23:10 MainClientExec.java DEBUG [Forwarding deleteAllCookies on session e1d7cd658fd8ee0b8c0a3f76d376bdb3 to remote] execchain.MainClientExec 261 - Target auth state: UNCHALLENGED
12-25-2017 21:23:10 MainClientExec.java DEBUG [Forwarding deleteAllCookies on session e1d7cd658fd8ee0b8c0a3f76d376bdb3 to remote] execchain.MainClientExec 267 - Proxy auth state: UNCHALLENGED
12-25-2017 21:23:10 LoggingManagedHttpClientConnection.java DEBUG [Forwarding deleteAllCookies on session e1d7cd658fd8ee0b8c0a3f76d376bdb3 to remote] http.headers 133 - http-outgoing-205 &gt;&gt; DELETE /session/e1d7cd658fd8ee0b8c0a3f76d376bdb3/cookie HTTP/1.1
12-25-2017 21:23:10 LoggingManagedHttpClientConnection.java DEBUG [Forwarding deleteAllCookies on session e1d7cd658fd8ee0b8c0a3f76d376bdb3 to remote] http.headers 136 - http-outgoing-205 &gt;&gt; Host: localhost:48700
12-25-2017 21:23:10 LoggingManagedHttpClientConnection.java DEBUG [Forwarding deleteAllCookies on session e1d7cd658fd8ee0b8c0a3f76d376bdb3 to remote] http.headers 136 - http-outgoing-205 &gt;&gt; Connection: Keep-Alive
12-25-2017 21:23:10 LoggingManagedHttpClientConnection.java DEBUG [Forwarding deleteAllCookies on session e1d7cd658fd8ee0b8c0a3f76d376bdb3 to remote] http.headers 136 - http-outgoing-205 &gt;&gt; User-Agent: Apache-HttpClient/4.5.3 (Java/1.8.0_151)
12-25-2017 21:23:10 LoggingManagedHttpClientConnection.java DEBUG [Forwarding deleteAllCookies on session e1d7cd658fd8ee0b8c0a3f76d376bdb3 to remote] http.headers 136 - http-outgoing-205 &gt;&gt; Accept-Encoding: gzip,deflate
12-25-2017 21:23:10 Wire.java DEBUG [Forwarding deleteAllCookies on session e1d7cd658fd8ee0b8c0a3f76d376bdb3 to remote] http.wire 73 - http-outgoing-205 &gt;&gt; &quot;DELETE /session/e1d7cd658fd8ee0b8c0a3f76d376bdb3/cookie HTTP/1.1[\r][\n]&quot;
12-25-2017 21:23:10 Wire.java DEBUG [Forwarding deleteAllCookies on session e1d7cd658fd8ee0b8c0a3f76d376bdb3 to remote] http.wire 73 - http-outgoing-205 &gt;&gt; &quot;Host: localhost:48700[\r][\n]&quot;
12-25-2017 21:23:10 Wire.java DEBUG [Forwarding deleteAllCookies on session e1d7cd658fd8ee0b8c0a3f76d376bdb3 to remote] http.wire 73 - http-outgoing-205 &gt;&gt; &quot;Connection: Keep-Alive[\r][\n]&quot;
12-25-2017 21:23:10 Wire.java DEBUG [Forwarding deleteAllCookies on session e1d7cd658fd8ee0b8c0a3f76d376bdb3 to remote] http.wire 73 - http-outgoing-205 &gt;&gt; &quot;User-Agent: Apache-HttpClient/4.5.3 (Java/1.8.0_151)[\r][\n]&quot;
12-25-2017 21:23:10 Wire.java DEBUG [Forwarding deleteAllCookies on session e1d7cd658fd8ee0b8c0a3f76d376bdb3 to remote] http.wire 73 - http-outgoing-205 &gt;&gt; &quot;Accept-Encoding: gzip,deflate[\r][\n]&quot;
12-25-2017 21:23:10 Wire.java DEBUG [Forwarding deleteAllCookies on session e1d7cd658fd8ee0b8c0a3f76d376bdb3 to remote] http.wire 73 - http-outgoing-205 &gt;&gt; &quot;[\r][\n]&quot;
12-25-2017 21:23:11 Wire.java DEBUG [Forwarding deleteAllCookies on session e1d7cd658fd8ee0b8c0a3f76d376bdb3 to remote] http.wire 73 - http-outgoing-205 &lt;&lt; &quot;HTTP/1.1 200 OK[\r][\n]&quot;
12-25-2017 21:23:11 Wire.java DEBUG [Forwarding deleteAllCookies on session e1d7cd658fd8ee0b8c0a3f76d376bdb3 to remote] http.wire 73 - http-outgoing-205 &lt;&lt; &quot;Content-Length:72[\r][\n]&quot;
12-25-2017 21:23:11 Wire.java DEBUG [Forwarding deleteAllCookies on session e1d7cd658fd8ee0b8c0a3f76d376bdb3 to remote] http.wire 73 - http-outgoing-205 &lt;&lt; &quot;Content-Type:application/json; charset=utf-8[\r][\n]&quot;
12-25-2017 21:23:11 Wire.java DEBUG [Forwarding deleteAllCookies on session e1d7cd658fd8ee0b8c0a3f76d376bdb3 to remote] http.wire 73 - http-outgoing-205 &lt;&lt; &quot;Connection:close[\r][\n]&quot;
12-25-2017 21:23:11 Wire.java DEBUG [Forwarding deleteAllCookies on session e1d7cd658fd8ee0b8c0a3f76d376bdb3 to remote] http.wire 73 - http-outgoing-205 &lt;&lt; &quot;[\r][\n]&quot;
12-25-2017 21:23:11 Wire.java DEBUG [Forwarding deleteAllCookies on session e1d7cd658fd8ee0b8c0a3f76d376bdb3 to remote] http.wire 87 - http-outgoing-205 &lt;&lt; &quot;{&quot;sessionId&quot;:&quot;e1d7cd658fd8ee0b8c0a3f76d376bdb3&quot;,&quot;status&quot;:0,&quot;value&quot;:null}&quot;
12-25-2017 21:23:11 LoggingManagedHttpClientConnection.java DEBUG [Forwarding deleteAllCookies on session e1d7cd658fd8ee0b8c0a3f76d376bdb3 to remote] http.headers 122 - http-outgoing-205 &lt;&lt; HTTP/1.1 200 OK
12-25-2017 21:23:11 LoggingManagedHttpClientConnection.java DEBUG [Forwarding deleteAllCookies on session e1d7cd658fd8ee0b8c0a3f76d376bdb3 to remote] http.headers 125 - http-outgoing-205 &lt;&lt; Content-Length:72
12-25-2017 21:23:11 LoggingManagedHttpClientConnection.java DEBUG [Forwarding deleteAllCookies on session e1d7cd658fd8ee0b8c0a3f76d376bdb3 to remote] http.headers 125 - http-outgoing-205 &lt;&lt; Content-Type:application/json; charset=utf-8
12-25-2017 21:23:11 LoggingManagedHttpClientConnection.java DEBUG [Forwarding deleteAllCookies on session e1d7cd658fd8ee0b8c0a3f76d376bdb3 to remote] http.headers 125 - http-outgoing-205 &lt;&lt; Connection:close
12-25-2017 21:23:11 LoggingManagedHttpClientConnection.java DEBUG [Forwarding deleteAllCookies on session e1d7cd658fd8ee0b8c0a3f76d376bdb3 to remote] conn.DefaultManagedHttpClientConnection 79 - http-outgoing-205: Close connection
12-25-2017 21:23:11 ConnectionHolder.java DEBUG [Forwarding deleteAllCookies on session e1d7cd658fd8ee0b8c0a3f76d376bdb3 to remote] execchain.MainClientExec 104 - Connection discarded
12-25-2017 21:23:11 PoolingHttpClientConnectionManager.java DEBUG [Forwarding deleteAllCookies on session e1d7cd658fd8ee0b8c0a3f76d376bdb3 to remote] conn.PoolingHttpClientConnectionManager 326 - Connection released: [id: 205][route: {}-&gt;http://localhost:48700][total kept alive: 0; route allocated: 0 of 2000; total allocated: 0 of 2000]
12-25-2017 21:23:11 RequestAddCookies.java DEBUG [Forwarding setTimeout on session e1d7cd658fd8ee0b8c0a3f76d376bdb3 to remote] protocol.RequestAddCookies 123 - CookieSpec selected: default
12-25-2017 21:23:11 RequestAuthCache.java DEBUG [Forwarding setTimeout on session e1d7cd658fd8ee0b8c0a3f76d376bdb3 to remote] protocol.RequestAuthCache 77 - Auth cache not set in the context
12-25-2017 21:23:11 PoolingHttpClientConnectionManager.java DEBUG [Forwarding setTimeout on session e1d7cd658fd8ee0b8c0a3f76d376bdb3 to remote] conn.PoolingHttpClientConnectionManager 255 - Connection request: [route: {}-&gt;http://localhost:48700][total kept alive: 0; route allocated: 0 of 2000; total allocated: 0 of 2000]
12-25-2017 21:23:11 PoolingHttpClientConnectionManager.java DEBUG [Forwarding setTimeout on session e1d7cd658fd8ee0b8c0a3f76d376bdb3 to remote] conn.PoolingHttpClientConnectionManager 288 - Connection leased: [id: 206][route: {}-&gt;http://localhost:48700][total kept alive: 0; route allocated: 1 of 2000; total allocated: 1 of 2000]
12-25-2017 21:23:11 MainClientExec.java DEBUG [Forwarding setTimeout on session e1d7cd658fd8ee0b8c0a3f76d376bdb3 to remote] execchain.MainClientExec 235 - Opening connection {}-&gt;http://localhost:48700
12-25-2017 21:23:11 DefaultHttpClientConnectionOperator.java DEBUG [Forwarding setTimeout on session e1d7cd658fd8ee0b8c0a3f76d376bdb3 to remote] conn.DefaultHttpClientConnectionOperator 139 - Connecting to localhost/127.0.0.1:48700
12-25-2017 21:23:11 DefaultHttpClientConnectionOperator.java DEBUG [Forwarding setTimeout on session e1d7cd658fd8ee0b8c0a3f76d376bdb3 to remote] conn.DefaultHttpClientConnectionOperator 146 - Connection established 127.0.0.1:50508&lt;-&gt;127.0.0.1:48700
12-25-2017 21:23:11 LoggingManagedHttpClientConnection.java DEBUG [Forwarding setTimeout on session e1d7cd658fd8ee0b8c0a3f76d376bdb3 to remote] conn.DefaultManagedHttpClientConnection 88 - http-outgoing-206: set socket timeout to 10800000
12-25-2017 21:23:11 MainClientExec.java DEBUG [Forwarding setTimeout on session e1d7cd658fd8ee0b8c0a3f76d376bdb3 to remote] execchain.MainClientExec 256 - Executing request POST /session/e1d7cd658fd8ee0b8c0a3f76d376bdb3/timeouts HTTP/1.1
12-25-2017 21:23:11 MainClientExec.java DEBUG [Forwarding setTimeout on session e1d7cd658fd8ee0b8c0a3f76d376bdb3 to remote] execchain.MainClientExec 261 - Target auth state: UNCHALLENGED
12-25-2017 21:23:11 MainClientExec.java DEBUG [Forwarding setTimeout on session e1d7cd658fd8ee0b8c0a3f76d376bdb3 to remote] execchain.MainClientExec 267 - Proxy auth state: UNCHALLENGED
12-25-2017 21:23:11 LoggingManagedHttpClientConnection.java DEBUG [Forwarding setTimeout on session e1d7cd658fd8ee0b8c0a3f76d376bdb3 to remote] http.headers 133 - http-outgoing-206 &gt;&gt; POST /session/e1d7cd658fd8ee0b8c0a3f76d376bdb3/timeouts HTTP/1.1
12-25-2017 21:23:11 LoggingManagedHttpClientConnection.java DEBUG [Forwarding setTimeout on session e1d7cd658fd8ee0b8c0a3f76d376bdb3 to remote] http.headers 136 - http-outgoing-206 &gt;&gt; Content-Type: application/json; charset=utf-8
12-25-2017 21:23:11 LoggingManagedHttpClientConnection.java DEBUG [Forwarding setTimeout on session e1d7cd658fd8ee0b8c0a3f76d376bdb3 to remote] http.headers 136 - http-outgoing-206 &gt;&gt; Content-Length: 31
12-25-2017 21:23:11 LoggingManagedHttpClientConnection.java DEBUG [Forwarding setTimeout on session e1d7cd658fd8ee0b8c0a3f76d376bdb3 to remote] http.headers 136 - http-outgoing-206 &gt;&gt; Host: localhost:48700
12-25-2017 21:23:11 LoggingManagedHttpClientConnection.java DEBUG [Forwarding setTimeout on session e1d7cd658fd8ee0b8c0a3f76d376bdb3 to remote] http.headers 136 - http-outgoing-206 &gt;&gt; Connection: Keep-Alive
12-25-2017 21:23:11 LoggingManagedHttpClientConnection.java DEBUG [Forwarding setTimeout on session e1d7cd658fd8ee0b8c0a3f76d376bdb3 to remote] http.headers 136 - http-outgoing-206 &gt;&gt; User-Agent: Apache-HttpClient/4.5.3 (Java/1.8.0_151)
12-25-2017 21:23:11 LoggingManagedHttpClientConnection.java DEBUG [Forwarding setTimeout on session e1d7cd658fd8ee0b8c0a3f76d376bdb3 to remote] http.headers 136 - http-outgoing-206 &gt;&gt; Accept-Encoding: gzip,deflate
12-25-2017 21:23:11 Wire.java DEBUG [Forwarding setTimeout on session e1d7cd658fd8ee0b8c0a3f76d376bdb3 to remote] http.wire 73 - http-outgoing-206 &gt;&gt; &quot;POST /session/e1d7cd658fd8ee0b8c0a3f76d376bdb3/timeouts HTTP/1.1[\r][\n]&quot;
12-25-2017 21:23:11 Wire.java DEBUG [Forwarding setTimeout on session e1d7cd658fd8ee0b8c0a3f76d376bdb3 to remote] http.wire 73 - http-outgoing-206 &gt;&gt; &quot;Content-Type: application/json; charset=utf-8[\r][\n]&quot;
12-25-2017 21:23:11 Wire.java DEBUG [Forwarding setTimeout on session e1d7cd658fd8ee0b8c0a3f76d376bdb3 to remote] http.wire 73 - http-outgoing-206 &gt;&gt; &quot;Content-Length: 31[\r][\n]&quot;
12-25-2017 21:23:11 Wire.java DEBUG [Forwarding setTimeout on session e1d7cd658fd8ee0b8c0a3f76d376bdb3 to remote] http.wire 73 - http-outgoing-206 &gt;&gt; &quot;Host: localhost:48700[\r][\n]&quot;
12-25-2017 21:23:11 Wire.java DEBUG [Forwarding setTimeout on session e1d7cd658fd8ee0b8c0a3f76d376bdb3 to remote] http.wire 73 - http-outgoing-206 &gt;&gt; &quot;Connection: Keep-Alive[\r][\n]&quot;
12-25-2017 21:23:11 Wire.java DEBUG [Forwarding setTimeout on session e1d7cd658fd8ee0b8c0a3f76d376bdb3 to remote] http.wire 73 - http-outgoing-206 &gt;&gt; &quot;User-Agent: Apache-HttpClient/4.5.3 (Java/1.8.0_151)[\r][\n]&quot;
12-25-2017 21:23:11 Wire.java DEBUG [Forwarding setTimeout on session e1d7cd658fd8ee0b8c0a3f76d376bdb3 to remote] http.wire 73 - http-outgoing-206 &gt;&gt; &quot;Accept-Encoding: gzip,deflate[\r][\n]&quot;
12-25-2017 21:23:11 Wire.java DEBUG [Forwarding setTimeout on session e1d7cd658fd8ee0b8c0a3f76d376bdb3 to remote] http.wire 73 - http-outgoing-206 &gt;&gt; &quot;[\r][\n]&quot;
12-25-2017 21:23:11 Wire.java DEBUG [Forwarding setTimeout on session e1d7cd658fd8ee0b8c0a3f76d376bdb3 to remote] http.wire 87 - http-outgoing-206 &gt;&gt; &quot;{&quot;type&quot;:&quot;page load&quot;,&quot;ms&quot;:40000}&quot;
12-25-2017 21:23:11 Wire.java DEBUG [Forwarding setTimeout on session e1d7cd658fd8ee0b8c0a3f76d376bdb3 to remote] http.wire 73 - http-outgoing-206 &lt;&lt; &quot;HTTP/1.1 200 OK[\r][\n]&quot;
12-25-2017 21:23:11 Wire.java DEBUG [Forwarding setTimeout on session e1d7cd658fd8ee0b8c0a3f76d376bdb3 to remote] http.wire 73 - http-outgoing-206 &lt;&lt; &quot;Content-Length:72[\r][\n]&quot;
12-25-2017 21:23:11 Wire.java DEBUG [Forwarding setTimeout on session e1d7cd658fd8ee0b8c0a3f76d376bdb3 to remote] http.wire 73 - http-outgoing-206 &lt;&lt; &quot;Content-Type:application/json; charset=utf-8[\r][\n]&quot;
12-25-2017 21:23:11 Wire.java DEBUG [Forwarding setTimeout on session e1d7cd658fd8ee0b8c0a3f76d376bdb3 to remote] http.wire 73 - http-outgoing-206 &lt;&lt; &quot;Connection:close[\r][\n]&quot;
12-25-2017 21:23:11 Wire.java DEBUG [Forwarding setTimeout on session e1d7cd658fd8ee0b8c0a3f76d376bdb3 to remote] http.wire 73 - http-outgoing-206 &lt;&lt; &quot;[\r][\n]&quot;
12-25-2017 21:23:11 Wire.java DEBUG [Forwarding setTimeout on session e1d7cd658fd8ee0b8c0a3f76d376bdb3 to remote] http.wire 87 - http-outgoing-206 &lt;&lt; &quot;{&quot;sessionId&quot;:&quot;e1d7cd658fd8ee0b8c0a3f76d376bdb3&quot;,&quot;status&quot;:0,&quot;value&quot;:null}&quot;
12-25-2017 21:23:11 LoggingManagedHttpClientConnection.java DEBUG [Forwarding setTimeout on session e1d7cd658fd8ee0b8c0a3f76d376bdb3 to remote] http.headers 122 - http-outgoing-206 &lt;&lt; HTTP/1.1 200 OK
12-25-2017 21:23:11 LoggingManagedHttpClientConnection.java DEBUG [Forwarding setTimeout on session e1d7cd658fd8ee0b8c0a3f76d376bdb3 to remote] http.headers 125 - http-outgoing-206 &lt;&lt; Content-Length:72
12-25-2017 21:23:11 LoggingManagedHttpClientConnection.java DEBUG [Forwarding setTimeout on session e1d7cd658fd8ee0b8c0a3f76d376bdb3 to remote] http.headers 125 - http-outgoing-206 &lt;&lt; Content-Type:application/json; charset=utf-8
12-25-2017 21:23:11 LoggingManagedHttpClientConnection.java DEBUG [Forwarding setTimeout on session e1d7cd658fd8ee0b8c0a3f76d376bdb3 to remote] http.headers 125 - http-outgoing-206 &lt;&lt; Connection:close
12-25-2017 21:23:11 LoggingManagedHttpClientConnection.java DEBUG [Forwarding setTimeout on session e1d7cd658fd8ee0b8c0a3f76d376bdb3 to remote] conn.DefaultManagedHttpClientConnection 79 - http-outgoing-206: Close connection
12-25-2017 21:23:11 ConnectionHolder.java DEBUG [Forwarding setTimeout on session e1d7cd658fd8ee0b8c0a3f76d376bdb3 to remote] execchain.MainClientExec 104 - Connection discarded
12-25-2017 21:23:11 PoolingHttpClientConnectionManager.java DEBUG [Forwarding setTimeout on session e1d7cd658fd8ee0b8c0a3f76d376bdb3 to remote] conn.PoolingHttpClientConnectionManager 326 - Connection released: [id: 206][route: {}-&gt;http://localhost:48700][total kept alive: 0; route allocated: 0 of 2000; total allocated: 0 of 2000]
12-25-2017 21:23:11 RequestAddCookies.java DEBUG [Forwarding setTimeout on session e1d7cd658fd8ee0b8c0a3f76d376bdb3 to remote] protocol.RequestAddCookies 123 - CookieSpec selected: default
12-25-2017 21:23:11 RequestAuthCache.java DEBUG [Forwarding setTimeout on session e1d7cd658fd8ee0b8c0a3f76d376bdb3 to remote] protocol.RequestAuthCache 77 - Auth cache not set in the context
12-25-2017 21:23:11 PoolingHttpClientConnectionManager.java DEBUG [Forwarding setTimeout on session e1d7cd658fd8ee0b8c0a3f76d376bdb3 to remote] conn.PoolingHttpClientConnectionManager 255 - Connection request: [route: {}-&gt;http://localhost:48700][total kept alive: 0; route allocated: 0 of 2000; total allocated: 0 of 2000]
12-25-2017 21:23:11 PoolingHttpClientConnectionManager.java DEBUG [Forwarding setTimeout on session e1d7cd658fd8ee0b8c0a3f76d376bdb3 to remote] conn.PoolingHttpClientConnectionManager 288 - Connection leased: [id: 207][route: {}-&gt;http://localhost:48700][total kept alive: 0; route allocated: 1 of 2000; total allocated: 1 of 2000]
12-25-2017 21:23:11 MainClientExec.java DEBUG [Forwarding setTimeout on session e1d7cd658fd8ee0b8c0a3f76d376bdb3 to remote] execchain.MainClientExec 235 - Opening connection {}-&gt;http://localhost:48700
12-25-2017 21:23:11 DefaultHttpClientConnectionOperator.java DEBUG [Forwarding setTimeout on session e1d7cd658fd8ee0b8c0a3f76d376bdb3 to remote] conn.DefaultHttpClientConnectionOperator 139 - Connecting to localhost/127.0.0.1:48700
12-25-2017 21:23:11 DefaultHttpClientConnectionOperator.java DEBUG [Forwarding setTimeout on session e1d7cd658fd8ee0b8c0a3f76d376bdb3 to remote] conn.DefaultHttpClientConnectionOperator 146 - Connection established 127.0.0.1:50509&lt;-&gt;127.0.0.1:48700
12-25-2017 21:23:11 LoggingManagedHttpClientConnection.java DEBUG [Forwarding setTimeout on session e1d7cd658fd8ee0b8c0a3f76d376bdb3 to remote] conn.DefaultManagedHttpClientConnection 88 - http-outgoing-207: set socket timeout to 10800000
12-25-2017 21:23:11 MainClientExec.java DEBUG [Forwarding setTimeout on session e1d7cd658fd8ee0b8c0a3f76d376bdb3 to remote] execchain.MainClientExec 256 - Executing request POST /session/e1d7cd658fd8ee0b8c0a3f76d376bdb3/timeouts HTTP/1.1
12-25-2017 21:23:11 MainClientExec.java DEBUG [Forwarding setTimeout on session e1d7cd658fd8ee0b8c0a3f76d376bdb3 to remote] execchain.MainClientExec 261 - Target auth state: UNCHALLENGED
12-25-2017 21:23:11 MainClientExec.java DEBUG [Forwarding setTimeout on session e1d7cd658fd8ee0b8c0a3f76d376bdb3 to remote] execchain.MainClientExec 267 - Proxy auth state: UNCHALLENGED
12-25-2017 21:23:11 LoggingManagedHttpClientConnection.java DEBUG [Forwarding setTimeout on session e1d7cd658fd8ee0b8c0a3f76d376bdb3 to remote] http.headers 133 - http-outgoing-207 &gt;&gt; POST /session/e1d7cd658fd8ee0b8c0a3f76d376bdb3/timeouts HTTP/1.1
12-25-2017 21:23:11 LoggingManagedHttpClientConnection.java DEBUG [Forwarding setTimeout on session e1d7cd658fd8ee0b8c0a3f76d376bdb3 to remote] http.headers 136 - http-outgoing-207 &gt;&gt; Content-Type: application/json; charset=utf-8
12-25-2017 21:23:11 LoggingManagedHttpClientConnection.java DEBUG [Forwarding setTimeout on session e1d7cd658fd8ee0b8c0a3f76d376bdb3 to remote] http.headers 136 - http-outgoing-207 &gt;&gt; Content-Length: 30
12-25-2017 21:23:11 LoggingManagedHttpClientConnection.java DEBUG [Forwarding setTimeout on session e1d7cd658fd8ee0b8c0a3f76d376bdb3 to remote] http.headers 136 - http-outgoing-207 &gt;&gt; Host: localhost:48700
12-25-2017 21:23:11 LoggingManagedHttpClientConnection.java DEBUG [Forwarding setTimeout on session e1d7cd658fd8ee0b8c0a3f76d376bdb3 to remote] http.headers 136 - http-outgoing-207 &gt;&gt; Connection: Keep-Alive
12-25-2017 21:23:11 LoggingManagedHttpClientConnection.java DEBUG [Forwarding setTimeout on session e1d7cd658fd8ee0b8c0a3f76d376bdb3 to remote] http.headers 136 - http-outgoing-207 &gt;&gt; User-Agent: Apache-HttpClient/4.5.3 (Java/1.8.0_151)
12-25-2017 21:23:11 LoggingManagedHttpClientConnection.java DEBUG [Forwarding setTimeout on session e1d7cd658fd8ee0b8c0a3f76d376bdb3 to remote] http.headers 136 - http-outgoing-207 &gt;&gt; Accept-Encoding: gzip,deflate
12-25-2017 21:23:11 Wire.java DEBUG [Forwarding setTimeout on session e1d7cd658fd8ee0b8c0a3f76d376bdb3 to remote] http.wire 73 - http-outgoing-207 &gt;&gt; &quot;POST /session/e1d7cd658fd8ee0b8c0a3f76d376bdb3/timeouts HTTP/1.1[\r][\n]&quot;
12-25-2017 21:23:11 Wire.java DEBUG [Forwarding setTimeout on session e1d7cd658fd8ee0b8c0a3f76d376bdb3 to remote] http.wire 73 - http-outgoing-207 &gt;&gt; &quot;Content-Type: application/json; charset=utf-8[\r][\n]&quot;
12-25-2017 21:23:11 Wire.java DEBUG [Forwarding setTimeout on session e1d7cd658fd8ee0b8c0a3f76d376bdb3 to remote] http.wire 73 - http-outgoing-207 &gt;&gt; &quot;Content-Length: 30[\r][\n]&quot;
12-25-2017 21:23:11 Wire.java DEBUG [Forwarding setTimeout on session e1d7cd658fd8ee0b8c0a3f76d376bdb3 to remote] http.wire 73 - http-outgoing-207 &gt;&gt; &quot;Host: localhost:48700[\r][\n]&quot;
12-25-2017 21:23:11 Wire.java DEBUG [Forwarding setTimeout on session e1d7cd658fd8ee0b8c0a3f76d376bdb3 to remote] http.wire 73 - http-outgoing-207 &gt;&gt; &quot;Connection: Keep-Alive[\r][\n]&quot;
12-25-2017 21:23:11 Wire.java DEBUG [Forwarding setTimeout on session e1d7cd658fd8ee0b8c0a3f76d376bdb3 to remote] http.wire 73 - http-outgoing-207 &gt;&gt; &quot;User-Agent: Apache-HttpClient/4.5.3 (Java/1.8.0_151)[\r][\n]&quot;
12-25-2017 21:23:11 Wire.java DEBUG [Forwarding setTimeout on session e1d7cd658fd8ee0b8c0a3f76d376bdb3 to remote] http.wire 73 - http-outgoing-207 &gt;&gt; &quot;Accept-Encoding: gzip,deflate[\r][\n]&quot;
12-25-2017 21:23:11 Wire.java DEBUG [Forwarding setTimeout on session e1d7cd658fd8ee0b8c0a3f76d376bdb3 to remote] http.wire 73 - http-outgoing-207 &gt;&gt; &quot;[\r][\n]&quot;
12-25-2017 21:23:11 Wire.java DEBUG [Forwarding setTimeout on session e1d7cd658fd8ee0b8c0a3f76d376bdb3 to remote] http.wire 87 - http-outgoing-207 &gt;&gt; &quot;{&quot;type&quot;:&quot;implicit&quot;,&quot;ms&quot;:20000}&quot;
12-25-2017 21:23:11 Wire.java DEBUG [Forwarding setTimeout on session e1d7cd658fd8ee0b8c0a3f76d376bdb3 to remote] http.wire 73 - http-outgoing-207 &lt;&lt; &quot;HTTP/1.1 200 OK[\r][\n]&quot;
12-25-2017 21:23:11 Wire.java DEBUG [Forwarding setTimeout on session e1d7cd658fd8ee0b8c0a3f76d376bdb3 to remote] http.wire 73 - http-outgoing-207 &lt;&lt; &quot;Content-Length:72[\r][\n]&quot;
12-25-2017 21:23:11 Wire.java DEBUG [Forwarding setTimeout on session e1d7cd658fd8ee0b8c0a3f76d376bdb3 to remote] http.wire 73 - http-outgoing-207 &lt;&lt; &quot;Content-Type:application/json; charset=utf-8[\r][\n]&quot;
12-25-2017 21:23:11 Wire.java DEBUG [Forwarding setTimeout on session e1d7cd658fd8ee0b8c0a3f76d376bdb3 to remote] http.wire 73 - http-outgoing-207 &lt;&lt; &quot;Connection:close[\r][\n]&quot;
12-25-2017 21:23:11 Wire.java DEBUG [Forwarding setTimeout on session e1d7cd658fd8ee0b8c0a3f76d376bdb3 to remote] http.wire 73 - http-outgoing-207 &lt;&lt; &quot;[\r][\n]&quot;
12-25-2017 21:23:11 Wire.java DEBUG [Forwarding setTimeout on session e1d7cd658fd8ee0b8c0a3f76d376bdb3 to remote] http.wire 87 - http-outgoing-207 &lt;&lt; &quot;{&quot;sessionId&quot;:&quot;e1d7cd658fd8ee0b8c0a3f76d376bdb3&quot;,&quot;status&quot;:0,&quot;value&quot;:null}&quot;
12-25-2017 21:23:11 LoggingManagedHttpClientConnection.java DEBUG [Forwarding setTimeout on session e1d7cd658fd8ee0b8c0a3f76d376bdb3 to remote] http.headers 122 - http-outgoing-207 &lt;&lt; HTTP/1.1 200 OK
12-25-2017 21:23:11 LoggingManagedHttpClientConnection.java DEBUG [Forwarding setTimeout on session e1d7cd658fd8ee0b8c0a3f76d376bdb3 to remote] http.headers 125 - http-outgoing-207 &lt;&lt; Content-Length:72
12-25-2017 21:23:11 LoggingManagedHttpClientConnection.java DEBUG [Forwarding setTimeout on session e1d7cd658fd8ee0b8c0a3f76d376bdb3 to remote] http.headers 125 - http-outgoing-207 &lt;&lt; Content-Type:application/json; charset=utf-8
12-25-2017 21:23:11 LoggingManagedHttpClientConnection.java DEBUG [Forwarding setTimeout on session e1d7cd658fd8ee0b8c0a3f76d376bdb3 to remote] http.headers 125 - http-outgoing-207 &lt;&lt; Connection:close
12-25-2017 21:23:11 LoggingManagedHttpClientConnection.java DEBUG [Forwarding setTimeout on session e1d7cd658fd8ee0b8c0a3f76d376bdb3 to remote] conn.DefaultManagedHttpClientConnection 79 - http-outgoing-207: Close connection
12-25-2017 21:23:11 ConnectionHolder.java DEBUG [Forwarding setTimeout on session e1d7cd658fd8ee0b8c0a3f76d376bdb3 to remote] execchain.MainClientExec 104 - Connection discarded
12-25-2017 21:23:11 PoolingHttpClientConnectionManager.java DEBUG [Forwarding setTimeout on session e1d7cd658fd8ee0b8c0a3f76d376bdb3 to remote] conn.PoolingHttpClientConnectionManager 326 - Connection released: [id: 207][route: {}-&gt;http://localhost:48700][total kept alive: 0; route allocated: 0 of 2000; total allocated: 0 of 2000]
12-25-2017 21:23:11 RequestAddCookies.java DEBUG [Forwarding get on session e1d7cd658fd8ee0b8c0a3f76d376bdb3 to remote] protocol.RequestAddCookies 123 - CookieSpec selected: default
12-25-2017 21:23:11 RequestAuthCache.java DEBUG [Forwarding get on session e1d7cd658fd8ee0b8c0a3f76d376bdb3 to remote] protocol.RequestAuthCache 77 - Auth cache not set in the context
12-25-2017 21:23:11 PoolingHttpClientConnectionManager.java DEBUG [Forwarding get on session e1d7cd658fd8ee0b8c0a3f76d376bdb3 to remote] conn.PoolingHttpClientConnectionManager 255 - Connection request: [route: {}-&gt;http://localhost:48700][total kept alive: 0; route allocated: 0 of 2000; total allocated: 0 of 2000]
12-25-2017 21:23:11 PoolingHttpClientConnectionManager.java DEBUG [Forwarding get on session e1d7cd658fd8ee0b8c0a3f76d376bdb3 to remote] conn.PoolingHttpClientConnectionManager 288 - Connection leased: [id: 208][route: {}-&gt;http://localhost:48700][total kept alive: 0; route allocated: 1 of 2000; total allocated: 1 of 2000]
12-25-2017 21:23:11 MainClientExec.java DEBUG [Forwarding get on session e1d7cd658fd8ee0b8c0a3f76d376bdb3 to remote] execchain.MainClientExec 235 - Opening connection {}-&gt;http://localhost:48700
12-25-2017 21:23:11 DefaultHttpClientConnectionOperator.java DEBUG [Forwarding get on session e1d7cd658fd8ee0b8c0a3f76d376bdb3 to remote] conn.DefaultHttpClientConnectionOperator 139 - Connecting to localhost/127.0.0.1:48700
12-25-2017 21:23:11 DefaultHttpClientConnectionOperator.java DEBUG [Forwarding get on session e1d7cd658fd8ee0b8c0a3f76d376bdb3 to remote] conn.DefaultHttpClientConnectionOperator 146 - Connection established 127.0.0.1:50510&lt;-&gt;127.0.0.1:48700
12-25-2017 21:23:11 LoggingManagedHttpClientConnection.java DEBUG [Forwarding get on session e1d7cd658fd8ee0b8c0a3f76d376bdb3 to remote] conn.DefaultManagedHttpClientConnection 88 - http-outgoing-208: set socket timeout to 10800000
12-25-2017 21:23:11 MainClientExec.java DEBUG [Forwarding get on session e1d7cd658fd8ee0b8c0a3f76d376bdb3 to remote] execchain.MainClientExec 256 - Executing request POST /session/e1d7cd658fd8ee0b8c0a3f76d376bdb3/url HTTP/1.1
12-25-2017 21:23:11 MainClientExec.java DEBUG [Forwarding get on session e1d7cd658fd8ee0b8c0a3f76d376bdb3 to remote] execchain.MainClientExec 261 - Target auth state: UNCHALLENGED
12-25-2017 21:23:11 MainClientExec.java DEBUG [Forwarding get on session e1d7cd658fd8ee0b8c0a3f76d376bdb3 to remote] execchain.MainClientExec 267 - Proxy auth state: UNCHALLENGED
12-25-2017 21:23:11 LoggingManagedHttpClientConnection.java DEBUG [Forwarding get on session e1d7cd658fd8ee0b8c0a3f76d376bdb3 to remote] http.headers 133 - http-outgoing-208 &gt;&gt; POST /session/e1d7cd658fd8ee0b8c0a3f76d376bdb3/url HTTP/1.1
12-25-2017 21:23:11 LoggingManagedHttpClientConnection.java DEBUG [Forwarding get on session e1d7cd658fd8ee0b8c0a3f76d376bdb3 to remote] http.headers 136 - http-outgoing-208 &gt;&gt; Content-Type: application/json; charset=utf-8
12-25-2017 21:23:11 LoggingManagedHttpClientConnection.java DEBUG [Forwarding get on session e1d7cd658fd8ee0b8c0a3f76d376bdb3 to remote] http.headers 136 - http-outgoing-208 &gt;&gt; Content-Length: 31
12-25-2017 21:23:11 LoggingManagedHttpClientConnection.java DEBUG [Forwarding get on session e1d7cd658fd8ee0b8c0a3f76d376bdb3 to remote] http.headers 136 - http-outgoing-208 &gt;&gt; Host: localhost:48700
12-25-2017 21:23:11 LoggingManagedHttpClientConnection.java DEBUG [Forwarding get on session e1d7cd658fd8ee0b8c0a3f76d376bdb3 to remote] http.headers 136 - http-outgoing-208 &gt;&gt; Connection: Keep-Alive
12-25-2017 21:23:11 LoggingManagedHttpClientConnection.java DEBUG [Forwarding get on session e1d7cd658fd8ee0b8c0a3f76d376bdb3 to remote] http.headers 136 - http-outgoing-208 &gt;&gt; User-Agent: Apache-HttpClient/4.5.3 (Java/1.8.0_151)
12-25-2017 21:23:11 LoggingManagedHttpClientConnection.java DEBUG [Forwarding get on session e1d7cd658fd8ee0b8c0a3f76d376bdb3 to remote] http.headers 136 - http-outgoing-208 &gt;&gt; Accept-Encoding: gzip,deflate
12-25-2017 21:23:11 Wire.java DEBUG [Forwarding get on session e1d7cd658fd8ee0b8c0a3f76d376bdb3 to remote] http.wire 73 - http-outgoing-208 &gt;&gt; &quot;POST /session/e1d7cd658fd8ee0b8c0a3f76d376bdb3/url HTTP/1.1[\r][\n]&quot;
12-25-2017 21:23:11 Wire.java DEBUG [Forwarding get on session e1d7cd658fd8ee0b8c0a3f76d376bdb3 to remote] http.wire 73 - http-outgoing-208 &gt;&gt; &quot;Content-Type: application/json; charset=utf-8[\r][\n]&quot;
12-25-2017 21:23:11 Wire.java DEBUG [Forwarding get on session e1d7cd658fd8ee0b8c0a3f76d376bdb3 to remote] http.wire 73 - http-outgoing-208 &gt;&gt; &quot;Content-Length: 31[\r][\n]&quot;
12-25-2017 21:23:11 Wire.java DEBUG [Forwarding get on session e1d7cd658fd8ee0b8c0a3f76d376bdb3 to remote] http.wire 73 - http-outgoing-208 &gt;&gt; &quot;Host: localhost:48700[\r][\n]&quot;
12-25-2017 21:23:11 Wire.java DEBUG [Forwarding get on session e1d7cd658fd8ee0b8c0a3f76d376bdb3 to remote] http.wire 73 - http-outgoing-208 &gt;&gt; &quot;Connection: Keep-Alive[\r][\n]&quot;
12-25-2017 21:23:11 Wire.java DEBUG [Forwarding get on session e1d7cd658fd8ee0b8c0a3f76d376bdb3 to remote] http.wire 73 - http-outgoing-208 &gt;&gt; &quot;User-Agent: Apache-HttpClient/4.5.3 (Java/1.8.0_151)[\r][\n]&quot;
12-25-2017 21:23:11 Wire.java DEBUG [Forwarding get on session e1d7cd658fd8ee0b8c0a3f76d376bdb3 to remote] http.wire 73 - http-outgoing-208 &gt;&gt; &quot;Accept-Encoding: gzip,deflate[\r][\n]&quot;
12-25-2017 21:23:11 Wire.java DEBUG [Forwarding get on session e1d7cd658fd8ee0b8c0a3f76d376bdb3 to remote] http.wire 73 - http-outgoing-208 &gt;&gt; &quot;[\r][\n]&quot;
12-25-2017 21:23:11 Wire.java DEBUG [Forwarding get on session e1d7cd658fd8ee0b8c0a3f76d376bdb3 to remote] http.wire 87 - http-outgoing-208 &gt;&gt; &quot;{&quot;url&quot;:&quot;http://www.google.com&quot;}&quot;
12-25-2017 21:23:13 Wire.java DEBUG [Forwarding get on session e1d7cd658fd8ee0b8c0a3f76d376bdb3 to remote] http.wire 73 - http-outgoing-208 &lt;&lt; &quot;HTTP/1.1 200 OK[\r][\n]&quot;
12-25-2017 21:23:13 Wire.java DEBUG [Forwarding get on session e1d7cd658fd8ee0b8c0a3f76d376bdb3 to remote] http.wire 73 - http-outgoing-208 &lt;&lt; &quot;Content-Length:72[\r][\n]&quot;
12-25-2017 21:23:13 Wire.java DEBUG [Forwarding get on session e1d7cd658fd8ee0b8c0a3f76d376bdb3 to remote] http.wire 73 - http-outgoing-208 &lt;&lt; &quot;Content-Type:application/json; charset=utf-8[\r][\n]&quot;
12-25-2017 21:23:13 Wire.java DEBUG [Forwarding get on session e1d7cd658fd8ee0b8c0a3f76d376bdb3 to remote] http.wire 73 - http-outgoing-208 &lt;&lt; &quot;Connection:close[\r][\n]&quot;
12-25-2017 21:23:13 Wire.java DEBUG [Forwarding get on session e1d7cd658fd8ee0b8c0a3f76d376bdb3 to remote] http.wire 73 - http-outgoing-208 &lt;&lt; &quot;[\r][\n]&quot;
12-25-2017 21:23:13 Wire.java DEBUG [Forwarding get on session e1d7cd658fd8ee0b8c0a3f76d376bdb3 to remote] http.wire 87 - http-outgoing-208 &lt;&lt; &quot;{&quot;sessionId&quot;:&quot;e1d7cd658fd8ee0b8c0a3f76d376bdb3&quot;,&quot;status&quot;:0,&quot;value&quot;:null}&quot;
12-25-2017 21:23:13 LoggingManagedHttpClientConnection.java DEBUG [Forwarding get on session e1d7cd658fd8ee0b8c0a3f76d376bdb3 to remote] http.headers 122 - http-outgoing-208 &lt;&lt; HTTP/1.1 200 OK
12-25-2017 21:23:13 LoggingManagedHttpClientConnection.java DEBUG [Forwarding get on session e1d7cd658fd8ee0b8c0a3f76d376bdb3 to remote] http.headers 125 - http-outgoing-208 &lt;&lt; Content-Length:72
12-25-2017 21:23:13 LoggingManagedHttpClientConnection.java DEBUG [Forwarding get on session e1d7cd658fd8ee0b8c0a3f76d376bdb3 to remote] http.headers 125 - http-outgoing-208 &lt;&lt; Content-Type:application/json; charset=utf-8
12-25-2017 21:23:13 LoggingManagedHttpClientConnection.java DEBUG [Forwarding get on session e1d7cd658fd8ee0b8c0a3f76d376bdb3 to remote] http.headers 125 - http-outgoing-208 &lt;&lt; Connection:close
12-25-2017 21:23:13 LoggingManagedHttpClientConnection.java DEBUG [Forwarding get on session e1d7cd658fd8ee0b8c0a3f76d376bdb3 to remote] conn.DefaultManagedHttpClientConnection 79 - http-outgoing-208: Close connection
12-25-2017 21:23:13 ConnectionHolder.java DEBUG [Forwarding get on session e1d7cd658fd8ee0b8c0a3f76d376bdb3 to remote] execchain.MainClientExec 104 - Connection discarded
12-25-2017 21:23:13 PoolingHttpClientConnectionManager.java DEBUG [Forwarding get on session e1d7cd658fd8ee0b8c0a3f76d376bdb3 to remote] conn.PoolingHttpClientConnectionManager 326 - Connection released: [id: 208][route: {}-&gt;http://localhost:48700][total kept alive: 0; route allocated: 0 of 2000; total allocated: 0 of 2000]
12-25-2017 21:23:13 RequestAddCookies.java DEBUG [Forwarding findElement on session e1d7cd658fd8ee0b8c0a3f76d376bdb3 to remote] protocol.RequestAddCookies 123 - CookieSpec selected: default
12-25-2017 21:23:13 RequestAuthCache.java DEBUG [Forwarding findElement on session e1d7cd658fd8ee0b8c0a3f76d376bdb3 to remote] protocol.RequestAuthCache 77 - Auth cache not set in the context
12-25-2017 21:23:13 PoolingHttpClientConnectionManager.java DEBUG [Forwarding findElement on session e1d7cd658fd8ee0b8c0a3f76d376bdb3 to remote] conn.PoolingHttpClientConnectionManager 255 - Connection request: [route: {}-&gt;http://localhost:48700][total kept alive: 0; route allocated: 0 of 2000; total allocated: 0 of 2000]
12-25-2017 21:23:13 PoolingHttpClientConnectionManager.java DEBUG [Forwarding findElement on session e1d7cd658fd8ee0b8c0a3f76d376bdb3 to remote] conn.PoolingHttpClientConnectionManager 288 - Connection leased: [id: 209][route: {}-&gt;http://localhost:48700][total kept alive: 0; route allocated: 1 of 2000; total allocated: 1 of 2000]
12-25-2017 21:23:13 MainClientExec.java DEBUG [Forwarding findElement on session e1d7cd658fd8ee0b8c0a3f76d376bdb3 to remote] execchain.MainClientExec 235 - Opening connection {}-&gt;http://localhost:48700
12-25-2017 21:23:13 DefaultHttpClientConnectionOperator.java DEBUG [Forwarding findElement on session e1d7cd658fd8ee0b8c0a3f76d376bdb3 to remote] conn.DefaultHttpClientConnectionOperator 139 - Connecting to localhost/127.0.0.1:48700
12-25-2017 21:23:13 DefaultHttpClientConnectionOperator.java DEBUG [Forwarding findElement on session e1d7cd658fd8ee0b8c0a3f76d376bdb3 to remote] conn.DefaultHttpClientConnectionOperator 146 - Connection established 127.0.0.1:50523&lt;-&gt;127.0.0.1:48700
12-25-2017 21:23:13 LoggingManagedHttpClientConnection.java DEBUG [Forwarding findElement on session e1d7cd658fd8ee0b8c0a3f76d376bdb3 to remote] conn.DefaultManagedHttpClientConnection 88 - http-outgoing-209: set socket timeout to 10800000
12-25-2017 21:23:13 MainClientExec.java DEBUG [Forwarding findElement on session e1d7cd658fd8ee0b8c0a3f76d376bdb3 to remote] execchain.MainClientExec 256 - Executing request POST /session/e1d7cd658fd8ee0b8c0a3f76d376bdb3/element HTTP/1.1
12-25-2017 21:23:13 MainClientExec.java DEBUG [Forwarding findElement on session e1d7cd658fd8ee0b8c0a3f76d376bdb3 to remote] execchain.MainClientExec 261 - Target auth state: UNCHALLENGED
12-25-2017 21:23:13 MainClientExec.java DEBUG [Forwarding findElement on session e1d7cd658fd8ee0b8c0a3f76d376bdb3 to remote] execchain.MainClientExec 267 - Proxy auth state: UNCHALLENGED
12-25-2017 21:23:13 LoggingManagedHttpClientConnection.java DEBUG [Forwarding findElement on session e1d7cd658fd8ee0b8c0a3f76d376bdb3 to remote] http.headers 133 - http-outgoing-209 &gt;&gt; POST /session/e1d7cd658fd8ee0b8c0a3f76d376bdb3/element HTTP/1.1
12-25-2017 21:23:13 LoggingManagedHttpClientConnection.java DEBUG [Forwarding findElement on session e1d7cd658fd8ee0b8c0a3f76d376bdb3 to remote] http.headers 136 - http-outgoing-209 &gt;&gt; Content-Type: application/json; charset=utf-8
12-25-2017 21:23:13 LoggingManagedHttpClientConnection.java DEBUG [Forwarding findElement on session e1d7cd658fd8ee0b8c0a3f76d376bdb3 to remote] http.headers 136 - http-outgoing-209 &gt;&gt; Content-Length: 51
12-25-2017 21:23:13 LoggingManagedHttpClientConnection.java DEBUG [Forwarding findElement on session e1d7cd658fd8ee0b8c0a3f76d376bdb3 to remote] http.headers 136 - http-outgoing-209 &gt;&gt; Host: localhost:48700
12-25-2017 21:23:13 LoggingManagedHttpClientConnection.java DEBUG [Forwarding findElement on session e1d7cd658fd8ee0b8c0a3f76d376bdb3 to remote] http.headers 136 - http-outgoing-209 &gt;&gt; Connection: Keep-Alive
12-25-2017 21:23:13 LoggingManagedHttpClientConnection.java DEBUG [Forwarding findElement on session e1d7cd658fd8ee0b8c0a3f76d376bdb3 to remote] http.headers 136 - http-outgoing-209 &gt;&gt; User-Agent: Apache-HttpClient/4.5.3 (Java/1.8.0_151)
12-25-2017 21:23:13 LoggingManagedHttpClientConnection.java DEBUG [Forwarding findElement on session e1d7cd658fd8ee0b8c0a3f76d376bdb3 to remote] http.headers 136 - http-outgoing-209 &gt;&gt; Accept-Encoding: gzip,deflate
12-25-2017 21:23:13 Wire.java DEBUG [Forwarding findElement on session e1d7cd658fd8ee0b8c0a3f76d376bdb3 to remote] http.wire 73 - http-outgoing-209 &gt;&gt; &quot;POST /session/e1d7cd658fd8ee0b8c0a3f76d376bdb3/element HTTP/1.1[\r][\n]&quot;
12-25-2017 21:23:13 Wire.java DEBUG [Forwarding findElement on session e1d7cd658fd8ee0b8c0a3f76d376bdb3 to remote] http.wire 73 - http-outgoing-209 &gt;&gt; &quot;Content-Type: application/json; charset=utf-8[\r][\n]&quot;
12-25-2017 21:23:13 Wire.java DEBUG [Forwarding findElement on session e1d7cd658fd8ee0b8c0a3f76d376bdb3 to remote] http.wire 73 - http-outgoing-209 &gt;&gt; &quot;Content-Length: 51[\r][\n]&quot;
12-25-2017 21:23:13 Wire.java DEBUG [Forwarding findElement on session e1d7cd658fd8ee0b8c0a3f76d376bdb3 to remote] http.wire 73 - http-outgoing-209 &gt;&gt; &quot;Host: localhost:48700[\r][\n]&quot;
12-25-2017 21:23:13 Wire.java DEBUG [Forwarding findElement on session e1d7cd658fd8ee0b8c0a3f76d376bdb3 to remote] http.wire 73 - http-outgoing-209 &gt;&gt; &quot;Connection: Keep-Alive[\r][\n]&quot;
12-25-2017 21:23:13 Wire.java DEBUG [Forwarding findElement on session e1d7cd658fd8ee0b8c0a3f76d376bdb3 to remote] http.wire 73 - http-outgoing-209 &gt;&gt; &quot;User-Agent: Apache-HttpClient/4.5.3 (Java/1.8.0_151)[\r][\n]&quot;
12-25-2017 21:23:13 Wire.java DEBUG [Forwarding findElement on session e1d7cd658fd8ee0b8c0a3f76d376bdb3 to remote] http.wire 73 - http-outgoing-209 &gt;&gt; &quot;Accept-Encoding: gzip,deflate[\r][\n]&quot;
12-25-2017 21:23:13 Wire.java DEBUG [Forwarding findElement on session e1d7cd658fd8ee0b8c0a3f76d376bdb3 to remote] http.wire 73 - http-outgoing-209 &gt;&gt; &quot;[\r][\n]&quot;
12-25-2017 21:23:13 Wire.java DEBUG [Forwarding findElement on session e1d7cd658fd8ee0b8c0a3f76d376bdb3 to remote] http.wire 87 - http-outgoing-209 &gt;&gt; &quot;{&quot;using&quot;:&quot;xpath&quot;,&quot;value&quot;:&quot;//*[@id=&apos;hplogo&apos;]/a/img&quot;}&quot;
12-25-2017 21:23:33 Wire.java DEBUG [Forwarding findElement on session e1d7cd658fd8ee0b8c0a3f76d376bdb3 to remote] http.wire 73 - http-outgoing-209 &lt;&lt; &quot;HTTP/1.1 200 OK[\r][\n]&quot;
12-25-2017 21:23:33 Wire.java DEBUG [Forwarding findElement on session e1d7cd658fd8ee0b8c0a3f76d376bdb3 to remote] http.wire 73 - http-outgoing-209 &lt;&lt; &quot;Content-Length:352[\r][\n]&quot;
12-25-2017 21:23:33 Wire.java DEBUG [Forwarding findElement on session e1d7cd658fd8ee0b8c0a3f76d376bdb3 to remote] http.wire 73 - http-outgoing-209 &lt;&lt; &quot;Content-Type:application/json; charset=utf-8[\r][\n]&quot;
12-25-2017 21:23:33 Wire.java DEBUG [Forwarding findElement on session e1d7cd658fd8ee0b8c0a3f76d376bdb3 to remote] http.wire 73 - http-outgoing-209 &lt;&lt; &quot;Connection:close[\r][\n]&quot;
12-25-2017 21:23:33 Wire.java DEBUG [Forwarding findElement on session e1d7cd658fd8ee0b8c0a3f76d376bdb3 to remote] http.wire 73 - http-outgoing-209 &lt;&lt; &quot;[\r][\n]&quot;
12-25-2017 21:23:33 Wire.java DEBUG [Forwarding findElement on session e1d7cd658fd8ee0b8c0a3f76d376bdb3 to remote] http.wire 87 - http-outgoing-209 &lt;&lt; &quot;{&quot;sessionId&quot;:&quot;e1d7cd658fd8ee0b8c0a3f76d376bdb3&quot;,&quot;status&quot;:7,&quot;value&quot;:{&quot;message&quot;:&quot;no such element: Unable to locate element: {\&quot;method\&quot;:\&quot;xpath\&quot;,\&quot;selector\&quot;:\&quot;//*[@id=&apos;hplogo&apos;]/a/img\&quot;}\n  (Session info: chrome=63.0.3239.108)\n  (Driver info: chromedriver=2.33.506120 (e3e53437346286c0bc2d2dc9aa4915ba81d9023f),platform=Windows NT 10.0.16299 x86_64)&quot;}}&quot;
12-25-2017 21:23:33 LoggingManagedHttpClientConnection.java DEBUG [Forwarding findElement on session e1d7cd658fd8ee0b8c0a3f76d376bdb3 to remote] http.headers 122 - http-outgoing-209 &lt;&lt; HTTP/1.1 200 OK
12-25-2017 21:23:33 LoggingManagedHttpClientConnection.java DEBUG [Forwarding findElement on session e1d7cd658fd8ee0b8c0a3f76d376bdb3 to remote] http.headers 125 - http-outgoing-209 &lt;&lt; Content-Length:352
12-25-2017 21:23:33 LoggingManagedHttpClientConnection.java DEBUG [Forwarding findElement on session e1d7cd658fd8ee0b8c0a3f76d376bdb3 to remote] http.headers 125 - http-outgoing-209 &lt;&lt; Content-Type:application/json; charset=utf-8
12-25-2017 21:23:33 LoggingManagedHttpClientConnection.java DEBUG [Forwarding findElement on session e1d7cd658fd8ee0b8c0a3f76d376bdb3 to remote] http.headers 125 - http-outgoing-209 &lt;&lt; Connection:close
12-25-2017 21:23:33 LoggingManagedHttpClientConnection.java DEBUG [Forwarding findElement on session e1d7cd658fd8ee0b8c0a3f76d376bdb3 to remote] conn.DefaultManagedHttpClientConnection 79 - http-outgoing-209: Close connection
12-25-2017 21:23:33 ConnectionHolder.java DEBUG [Forwarding findElement on session e1d7cd658fd8ee0b8c0a3f76d376bdb3 to remote] execchain.MainClientExec 104 - Connection discarded
12-25-2017 21:23:33 PoolingHttpClientConnectionManager.java DEBUG [Forwarding findElement on session e1d7cd658fd8ee0b8c0a3f76d376bdb3 to remote] conn.PoolingHttpClientConnectionManager 326 - Connection released: [id: 209][route: {}-&gt;http://localhost:48700][total kept alive: 0; route allocated: 0 of 2000; total allocated: 0 of 2000]
</system-out>
    <system-err>Starting ChromeDriver 2.33.506120 (e3e53437346286c0bc2d2dc9aa4915ba81d9023f) on port 48700
Only local connections are allowed.
Dec 25, 2017 9:23:09 PM org.openqa.selenium.remote.ProtocolHandshake createSession
INFO: Detected dialect: OSS
</system-err>
  </testcase>
  <testcase classname="com.naveentestNG.TestNG" name="testCase1" time="0"/>
  <testcase classname="com.naveentestNG.TestNG" name="testCase2" time="0"/>
  <testcase classname="com.naveentestNG.TestNG" name="testCase3" time="0.001"/>
  <testcase classname="com.naveentestNG.TestNGFeatures" name="testCase3" time="0.02">
    <skipped/>
    <system-out>in afterMethod
in afterClass
</system-out>
  </testcase>
  <testcase classname="com.naveentestNG.TestNGFeatures" name="testCase5" time="0.02">
    <skipped/>
  </testcase>
  <testcase classname="com.naveentestNG.TestNGFeatures" name="testCase7" time="0.021">
    <skipped/>
  </testcase>
  <testcase classname="com.naveentestNG.ExcludeTest" name="testCase1" time="0"/>
  <testcase classname="com.naveentestNG.GoogleTest" name="googleTitleTest" time="0.016"/>
  <testcase classname="com.naveentestNG.ExcludeTest" name="testCase2" time="0.001"/>
  <testcase classname="com.naveentestNG.GoogleTest" name="googleLogoTest" time="20.064">
    <failure message="no such element: Unable to locate element: {&quot;method&quot;:&quot;xpath&quot;,&quot;selector&quot;:&quot;//img[@id=&apos;hplogo&apos;]&quot;}
  (Session info: chrome=63.0.3239.108)
  (Driver info: chromedriver=2.33.506120 (e3e53437346286c0bc2d2dc9aa4915ba81d9023f),platform=Windows NT 10.0.16299 x86_64) (WARNING: The server did not provide any stacktrace information)
Command duration or timeout: 0 milliseconds
For documentation on this error, please visit: http://seleniumhq.org/exceptions/no_such_element.html
Build info: version: &apos;3.6.0&apos;, revision: &apos;6fbf3ec767&apos;, time: &apos;2017-09-27T15:28:36.4Z&apos;
System info: host: &apos;DESKTOP-16VI708&apos;, ip: &apos;192.168.0.101&apos;, os.name: &apos;Windows 10&apos;, os.arch: &apos;amd64&apos;, os.version: &apos;10.0&apos;, java.version: &apos;1.8.0_151&apos;
Driver info: org.openqa.selenium.chrome.ChromeDriver
Capabilities [{mobileEmulationEnabled=false, hasTouchScreen=false, platform=XP, acceptSslCerts=true, webStorageEnabled=true, browserName=chrome, takesScreenshot=true, javascriptEnabled=true, platformName=XP, setWindowRect=true, unexpectedAlertBehaviour=, applicationCacheEnabled=false, rotatable=false, networkConnectionEnabled=false, chrome={chromedriverVersion=2.33.506120 (e3e53437346286c0bc2d2dc9aa4915ba81d9023f), userDataDir=C:\Users\Kitty\AppData\Local\Temp\scoped_dir872_27986}, takesHeapSnapshot=true, pageLoadStrategy=normal, unhandledPromptBehavior=, databaseEnabled=false, handlesAlerts=true, version=63.0.3239.108, browserConnectionEnabled=false, nativeEvents=true, locationContextEnabled=true, cssSelectorsEnabled=true}]
Session ID: 7e2a9d7f5c863213dd90782c6dd71335
*** Element info: {Using=xpath, value=//img[@id=&apos;hplogo&apos;]}" type="org.openqa.selenium.NoSuchElementException">org.openqa.selenium.NoSuchElementException: no such element: Unable to locate element: {&quot;method&quot;:&quot;xpath&quot;,&quot;selector&quot;:&quot;//img[@id=&apos;hplogo&apos;]&quot;}
  (Session info: chrome=63.0.3239.108)
  (Driver info: chromedriver=2.33.506120 (e3e53437346286c0bc2d2dc9aa4915ba81d9023f),platform=Windows NT 10.0.16299 x86_64) (WARNING: The server did not provide any stacktrace information)
Command duration or timeout: 0 milliseconds
For documentation on this error, please visit: http://seleniumhq.org/exceptions/no_such_element.html
Build info: version: &apos;3.6.0&apos;, revision: &apos;6fbf3ec767&apos;, time: &apos;2017-09-27T15:28:36.4Z&apos;
System info: host: &apos;DESKTOP-16VI708&apos;, ip: &apos;192.168.0.101&apos;, os.name: &apos;Windows 10&apos;, os.arch: &apos;amd64&apos;, os.version: &apos;10.0&apos;, java.version: &apos;1.8.0_151&apos;
Driver info: org.openqa.selenium.chrome.ChromeDriver
Capabilities [{mobileEmulationEnabled=false, hasTouchScreen=false, platform=XP, acceptSslCerts=true, webStorageEnabled=true, browserName=chrome, takesScreenshot=true, javascriptEnabled=true, platformName=XP, setWindowRect=true, unexpectedAlertBehaviour=, applicationCacheEnabled=false, rotatable=false, networkConnectionEnabled=false, chrome={chromedriverVersion=2.33.506120 (e3e53437346286c0bc2d2dc9aa4915ba81d9023f), userDataDir=C:\Users\Kitty\AppData\Local\Temp\scoped_dir872_27986}, takesHeapSnapshot=true, pageLoadStrategy=normal, unhandledPromptBehavior=, databaseEnabled=false, handlesAlerts=true, version=63.0.3239.108, browserConnectionEnabled=false, nativeEvents=true, locationContextEnabled=true, cssSelectorsEnabled=true}]
Session ID: 7e2a9d7f5c863213dd90782c6dd71335
*** Element info: {Using=xpath, value=//img[@id=&apos;hplogo&apos;]}
	at sun.reflect.NativeConstructorAccessorImpl.newInstance0(Native Method)
	at sun.reflect.NativeConstructorAccessorImpl.newInstance(Unknown Source)
	at sun.reflect.DelegatingConstructorAccessorImpl.newInstance(Unknown Source)
	at java.lang.reflect.Constructor.newInstance(Unknown Source)
	at org.openqa.selenium.remote.ErrorHandler.createThrowable(ErrorHandler.java:214)
	at org.openqa.selenium.remote.ErrorHandler.throwIfResponseFailed(ErrorHandler.java:166)
	at org.openqa.selenium.remote.http.JsonHttpResponseCodec.reconstructValue(JsonHttpResponseCodec.java:40)
	at org.openqa.selenium.remote.http.AbstractHttpResponseCodec.decode(AbstractHttpResponseCodec.java:82)
	at org.openqa.selenium.remote.http.AbstractHttpResponseCodec.decode(AbstractHttpResponseCodec.java:45)
	at org.openqa.selenium.remote.HttpCommandExecutor.execute(HttpCommandExecutor.java:164)
	at org.openqa.selenium.remote.service.DriverCommandExecutor.execute(DriverCommandExecutor.java:83)
	at org.openqa.selenium.remote.RemoteWebDriver.execute(RemoteWebDriver.java:586)
	at org.openqa.selenium.remote.RemoteWebDriver.findElement(RemoteWebDriver.java:356)
	at org.openqa.selenium.remote.RemoteWebDriver.findElementByXPath(RemoteWebDriver.java:458)
	at org.openqa.selenium.By$ByXPath.findElement(By.java:361)
	at org.openqa.selenium.remote.RemoteWebDriver.findElement(RemoteWebDriver.java:348)
	at com.naveentestNG.GoogleTest.googleLogoTest(GoogleTest.java:35)
</failure>
    <system-out>12-25-2017 21:23:43 RequestAddCookies.java DEBUG [Forwarding newSession on session null to remote] protocol.RequestAddCookies 123 - CookieSpec selected: default
12-25-2017 21:23:43 RequestAuthCache.java DEBUG [Forwarding newSession on session null to remote] protocol.RequestAuthCache 77 - Auth cache not set in the context
12-25-2017 21:23:43 PoolingHttpClientConnectionManager.java DEBUG [Forwarding newSession on session null to remote] conn.PoolingHttpClientConnectionManager 255 - Connection request: [route: {}-&gt;http://localhost:29059][total kept alive: 0; route allocated: 0 of 2000; total allocated: 0 of 2000]
12-25-2017 21:23:43 PoolingHttpClientConnectionManager.java DEBUG [Forwarding newSession on session null to remote] conn.PoolingHttpClientConnectionManager 288 - Connection leased: [id: 219][route: {}-&gt;http://localhost:29059][total kept alive: 0; route allocated: 1 of 2000; total allocated: 1 of 2000]
12-25-2017 21:23:43 MainClientExec.java DEBUG [Forwarding newSession on session null to remote] execchain.MainClientExec 235 - Opening connection {}-&gt;http://localhost:29059
12-25-2017 21:23:43 DefaultHttpClientConnectionOperator.java DEBUG [Forwarding newSession on session null to remote] conn.DefaultHttpClientConnectionOperator 139 - Connecting to localhost/127.0.0.1:29059
12-25-2017 21:23:43 DefaultHttpClientConnectionOperator.java DEBUG [Forwarding newSession on session null to remote] conn.DefaultHttpClientConnectionOperator 146 - Connection established 127.0.0.1:50563&lt;-&gt;127.0.0.1:29059
12-25-2017 21:23:43 LoggingManagedHttpClientConnection.java DEBUG [Forwarding newSession on session null to remote] conn.DefaultManagedHttpClientConnection 88 - http-outgoing-219: set socket timeout to 10800000
12-25-2017 21:23:43 MainClientExec.java DEBUG [Forwarding newSession on session null to remote] execchain.MainClientExec 256 - Executing request POST /session HTTP/1.1
12-25-2017 21:23:43 MainClientExec.java DEBUG [Forwarding newSession on session null to remote] execchain.MainClientExec 261 - Target auth state: UNCHALLENGED
12-25-2017 21:23:43 MainClientExec.java DEBUG [Forwarding newSession on session null to remote] execchain.MainClientExec 267 - Proxy auth state: UNCHALLENGED
12-25-2017 21:23:43 LoggingManagedHttpClientConnection.java DEBUG [Forwarding newSession on session null to remote] http.headers 133 - http-outgoing-219 &gt;&gt; POST /session HTTP/1.1
12-25-2017 21:23:43 LoggingManagedHttpClientConnection.java DEBUG [Forwarding newSession on session null to remote] http.headers 136 - http-outgoing-219 &gt;&gt; Content-Type: application/json; charset=utf-8
12-25-2017 21:23:43 LoggingManagedHttpClientConnection.java DEBUG [Forwarding newSession on session null to remote] http.headers 136 - http-outgoing-219 &gt;&gt; Content-Length: 560
12-25-2017 21:23:43 LoggingManagedHttpClientConnection.java DEBUG [Forwarding newSession on session null to remote] http.headers 136 - http-outgoing-219 &gt;&gt; Host: localhost:29059
12-25-2017 21:23:43 LoggingManagedHttpClientConnection.java DEBUG [Forwarding newSession on session null to remote] http.headers 136 - http-outgoing-219 &gt;&gt; Connection: Keep-Alive
12-25-2017 21:23:43 LoggingManagedHttpClientConnection.java DEBUG [Forwarding newSession on session null to remote] http.headers 136 - http-outgoing-219 &gt;&gt; User-Agent: Apache-HttpClient/4.5.3 (Java/1.8.0_151)
12-25-2017 21:23:43 LoggingManagedHttpClientConnection.java DEBUG [Forwarding newSession on session null to remote] http.headers 136 - http-outgoing-219 &gt;&gt; Accept-Encoding: gzip,deflate
12-25-2017 21:23:43 Wire.java DEBUG [Forwarding newSession on session null to remote] http.wire 73 - http-outgoing-219 &gt;&gt; &quot;POST /session HTTP/1.1[\r][\n]&quot;
12-25-2017 21:23:43 Wire.java DEBUG [Forwarding newSession on session null to remote] http.wire 73 - http-outgoing-219 &gt;&gt; &quot;Content-Type: application/json; charset=utf-8[\r][\n]&quot;
12-25-2017 21:23:43 Wire.java DEBUG [Forwarding newSession on session null to remote] http.wire 73 - http-outgoing-219 &gt;&gt; &quot;Content-Length: 560[\r][\n]&quot;
12-25-2017 21:23:43 Wire.java DEBUG [Forwarding newSession on session null to remote] http.wire 73 - http-outgoing-219 &gt;&gt; &quot;Host: localhost:29059[\r][\n]&quot;
12-25-2017 21:23:43 Wire.java DEBUG [Forwarding newSession on session null to remote] http.wire 73 - http-outgoing-219 &gt;&gt; &quot;Connection: Keep-Alive[\r][\n]&quot;
12-25-2017 21:23:43 Wire.java DEBUG [Forwarding newSession on session null to remote] http.wire 73 - http-outgoing-219 &gt;&gt; &quot;User-Agent: Apache-HttpClient/4.5.3 (Java/1.8.0_151)[\r][\n]&quot;
12-25-2017 21:23:43 Wire.java DEBUG [Forwarding newSession on session null to remote] http.wire 73 - http-outgoing-219 &gt;&gt; &quot;Accept-Encoding: gzip,deflate[\r][\n]&quot;
12-25-2017 21:23:43 Wire.java DEBUG [Forwarding newSession on session null to remote] http.wire 73 - http-outgoing-219 &gt;&gt; &quot;[\r][\n]&quot;
12-25-2017 21:23:43 Wire.java DEBUG [Forwarding newSession on session null to remote] http.wire 73 - http-outgoing-219 &gt;&gt; &quot;{[\n]&quot;
12-25-2017 21:23:43 Wire.java DEBUG [Forwarding newSession on session null to remote] http.wire 73 - http-outgoing-219 &gt;&gt; &quot;  &quot;desiredCapabilities&quot;: {[\n]&quot;
12-25-2017 21:23:43 Wire.java DEBUG [Forwarding newSession on session null to remote] http.wire 73 - http-outgoing-219 &gt;&gt; &quot;    &quot;browserName&quot;: &quot;chrome&quot;,[\n]&quot;
12-25-2017 21:23:43 Wire.java DEBUG [Forwarding newSession on session null to remote] http.wire 73 - http-outgoing-219 &gt;&gt; &quot;    &quot;goog:chromeOptions&quot;: {[\n]&quot;
12-25-2017 21:23:43 Wire.java DEBUG [Forwarding newSession on session null to remote] http.wire 73 - http-outgoing-219 &gt;&gt; &quot;      &quot;args&quot;: [],[\n]&quot;
12-25-2017 21:23:43 Wire.java DEBUG [Forwarding newSession on session null to remote] http.wire 73 - http-outgoing-219 &gt;&gt; &quot;      &quot;extensions&quot;: [][\n]&quot;
12-25-2017 21:23:43 Wire.java DEBUG [Forwarding newSession on session null to remote] http.wire 73 - http-outgoing-219 &gt;&gt; &quot;    }[\n]&quot;
12-25-2017 21:23:43 Wire.java DEBUG [Forwarding newSession on session null to remote] http.wire 73 - http-outgoing-219 &gt;&gt; &quot;  },[\n]&quot;
12-25-2017 21:23:43 Wire.java DEBUG [Forwarding newSession on session null to remote] http.wire 73 - http-outgoing-219 &gt;&gt; &quot;  &quot;requiredCapabilities&quot;: {},[\n]&quot;
12-25-2017 21:23:43 Wire.java DEBUG [Forwarding newSession on session null to remote] http.wire 73 - http-outgoing-219 &gt;&gt; &quot;  &quot;capabilities&quot;: {[\n]&quot;
12-25-2017 21:23:43 Wire.java DEBUG [Forwarding newSession on session null to remote] http.wire 73 - http-outgoing-219 &gt;&gt; &quot;    &quot;desiredCapabilities&quot;: {[\n]&quot;
12-25-2017 21:23:43 Wire.java DEBUG [Forwarding newSession on session null to remote] http.wire 73 - http-outgoing-219 &gt;&gt; &quot;      &quot;browserName&quot;: &quot;chrome&quot;,[\n]&quot;
12-25-2017 21:23:43 Wire.java DEBUG [Forwarding newSession on session null to remote] http.wire 73 - http-outgoing-219 &gt;&gt; &quot;      &quot;goog:chromeOptions&quot;: {[\n]&quot;
12-25-2017 21:23:43 Wire.java DEBUG [Forwarding newSession on session null to remote] http.wire 73 - http-outgoing-219 &gt;&gt; &quot;        &quot;args&quot;: [],[\n]&quot;
12-25-2017 21:23:43 Wire.java DEBUG [Forwarding newSession on session null to remote] http.wire 73 - http-outgoing-219 &gt;&gt; &quot;        &quot;extensions&quot;: [][\n]&quot;
12-25-2017 21:23:43 Wire.java DEBUG [Forwarding newSession on session null to remote] http.wire 73 - http-outgoing-219 &gt;&gt; &quot;      }[\n]&quot;
12-25-2017 21:23:43 Wire.java DEBUG [Forwarding newSession on session null to remote] http.wire 73 - http-outgoing-219 &gt;&gt; &quot;    },[\n]&quot;
12-25-2017 21:23:43 Wire.java DEBUG [Forwarding newSession on session null to remote] http.wire 73 - http-outgoing-219 &gt;&gt; &quot;    &quot;requiredCapabilities&quot;: {},[\n]&quot;
12-25-2017 21:23:43 Wire.java DEBUG [Forwarding newSession on session null to remote] http.wire 73 - http-outgoing-219 &gt;&gt; &quot;    &quot;alwaysMatch&quot;: {[\n]&quot;
12-25-2017 21:23:43 Wire.java DEBUG [Forwarding newSession on session null to remote] http.wire 73 - http-outgoing-219 &gt;&gt; &quot;      &quot;goog:chromeOptions&quot;: {[\n]&quot;
12-25-2017 21:23:43 Wire.java DEBUG [Forwarding newSession on session null to remote] http.wire 73 - http-outgoing-219 &gt;&gt; &quot;        &quot;args&quot;: [],[\n]&quot;
12-25-2017 21:23:43 Wire.java DEBUG [Forwarding newSession on session null to remote] http.wire 73 - http-outgoing-219 &gt;&gt; &quot;        &quot;extensions&quot;: [][\n]&quot;
12-25-2017 21:23:43 Wire.java DEBUG [Forwarding newSession on session null to remote] http.wire 73 - http-outgoing-219 &gt;&gt; &quot;      }[\n]&quot;
12-25-2017 21:23:43 Wire.java DEBUG [Forwarding newSession on session null to remote] http.wire 73 - http-outgoing-219 &gt;&gt; &quot;    },[\n]&quot;
12-25-2017 21:23:43 Wire.java DEBUG [Forwarding newSession on session null to remote] http.wire 73 - http-outgoing-219 &gt;&gt; &quot;    &quot;firstMatch&quot;: [[\n]&quot;
12-25-2017 21:23:43 Wire.java DEBUG [Forwarding newSession on session null to remote] http.wire 73 - http-outgoing-219 &gt;&gt; &quot;      {[\n]&quot;
12-25-2017 21:23:43 Wire.java DEBUG [Forwarding newSession on session null to remote] http.wire 73 - http-outgoing-219 &gt;&gt; &quot;        &quot;browserName&quot;: &quot;chrome&quot;[\n]&quot;
12-25-2017 21:23:43 Wire.java DEBUG [Forwarding newSession on session null to remote] http.wire 73 - http-outgoing-219 &gt;&gt; &quot;      }[\n]&quot;
12-25-2017 21:23:43 Wire.java DEBUG [Forwarding newSession on session null to remote] http.wire 73 - http-outgoing-219 &gt;&gt; &quot;    ][\n]&quot;
12-25-2017 21:23:43 Wire.java DEBUG [Forwarding newSession on session null to remote] http.wire 73 - http-outgoing-219 &gt;&gt; &quot;  }[\n]&quot;
12-25-2017 21:23:43 Wire.java DEBUG [Forwarding newSession on session null to remote] http.wire 87 - http-outgoing-219 &gt;&gt; &quot;}&quot;
12-25-2017 21:23:46 Wire.java DEBUG [Forwarding newSession on session null to remote] http.wire 73 - http-outgoing-219 &lt;&lt; &quot;HTTP/1.1 200 OK[\r][\n]&quot;
12-25-2017 21:23:46 Wire.java DEBUG [Forwarding newSession on session null to remote] http.wire 73 - http-outgoing-219 &lt;&lt; &quot;Content-Length:799[\r][\n]&quot;
12-25-2017 21:23:46 Wire.java DEBUG [Forwarding newSession on session null to remote] http.wire 73 - http-outgoing-219 &lt;&lt; &quot;Content-Type:application/json; charset=utf-8[\r][\n]&quot;
12-25-2017 21:23:46 Wire.java DEBUG [Forwarding newSession on session null to remote] http.wire 73 - http-outgoing-219 &lt;&lt; &quot;Connection:close[\r][\n]&quot;
12-25-2017 21:23:46 Wire.java DEBUG [Forwarding newSession on session null to remote] http.wire 73 - http-outgoing-219 &lt;&lt; &quot;[\r][\n]&quot;
12-25-2017 21:23:46 Wire.java DEBUG [Forwarding newSession on session null to remote] http.wire 87 - http-outgoing-219 &lt;&lt; &quot;{&quot;sessionId&quot;:&quot;7e2a9d7f5c863213dd90782c6dd71335&quot;,&quot;status&quot;:0,&quot;value&quot;:{&quot;acceptSslCerts&quot;:true,&quot;applicationCacheEnabled&quot;:false,&quot;browserConnectionEnabled&quot;:false,&quot;browserName&quot;:&quot;chrome&quot;,&quot;chrome&quot;:{&quot;chromedriverVersion&quot;:&quot;2.33.506120 (e3e53437346286c0bc2d2dc9aa4915ba81d9023f)&quot;,&quot;userDataDir&quot;:&quot;C:\\Users\\Kitty\\AppData\\Local\\Temp\\scoped_dir872_27986&quot;},&quot;cssSelectorsEnabled&quot;:true,&quot;databaseEnabled&quot;:false,&quot;handlesAlerts&quot;:true,&quot;hasTouchScreen&quot;:false,&quot;javascriptEnabled&quot;:true,&quot;locationContextEnabled&quot;:true,&quot;mobileEmulationEnabled&quot;:false,&quot;nativeEvents&quot;:true,&quot;networkConnectionEnabled&quot;:false,&quot;pageLoadStrategy&quot;:&quot;normal&quot;,&quot;platform&quot;:&quot;Windows NT&quot;,&quot;rotatable&quot;:false,&quot;setWindowRect&quot;:true,&quot;takesHeapSnapshot&quot;:true,&quot;takesScreenshot&quot;:true,&quot;unexpectedAlertBehaviour&quot;:&quot;&quot;,&quot;version&quot;:&quot;63.0.3239.108&quot;,&quot;webStorageEnabled&quot;:true}}&quot;
12-25-2017 21:23:46 LoggingManagedHttpClientConnection.java DEBUG [Forwarding newSession on session null to remote] http.headers 122 - http-outgoing-219 &lt;&lt; HTTP/1.1 200 OK
12-25-2017 21:23:46 LoggingManagedHttpClientConnection.java DEBUG [Forwarding newSession on session null to remote] http.headers 125 - http-outgoing-219 &lt;&lt; Content-Length:799
12-25-2017 21:23:46 LoggingManagedHttpClientConnection.java DEBUG [Forwarding newSession on session null to remote] http.headers 125 - http-outgoing-219 &lt;&lt; Content-Type:application/json; charset=utf-8
12-25-2017 21:23:46 LoggingManagedHttpClientConnection.java DEBUG [Forwarding newSession on session null to remote] http.headers 125 - http-outgoing-219 &lt;&lt; Connection:close
12-25-2017 21:23:46 LoggingManagedHttpClientConnection.java DEBUG [Forwarding newSession on session null to remote] conn.DefaultManagedHttpClientConnection 79 - http-outgoing-219: Close connection
12-25-2017 21:23:46 ConnectionHolder.java DEBUG [Forwarding newSession on session null to remote] execchain.MainClientExec 104 - Connection discarded
12-25-2017 21:23:46 PoolingHttpClientConnectionManager.java DEBUG [Forwarding newSession on session null to remote] conn.PoolingHttpClientConnectionManager 326 - Connection released: [id: 219][route: {}-&gt;http://localhost:29059][total kept alive: 0; route allocated: 0 of 2000; total allocated: 0 of 2000]
12-25-2017 21:23:46 RequestAddCookies.java DEBUG [Forwarding maximizeCurrentWindow on session 7e2a9d7f5c863213dd90782c6dd71335 to remote] protocol.RequestAddCookies 123 - CookieSpec selected: default
12-25-2017 21:23:46 RequestAuthCache.java DEBUG [Forwarding maximizeCurrentWindow on session 7e2a9d7f5c863213dd90782c6dd71335 to remote] protocol.RequestAuthCache 77 - Auth cache not set in the context
12-25-2017 21:23:46 PoolingHttpClientConnectionManager.java DEBUG [Forwarding maximizeCurrentWindow on session 7e2a9d7f5c863213dd90782c6dd71335 to remote] conn.PoolingHttpClientConnectionManager 255 - Connection request: [route: {}-&gt;http://localhost:29059][total kept alive: 0; route allocated: 0 of 2000; total allocated: 0 of 2000]
12-25-2017 21:23:46 PoolingHttpClientConnectionManager.java DEBUG [Forwarding maximizeCurrentWindow on session 7e2a9d7f5c863213dd90782c6dd71335 to remote] conn.PoolingHttpClientConnectionManager 288 - Connection leased: [id: 220][route: {}-&gt;http://localhost:29059][total kept alive: 0; route allocated: 1 of 2000; total allocated: 1 of 2000]
12-25-2017 21:23:46 MainClientExec.java DEBUG [Forwarding maximizeCurrentWindow on session 7e2a9d7f5c863213dd90782c6dd71335 to remote] execchain.MainClientExec 235 - Opening connection {}-&gt;http://localhost:29059
12-25-2017 21:23:46 DefaultHttpClientConnectionOperator.java DEBUG [Forwarding maximizeCurrentWindow on session 7e2a9d7f5c863213dd90782c6dd71335 to remote] conn.DefaultHttpClientConnectionOperator 139 - Connecting to localhost/127.0.0.1:29059
12-25-2017 21:23:46 DefaultHttpClientConnectionOperator.java DEBUG [Forwarding maximizeCurrentWindow on session 7e2a9d7f5c863213dd90782c6dd71335 to remote] conn.DefaultHttpClientConnectionOperator 146 - Connection established 127.0.0.1:50570&lt;-&gt;127.0.0.1:29059
12-25-2017 21:23:46 LoggingManagedHttpClientConnection.java DEBUG [Forwarding maximizeCurrentWindow on session 7e2a9d7f5c863213dd90782c6dd71335 to remote] conn.DefaultManagedHttpClientConnection 88 - http-outgoing-220: set socket timeout to 10800000
12-25-2017 21:23:46 MainClientExec.java DEBUG [Forwarding maximizeCurrentWindow on session 7e2a9d7f5c863213dd90782c6dd71335 to remote] execchain.MainClientExec 256 - Executing request POST /session/7e2a9d7f5c863213dd90782c6dd71335/window/current/maximize HTTP/1.1
12-25-2017 21:23:46 MainClientExec.java DEBUG [Forwarding maximizeCurrentWindow on session 7e2a9d7f5c863213dd90782c6dd71335 to remote] execchain.MainClientExec 261 - Target auth state: UNCHALLENGED
12-25-2017 21:23:46 MainClientExec.java DEBUG [Forwarding maximizeCurrentWindow on session 7e2a9d7f5c863213dd90782c6dd71335 to remote] execchain.MainClientExec 267 - Proxy auth state: UNCHALLENGED
12-25-2017 21:23:46 LoggingManagedHttpClientConnection.java DEBUG [Forwarding maximizeCurrentWindow on session 7e2a9d7f5c863213dd90782c6dd71335 to remote] http.headers 133 - http-outgoing-220 &gt;&gt; POST /session/7e2a9d7f5c863213dd90782c6dd71335/window/current/maximize HTTP/1.1
12-25-2017 21:23:46 LoggingManagedHttpClientConnection.java DEBUG [Forwarding maximizeCurrentWindow on session 7e2a9d7f5c863213dd90782c6dd71335 to remote] http.headers 136 - http-outgoing-220 &gt;&gt; Content-Type: application/json; charset=utf-8
12-25-2017 21:23:46 LoggingManagedHttpClientConnection.java DEBUG [Forwarding maximizeCurrentWindow on session 7e2a9d7f5c863213dd90782c6dd71335 to remote] http.headers 136 - http-outgoing-220 &gt;&gt; Content-Length: 45
12-25-2017 21:23:46 LoggingManagedHttpClientConnection.java DEBUG [Forwarding maximizeCurrentWindow on session 7e2a9d7f5c863213dd90782c6dd71335 to remote] http.headers 136 - http-outgoing-220 &gt;&gt; Host: localhost:29059
12-25-2017 21:23:46 LoggingManagedHttpClientConnection.java DEBUG [Forwarding maximizeCurrentWindow on session 7e2a9d7f5c863213dd90782c6dd71335 to remote] http.headers 136 - http-outgoing-220 &gt;&gt; Connection: Keep-Alive
12-25-2017 21:23:46 LoggingManagedHttpClientConnection.java DEBUG [Forwarding maximizeCurrentWindow on session 7e2a9d7f5c863213dd90782c6dd71335 to remote] http.headers 136 - http-outgoing-220 &gt;&gt; User-Agent: Apache-HttpClient/4.5.3 (Java/1.8.0_151)
12-25-2017 21:23:46 LoggingManagedHttpClientConnection.java DEBUG [Forwarding maximizeCurrentWindow on session 7e2a9d7f5c863213dd90782c6dd71335 to remote] http.headers 136 - http-outgoing-220 &gt;&gt; Accept-Encoding: gzip,deflate
12-25-2017 21:23:46 Wire.java DEBUG [Forwarding maximizeCurrentWindow on session 7e2a9d7f5c863213dd90782c6dd71335 to remote] http.wire 73 - http-outgoing-220 &gt;&gt; &quot;POST /session/7e2a9d7f5c863213dd90782c6dd71335/window/current/maximize HTTP/1.1[\r][\n]&quot;
12-25-2017 21:23:46 Wire.java DEBUG [Forwarding maximizeCurrentWindow on session 7e2a9d7f5c863213dd90782c6dd71335 to remote] http.wire 73 - http-outgoing-220 &gt;&gt; &quot;Content-Type: application/json; charset=utf-8[\r][\n]&quot;
12-25-2017 21:23:46 Wire.java DEBUG [Forwarding maximizeCurrentWindow on session 7e2a9d7f5c863213dd90782c6dd71335 to remote] http.wire 73 - http-outgoing-220 &gt;&gt; &quot;Content-Length: 45[\r][\n]&quot;
12-25-2017 21:23:46 Wire.java DEBUG [Forwarding maximizeCurrentWindow on session 7e2a9d7f5c863213dd90782c6dd71335 to remote] http.wire 73 - http-outgoing-220 &gt;&gt; &quot;Host: localhost:29059[\r][\n]&quot;
12-25-2017 21:23:46 Wire.java DEBUG [Forwarding maximizeCurrentWindow on session 7e2a9d7f5c863213dd90782c6dd71335 to remote] http.wire 73 - http-outgoing-220 &gt;&gt; &quot;Connection: Keep-Alive[\r][\n]&quot;
12-25-2017 21:23:46 Wire.java DEBUG [Forwarding maximizeCurrentWindow on session 7e2a9d7f5c863213dd90782c6dd71335 to remote] http.wire 73 - http-outgoing-220 &gt;&gt; &quot;User-Agent: Apache-HttpClient/4.5.3 (Java/1.8.0_151)[\r][\n]&quot;
12-25-2017 21:23:46 Wire.java DEBUG [Forwarding maximizeCurrentWindow on session 7e2a9d7f5c863213dd90782c6dd71335 to remote] http.wire 73 - http-outgoing-220 &gt;&gt; &quot;Accept-Encoding: gzip,deflate[\r][\n]&quot;
12-25-2017 21:23:46 Wire.java DEBUG [Forwarding maximizeCurrentWindow on session 7e2a9d7f5c863213dd90782c6dd71335 to remote] http.wire 73 - http-outgoing-220 &gt;&gt; &quot;[\r][\n]&quot;
12-25-2017 21:23:46 Wire.java DEBUG [Forwarding maximizeCurrentWindow on session 7e2a9d7f5c863213dd90782c6dd71335 to remote] http.wire 87 - http-outgoing-220 &gt;&gt; &quot;{&quot;windowHandle&quot;:&quot;current&quot;,&quot;handle&quot;:&quot;current&quot;}&quot;
12-25-2017 21:23:47 Wire.java DEBUG [Forwarding maximizeCurrentWindow on session 7e2a9d7f5c863213dd90782c6dd71335 to remote] http.wire 73 - http-outgoing-220 &lt;&lt; &quot;HTTP/1.1 200 OK[\r][\n]&quot;
12-25-2017 21:23:47 Wire.java DEBUG [Forwarding maximizeCurrentWindow on session 7e2a9d7f5c863213dd90782c6dd71335 to remote] http.wire 73 - http-outgoing-220 &lt;&lt; &quot;Content-Length:72[\r][\n]&quot;
12-25-2017 21:23:47 Wire.java DEBUG [Forwarding maximizeCurrentWindow on session 7e2a9d7f5c863213dd90782c6dd71335 to remote] http.wire 73 - http-outgoing-220 &lt;&lt; &quot;Content-Type:application/json; charset=utf-8[\r][\n]&quot;
12-25-2017 21:23:47 Wire.java DEBUG [Forwarding maximizeCurrentWindow on session 7e2a9d7f5c863213dd90782c6dd71335 to remote] http.wire 73 - http-outgoing-220 &lt;&lt; &quot;Connection:close[\r][\n]&quot;
12-25-2017 21:23:47 Wire.java DEBUG [Forwarding maximizeCurrentWindow on session 7e2a9d7f5c863213dd90782c6dd71335 to remote] http.wire 73 - http-outgoing-220 &lt;&lt; &quot;[\r][\n]&quot;
12-25-2017 21:23:47 Wire.java DEBUG [Forwarding maximizeCurrentWindow on session 7e2a9d7f5c863213dd90782c6dd71335 to remote] http.wire 87 - http-outgoing-220 &lt;&lt; &quot;{&quot;sessionId&quot;:&quot;7e2a9d7f5c863213dd90782c6dd71335&quot;,&quot;status&quot;:0,&quot;value&quot;:null}&quot;
12-25-2017 21:23:47 LoggingManagedHttpClientConnection.java DEBUG [Forwarding maximizeCurrentWindow on session 7e2a9d7f5c863213dd90782c6dd71335 to remote] http.headers 122 - http-outgoing-220 &lt;&lt; HTTP/1.1 200 OK
12-25-2017 21:23:47 LoggingManagedHttpClientConnection.java DEBUG [Forwarding maximizeCurrentWindow on session 7e2a9d7f5c863213dd90782c6dd71335 to remote] http.headers 125 - http-outgoing-220 &lt;&lt; Content-Length:72
12-25-2017 21:23:47 LoggingManagedHttpClientConnection.java DEBUG [Forwarding maximizeCurrentWindow on session 7e2a9d7f5c863213dd90782c6dd71335 to remote] http.headers 125 - http-outgoing-220 &lt;&lt; Content-Type:application/json; charset=utf-8
12-25-2017 21:23:47 LoggingManagedHttpClientConnection.java DEBUG [Forwarding maximizeCurrentWindow on session 7e2a9d7f5c863213dd90782c6dd71335 to remote] http.headers 125 - http-outgoing-220 &lt;&lt; Connection:close
12-25-2017 21:23:47 LoggingManagedHttpClientConnection.java DEBUG [Forwarding maximizeCurrentWindow on session 7e2a9d7f5c863213dd90782c6dd71335 to remote] conn.DefaultManagedHttpClientConnection 79 - http-outgoing-220: Close connection
12-25-2017 21:23:47 ConnectionHolder.java DEBUG [Forwarding maximizeCurrentWindow on session 7e2a9d7f5c863213dd90782c6dd71335 to remote] execchain.MainClientExec 104 - Connection discarded
12-25-2017 21:23:47 PoolingHttpClientConnectionManager.java DEBUG [Forwarding maximizeCurrentWindow on session 7e2a9d7f5c863213dd90782c6dd71335 to remote] conn.PoolingHttpClientConnectionManager 326 - Connection released: [id: 220][route: {}-&gt;http://localhost:29059][total kept alive: 0; route allocated: 0 of 2000; total allocated: 0 of 2000]
12-25-2017 21:23:47 RequestAddCookies.java DEBUG [Forwarding deleteAllCookies on session 7e2a9d7f5c863213dd90782c6dd71335 to remote] protocol.RequestAddCookies 123 - CookieSpec selected: default
12-25-2017 21:23:47 RequestAuthCache.java DEBUG [Forwarding deleteAllCookies on session 7e2a9d7f5c863213dd90782c6dd71335 to remote] protocol.RequestAuthCache 77 - Auth cache not set in the context
12-25-2017 21:23:47 PoolingHttpClientConnectionManager.java DEBUG [Forwarding deleteAllCookies on session 7e2a9d7f5c863213dd90782c6dd71335 to remote] conn.PoolingHttpClientConnectionManager 255 - Connection request: [route: {}-&gt;http://localhost:29059][total kept alive: 0; route allocated: 0 of 2000; total allocated: 0 of 2000]
12-25-2017 21:23:47 PoolingHttpClientConnectionManager.java DEBUG [Forwarding deleteAllCookies on session 7e2a9d7f5c863213dd90782c6dd71335 to remote] conn.PoolingHttpClientConnectionManager 288 - Connection leased: [id: 221][route: {}-&gt;http://localhost:29059][total kept alive: 0; route allocated: 1 of 2000; total allocated: 1 of 2000]
12-25-2017 21:23:47 MainClientExec.java DEBUG [Forwarding deleteAllCookies on session 7e2a9d7f5c863213dd90782c6dd71335 to remote] execchain.MainClientExec 235 - Opening connection {}-&gt;http://localhost:29059
12-25-2017 21:23:47 DefaultHttpClientConnectionOperator.java DEBUG [Forwarding deleteAllCookies on session 7e2a9d7f5c863213dd90782c6dd71335 to remote] conn.DefaultHttpClientConnectionOperator 139 - Connecting to localhost/127.0.0.1:29059
12-25-2017 21:23:47 DefaultHttpClientConnectionOperator.java DEBUG [Forwarding deleteAllCookies on session 7e2a9d7f5c863213dd90782c6dd71335 to remote] conn.DefaultHttpClientConnectionOperator 146 - Connection established 127.0.0.1:50574&lt;-&gt;127.0.0.1:29059
12-25-2017 21:23:47 LoggingManagedHttpClientConnection.java DEBUG [Forwarding deleteAllCookies on session 7e2a9d7f5c863213dd90782c6dd71335 to remote] conn.DefaultManagedHttpClientConnection 88 - http-outgoing-221: set socket timeout to 10800000
12-25-2017 21:23:47 MainClientExec.java DEBUG [Forwarding deleteAllCookies on session 7e2a9d7f5c863213dd90782c6dd71335 to remote] execchain.MainClientExec 256 - Executing request DELETE /session/7e2a9d7f5c863213dd90782c6dd71335/cookie HTTP/1.1
12-25-2017 21:23:47 MainClientExec.java DEBUG [Forwarding deleteAllCookies on session 7e2a9d7f5c863213dd90782c6dd71335 to remote] execchain.MainClientExec 261 - Target auth state: UNCHALLENGED
12-25-2017 21:23:47 MainClientExec.java DEBUG [Forwarding deleteAllCookies on session 7e2a9d7f5c863213dd90782c6dd71335 to remote] execchain.MainClientExec 267 - Proxy auth state: UNCHALLENGED
12-25-2017 21:23:47 LoggingManagedHttpClientConnection.java DEBUG [Forwarding deleteAllCookies on session 7e2a9d7f5c863213dd90782c6dd71335 to remote] http.headers 133 - http-outgoing-221 &gt;&gt; DELETE /session/7e2a9d7f5c863213dd90782c6dd71335/cookie HTTP/1.1
12-25-2017 21:23:47 LoggingManagedHttpClientConnection.java DEBUG [Forwarding deleteAllCookies on session 7e2a9d7f5c863213dd90782c6dd71335 to remote] http.headers 136 - http-outgoing-221 &gt;&gt; Host: localhost:29059
12-25-2017 21:23:47 LoggingManagedHttpClientConnection.java DEBUG [Forwarding deleteAllCookies on session 7e2a9d7f5c863213dd90782c6dd71335 to remote] http.headers 136 - http-outgoing-221 &gt;&gt; Connection: Keep-Alive
12-25-2017 21:23:47 LoggingManagedHttpClientConnection.java DEBUG [Forwarding deleteAllCookies on session 7e2a9d7f5c863213dd90782c6dd71335 to remote] http.headers 136 - http-outgoing-221 &gt;&gt; User-Agent: Apache-HttpClient/4.5.3 (Java/1.8.0_151)
12-25-2017 21:23:47 LoggingManagedHttpClientConnection.java DEBUG [Forwarding deleteAllCookies on session 7e2a9d7f5c863213dd90782c6dd71335 to remote] http.headers 136 - http-outgoing-221 &gt;&gt; Accept-Encoding: gzip,deflate
12-25-2017 21:23:47 Wire.java DEBUG [Forwarding deleteAllCookies on session 7e2a9d7f5c863213dd90782c6dd71335 to remote] http.wire 73 - http-outgoing-221 &gt;&gt; &quot;DELETE /session/7e2a9d7f5c863213dd90782c6dd71335/cookie HTTP/1.1[\r][\n]&quot;
12-25-2017 21:23:47 Wire.java DEBUG [Forwarding deleteAllCookies on session 7e2a9d7f5c863213dd90782c6dd71335 to remote] http.wire 73 - http-outgoing-221 &gt;&gt; &quot;Host: localhost:29059[\r][\n]&quot;
12-25-2017 21:23:47 Wire.java DEBUG [Forwarding deleteAllCookies on session 7e2a9d7f5c863213dd90782c6dd71335 to remote] http.wire 73 - http-outgoing-221 &gt;&gt; &quot;Connection: Keep-Alive[\r][\n]&quot;
12-25-2017 21:23:47 Wire.java DEBUG [Forwarding deleteAllCookies on session 7e2a9d7f5c863213dd90782c6dd71335 to remote] http.wire 73 - http-outgoing-221 &gt;&gt; &quot;User-Agent: Apache-HttpClient/4.5.3 (Java/1.8.0_151)[\r][\n]&quot;
12-25-2017 21:23:47 Wire.java DEBUG [Forwarding deleteAllCookies on session 7e2a9d7f5c863213dd90782c6dd71335 to remote] http.wire 73 - http-outgoing-221 &gt;&gt; &quot;Accept-Encoding: gzip,deflate[\r][\n]&quot;
12-25-2017 21:23:47 Wire.java DEBUG [Forwarding deleteAllCookies on session 7e2a9d7f5c863213dd90782c6dd71335 to remote] http.wire 73 - http-outgoing-221 &gt;&gt; &quot;[\r][\n]&quot;
12-25-2017 21:23:48 Wire.java DEBUG [Forwarding deleteAllCookies on session 7e2a9d7f5c863213dd90782c6dd71335 to remote] http.wire 73 - http-outgoing-221 &lt;&lt; &quot;HTTP/1.1 200 OK[\r][\n]&quot;
12-25-2017 21:23:48 Wire.java DEBUG [Forwarding deleteAllCookies on session 7e2a9d7f5c863213dd90782c6dd71335 to remote] http.wire 73 - http-outgoing-221 &lt;&lt; &quot;Content-Length:72[\r][\n]&quot;
12-25-2017 21:23:48 Wire.java DEBUG [Forwarding deleteAllCookies on session 7e2a9d7f5c863213dd90782c6dd71335 to remote] http.wire 73 - http-outgoing-221 &lt;&lt; &quot;Content-Type:application/json; charset=utf-8[\r][\n]&quot;
12-25-2017 21:23:48 Wire.java DEBUG [Forwarding deleteAllCookies on session 7e2a9d7f5c863213dd90782c6dd71335 to remote] http.wire 73 - http-outgoing-221 &lt;&lt; &quot;Connection:close[\r][\n]&quot;
12-25-2017 21:23:48 Wire.java DEBUG [Forwarding deleteAllCookies on session 7e2a9d7f5c863213dd90782c6dd71335 to remote] http.wire 73 - http-outgoing-221 &lt;&lt; &quot;[\r][\n]&quot;
12-25-2017 21:23:48 Wire.java DEBUG [Forwarding deleteAllCookies on session 7e2a9d7f5c863213dd90782c6dd71335 to remote] http.wire 87 - http-outgoing-221 &lt;&lt; &quot;{&quot;sessionId&quot;:&quot;7e2a9d7f5c863213dd90782c6dd71335&quot;,&quot;status&quot;:0,&quot;value&quot;:null}&quot;
12-25-2017 21:23:48 LoggingManagedHttpClientConnection.java DEBUG [Forwarding deleteAllCookies on session 7e2a9d7f5c863213dd90782c6dd71335 to remote] http.headers 122 - http-outgoing-221 &lt;&lt; HTTP/1.1 200 OK
12-25-2017 21:23:48 LoggingManagedHttpClientConnection.java DEBUG [Forwarding deleteAllCookies on session 7e2a9d7f5c863213dd90782c6dd71335 to remote] http.headers 125 - http-outgoing-221 &lt;&lt; Content-Length:72
12-25-2017 21:23:48 LoggingManagedHttpClientConnection.java DEBUG [Forwarding deleteAllCookies on session 7e2a9d7f5c863213dd90782c6dd71335 to remote] http.headers 125 - http-outgoing-221 &lt;&lt; Content-Type:application/json; charset=utf-8
12-25-2017 21:23:48 LoggingManagedHttpClientConnection.java DEBUG [Forwarding deleteAllCookies on session 7e2a9d7f5c863213dd90782c6dd71335 to remote] http.headers 125 - http-outgoing-221 &lt;&lt; Connection:close
12-25-2017 21:23:48 LoggingManagedHttpClientConnection.java DEBUG [Forwarding deleteAllCookies on session 7e2a9d7f5c863213dd90782c6dd71335 to remote] conn.DefaultManagedHttpClientConnection 79 - http-outgoing-221: Close connection
12-25-2017 21:23:48 ConnectionHolder.java DEBUG [Forwarding deleteAllCookies on session 7e2a9d7f5c863213dd90782c6dd71335 to remote] execchain.MainClientExec 104 - Connection discarded
12-25-2017 21:23:48 PoolingHttpClientConnectionManager.java DEBUG [Forwarding deleteAllCookies on session 7e2a9d7f5c863213dd90782c6dd71335 to remote] conn.PoolingHttpClientConnectionManager 326 - Connection released: [id: 221][route: {}-&gt;http://localhost:29059][total kept alive: 0; route allocated: 0 of 2000; total allocated: 0 of 2000]
12-25-2017 21:23:48 RequestAddCookies.java DEBUG [Forwarding setTimeout on session 7e2a9d7f5c863213dd90782c6dd71335 to remote] protocol.RequestAddCookies 123 - CookieSpec selected: default
12-25-2017 21:23:48 RequestAuthCache.java DEBUG [Forwarding setTimeout on session 7e2a9d7f5c863213dd90782c6dd71335 to remote] protocol.RequestAuthCache 77 - Auth cache not set in the context
12-25-2017 21:23:48 PoolingHttpClientConnectionManager.java DEBUG [Forwarding setTimeout on session 7e2a9d7f5c863213dd90782c6dd71335 to remote] conn.PoolingHttpClientConnectionManager 255 - Connection request: [route: {}-&gt;http://localhost:29059][total kept alive: 0; route allocated: 0 of 2000; total allocated: 0 of 2000]
12-25-2017 21:23:48 PoolingHttpClientConnectionManager.java DEBUG [Forwarding setTimeout on session 7e2a9d7f5c863213dd90782c6dd71335 to remote] conn.PoolingHttpClientConnectionManager 288 - Connection leased: [id: 222][route: {}-&gt;http://localhost:29059][total kept alive: 0; route allocated: 1 of 2000; total allocated: 1 of 2000]
12-25-2017 21:23:48 MainClientExec.java DEBUG [Forwarding setTimeout on session 7e2a9d7f5c863213dd90782c6dd71335 to remote] execchain.MainClientExec 235 - Opening connection {}-&gt;http://localhost:29059
12-25-2017 21:23:48 DefaultHttpClientConnectionOperator.java DEBUG [Forwarding setTimeout on session 7e2a9d7f5c863213dd90782c6dd71335 to remote] conn.DefaultHttpClientConnectionOperator 139 - Connecting to localhost/127.0.0.1:29059
12-25-2017 21:23:48 DefaultHttpClientConnectionOperator.java DEBUG [Forwarding setTimeout on session 7e2a9d7f5c863213dd90782c6dd71335 to remote] conn.DefaultHttpClientConnectionOperator 146 - Connection established 127.0.0.1:50575&lt;-&gt;127.0.0.1:29059
12-25-2017 21:23:48 LoggingManagedHttpClientConnection.java DEBUG [Forwarding setTimeout on session 7e2a9d7f5c863213dd90782c6dd71335 to remote] conn.DefaultManagedHttpClientConnection 88 - http-outgoing-222: set socket timeout to 10800000
12-25-2017 21:23:48 MainClientExec.java DEBUG [Forwarding setTimeout on session 7e2a9d7f5c863213dd90782c6dd71335 to remote] execchain.MainClientExec 256 - Executing request POST /session/7e2a9d7f5c863213dd90782c6dd71335/timeouts HTTP/1.1
12-25-2017 21:23:48 MainClientExec.java DEBUG [Forwarding setTimeout on session 7e2a9d7f5c863213dd90782c6dd71335 to remote] execchain.MainClientExec 261 - Target auth state: UNCHALLENGED
12-25-2017 21:23:48 MainClientExec.java DEBUG [Forwarding setTimeout on session 7e2a9d7f5c863213dd90782c6dd71335 to remote] execchain.MainClientExec 267 - Proxy auth state: UNCHALLENGED
12-25-2017 21:23:48 LoggingManagedHttpClientConnection.java DEBUG [Forwarding setTimeout on session 7e2a9d7f5c863213dd90782c6dd71335 to remote] http.headers 133 - http-outgoing-222 &gt;&gt; POST /session/7e2a9d7f5c863213dd90782c6dd71335/timeouts HTTP/1.1
12-25-2017 21:23:48 LoggingManagedHttpClientConnection.java DEBUG [Forwarding setTimeout on session 7e2a9d7f5c863213dd90782c6dd71335 to remote] http.headers 136 - http-outgoing-222 &gt;&gt; Content-Type: application/json; charset=utf-8
12-25-2017 21:23:48 LoggingManagedHttpClientConnection.java DEBUG [Forwarding setTimeout on session 7e2a9d7f5c863213dd90782c6dd71335 to remote] http.headers 136 - http-outgoing-222 &gt;&gt; Content-Length: 31
12-25-2017 21:23:48 LoggingManagedHttpClientConnection.java DEBUG [Forwarding setTimeout on session 7e2a9d7f5c863213dd90782c6dd71335 to remote] http.headers 136 - http-outgoing-222 &gt;&gt; Host: localhost:29059
12-25-2017 21:23:48 LoggingManagedHttpClientConnection.java DEBUG [Forwarding setTimeout on session 7e2a9d7f5c863213dd90782c6dd71335 to remote] http.headers 136 - http-outgoing-222 &gt;&gt; Connection: Keep-Alive
12-25-2017 21:23:48 LoggingManagedHttpClientConnection.java DEBUG [Forwarding setTimeout on session 7e2a9d7f5c863213dd90782c6dd71335 to remote] http.headers 136 - http-outgoing-222 &gt;&gt; User-Agent: Apache-HttpClient/4.5.3 (Java/1.8.0_151)
12-25-2017 21:23:48 LoggingManagedHttpClientConnection.java DEBUG [Forwarding setTimeout on session 7e2a9d7f5c863213dd90782c6dd71335 to remote] http.headers 136 - http-outgoing-222 &gt;&gt; Accept-Encoding: gzip,deflate
12-25-2017 21:23:48 Wire.java DEBUG [Forwarding setTimeout on session 7e2a9d7f5c863213dd90782c6dd71335 to remote] http.wire 73 - http-outgoing-222 &gt;&gt; &quot;POST /session/7e2a9d7f5c863213dd90782c6dd71335/timeouts HTTP/1.1[\r][\n]&quot;
12-25-2017 21:23:48 Wire.java DEBUG [Forwarding setTimeout on session 7e2a9d7f5c863213dd90782c6dd71335 to remote] http.wire 73 - http-outgoing-222 &gt;&gt; &quot;Content-Type: application/json; charset=utf-8[\r][\n]&quot;
12-25-2017 21:23:48 Wire.java DEBUG [Forwarding setTimeout on session 7e2a9d7f5c863213dd90782c6dd71335 to remote] http.wire 73 - http-outgoing-222 &gt;&gt; &quot;Content-Length: 31[\r][\n]&quot;
12-25-2017 21:23:48 Wire.java DEBUG [Forwarding setTimeout on session 7e2a9d7f5c863213dd90782c6dd71335 to remote] http.wire 73 - http-outgoing-222 &gt;&gt; &quot;Host: localhost:29059[\r][\n]&quot;
12-25-2017 21:23:48 Wire.java DEBUG [Forwarding setTimeout on session 7e2a9d7f5c863213dd90782c6dd71335 to remote] http.wire 73 - http-outgoing-222 &gt;&gt; &quot;Connection: Keep-Alive[\r][\n]&quot;
12-25-2017 21:23:48 Wire.java DEBUG [Forwarding setTimeout on session 7e2a9d7f5c863213dd90782c6dd71335 to remote] http.wire 73 - http-outgoing-222 &gt;&gt; &quot;User-Agent: Apache-HttpClient/4.5.3 (Java/1.8.0_151)[\r][\n]&quot;
12-25-2017 21:23:48 Wire.java DEBUG [Forwarding setTimeout on session 7e2a9d7f5c863213dd90782c6dd71335 to remote] http.wire 73 - http-outgoing-222 &gt;&gt; &quot;Accept-Encoding: gzip,deflate[\r][\n]&quot;
12-25-2017 21:23:48 Wire.java DEBUG [Forwarding setTimeout on session 7e2a9d7f5c863213dd90782c6dd71335 to remote] http.wire 73 - http-outgoing-222 &gt;&gt; &quot;[\r][\n]&quot;
12-25-2017 21:23:48 Wire.java DEBUG [Forwarding setTimeout on session 7e2a9d7f5c863213dd90782c6dd71335 to remote] http.wire 87 - http-outgoing-222 &gt;&gt; &quot;{&quot;type&quot;:&quot;page load&quot;,&quot;ms&quot;:40000}&quot;
12-25-2017 21:23:48 Wire.java DEBUG [Forwarding setTimeout on session 7e2a9d7f5c863213dd90782c6dd71335 to remote] http.wire 73 - http-outgoing-222 &lt;&lt; &quot;HTTP/1.1 200 OK[\r][\n]&quot;
12-25-2017 21:23:48 Wire.java DEBUG [Forwarding setTimeout on session 7e2a9d7f5c863213dd90782c6dd71335 to remote] http.wire 73 - http-outgoing-222 &lt;&lt; &quot;Content-Length:72[\r][\n]&quot;
12-25-2017 21:23:48 Wire.java DEBUG [Forwarding setTimeout on session 7e2a9d7f5c863213dd90782c6dd71335 to remote] http.wire 73 - http-outgoing-222 &lt;&lt; &quot;Content-Type:application/json; charset=utf-8[\r][\n]&quot;
12-25-2017 21:23:48 Wire.java DEBUG [Forwarding setTimeout on session 7e2a9d7f5c863213dd90782c6dd71335 to remote] http.wire 73 - http-outgoing-222 &lt;&lt; &quot;Connection:close[\r][\n]&quot;
12-25-2017 21:23:48 Wire.java DEBUG [Forwarding setTimeout on session 7e2a9d7f5c863213dd90782c6dd71335 to remote] http.wire 73 - http-outgoing-222 &lt;&lt; &quot;[\r][\n]&quot;
12-25-2017 21:23:48 Wire.java DEBUG [Forwarding setTimeout on session 7e2a9d7f5c863213dd90782c6dd71335 to remote] http.wire 87 - http-outgoing-222 &lt;&lt; &quot;{&quot;sessionId&quot;:&quot;7e2a9d7f5c863213dd90782c6dd71335&quot;,&quot;status&quot;:0,&quot;value&quot;:null}&quot;
12-25-2017 21:23:48 LoggingManagedHttpClientConnection.java DEBUG [Forwarding setTimeout on session 7e2a9d7f5c863213dd90782c6dd71335 to remote] http.headers 122 - http-outgoing-222 &lt;&lt; HTTP/1.1 200 OK
12-25-2017 21:23:48 LoggingManagedHttpClientConnection.java DEBUG [Forwarding setTimeout on session 7e2a9d7f5c863213dd90782c6dd71335 to remote] http.headers 125 - http-outgoing-222 &lt;&lt; Content-Length:72
12-25-2017 21:23:48 LoggingManagedHttpClientConnection.java DEBUG [Forwarding setTimeout on session 7e2a9d7f5c863213dd90782c6dd71335 to remote] http.headers 125 - http-outgoing-222 &lt;&lt; Content-Type:application/json; charset=utf-8
12-25-2017 21:23:48 LoggingManagedHttpClientConnection.java DEBUG [Forwarding setTimeout on session 7e2a9d7f5c863213dd90782c6dd71335 to remote] http.headers 125 - http-outgoing-222 &lt;&lt; Connection:close
12-25-2017 21:23:48 LoggingManagedHttpClientConnection.java DEBUG [Forwarding setTimeout on session 7e2a9d7f5c863213dd90782c6dd71335 to remote] conn.DefaultManagedHttpClientConnection 79 - http-outgoing-222: Close connection
12-25-2017 21:23:48 ConnectionHolder.java DEBUG [Forwarding setTimeout on session 7e2a9d7f5c863213dd90782c6dd71335 to remote] execchain.MainClientExec 104 - Connection discarded
12-25-2017 21:23:48 PoolingHttpClientConnectionManager.java DEBUG [Forwarding setTimeout on session 7e2a9d7f5c863213dd90782c6dd71335 to remote] conn.PoolingHttpClientConnectionManager 326 - Connection released: [id: 222][route: {}-&gt;http://localhost:29059][total kept alive: 0; route allocated: 0 of 2000; total allocated: 0 of 2000]
12-25-2017 21:23:48 RequestAddCookies.java DEBUG [Forwarding setTimeout on session 7e2a9d7f5c863213dd90782c6dd71335 to remote] protocol.RequestAddCookies 123 - CookieSpec selected: default
12-25-2017 21:23:48 RequestAuthCache.java DEBUG [Forwarding setTimeout on session 7e2a9d7f5c863213dd90782c6dd71335 to remote] protocol.RequestAuthCache 77 - Auth cache not set in the context
12-25-2017 21:23:48 PoolingHttpClientConnectionManager.java DEBUG [Forwarding setTimeout on session 7e2a9d7f5c863213dd90782c6dd71335 to remote] conn.PoolingHttpClientConnectionManager 255 - Connection request: [route: {}-&gt;http://localhost:29059][total kept alive: 0; route allocated: 0 of 2000; total allocated: 0 of 2000]
12-25-2017 21:23:48 PoolingHttpClientConnectionManager.java DEBUG [Forwarding setTimeout on session 7e2a9d7f5c863213dd90782c6dd71335 to remote] conn.PoolingHttpClientConnectionManager 288 - Connection leased: [id: 223][route: {}-&gt;http://localhost:29059][total kept alive: 0; route allocated: 1 of 2000; total allocated: 1 of 2000]
12-25-2017 21:23:48 MainClientExec.java DEBUG [Forwarding setTimeout on session 7e2a9d7f5c863213dd90782c6dd71335 to remote] execchain.MainClientExec 235 - Opening connection {}-&gt;http://localhost:29059
12-25-2017 21:23:48 DefaultHttpClientConnectionOperator.java DEBUG [Forwarding setTimeout on session 7e2a9d7f5c863213dd90782c6dd71335 to remote] conn.DefaultHttpClientConnectionOperator 139 - Connecting to localhost/127.0.0.1:29059
12-25-2017 21:23:48 DefaultHttpClientConnectionOperator.java DEBUG [Forwarding setTimeout on session 7e2a9d7f5c863213dd90782c6dd71335 to remote] conn.DefaultHttpClientConnectionOperator 146 - Connection established 127.0.0.1:50576&lt;-&gt;127.0.0.1:29059
12-25-2017 21:23:48 LoggingManagedHttpClientConnection.java DEBUG [Forwarding setTimeout on session 7e2a9d7f5c863213dd90782c6dd71335 to remote] conn.DefaultManagedHttpClientConnection 88 - http-outgoing-223: set socket timeout to 10800000
12-25-2017 21:23:48 MainClientExec.java DEBUG [Forwarding setTimeout on session 7e2a9d7f5c863213dd90782c6dd71335 to remote] execchain.MainClientExec 256 - Executing request POST /session/7e2a9d7f5c863213dd90782c6dd71335/timeouts HTTP/1.1
12-25-2017 21:23:48 MainClientExec.java DEBUG [Forwarding setTimeout on session 7e2a9d7f5c863213dd90782c6dd71335 to remote] execchain.MainClientExec 261 - Target auth state: UNCHALLENGED
12-25-2017 21:23:48 MainClientExec.java DEBUG [Forwarding setTimeout on session 7e2a9d7f5c863213dd90782c6dd71335 to remote] execchain.MainClientExec 267 - Proxy auth state: UNCHALLENGED
12-25-2017 21:23:48 LoggingManagedHttpClientConnection.java DEBUG [Forwarding setTimeout on session 7e2a9d7f5c863213dd90782c6dd71335 to remote] http.headers 133 - http-outgoing-223 &gt;&gt; POST /session/7e2a9d7f5c863213dd90782c6dd71335/timeouts HTTP/1.1
12-25-2017 21:23:48 LoggingManagedHttpClientConnection.java DEBUG [Forwarding setTimeout on session 7e2a9d7f5c863213dd90782c6dd71335 to remote] http.headers 136 - http-outgoing-223 &gt;&gt; Content-Type: application/json; charset=utf-8
12-25-2017 21:23:48 LoggingManagedHttpClientConnection.java DEBUG [Forwarding setTimeout on session 7e2a9d7f5c863213dd90782c6dd71335 to remote] http.headers 136 - http-outgoing-223 &gt;&gt; Content-Length: 30
12-25-2017 21:23:48 LoggingManagedHttpClientConnection.java DEBUG [Forwarding setTimeout on session 7e2a9d7f5c863213dd90782c6dd71335 to remote] http.headers 136 - http-outgoing-223 &gt;&gt; Host: localhost:29059
12-25-2017 21:23:48 LoggingManagedHttpClientConnection.java DEBUG [Forwarding setTimeout on session 7e2a9d7f5c863213dd90782c6dd71335 to remote] http.headers 136 - http-outgoing-223 &gt;&gt; Connection: Keep-Alive
12-25-2017 21:23:48 LoggingManagedHttpClientConnection.java DEBUG [Forwarding setTimeout on session 7e2a9d7f5c863213dd90782c6dd71335 to remote] http.headers 136 - http-outgoing-223 &gt;&gt; User-Agent: Apache-HttpClient/4.5.3 (Java/1.8.0_151)
12-25-2017 21:23:48 LoggingManagedHttpClientConnection.java DEBUG [Forwarding setTimeout on session 7e2a9d7f5c863213dd90782c6dd71335 to remote] http.headers 136 - http-outgoing-223 &gt;&gt; Accept-Encoding: gzip,deflate
12-25-2017 21:23:48 Wire.java DEBUG [Forwarding setTimeout on session 7e2a9d7f5c863213dd90782c6dd71335 to remote] http.wire 73 - http-outgoing-223 &gt;&gt; &quot;POST /session/7e2a9d7f5c863213dd90782c6dd71335/timeouts HTTP/1.1[\r][\n]&quot;
12-25-2017 21:23:48 Wire.java DEBUG [Forwarding setTimeout on session 7e2a9d7f5c863213dd90782c6dd71335 to remote] http.wire 73 - http-outgoing-223 &gt;&gt; &quot;Content-Type: application/json; charset=utf-8[\r][\n]&quot;
12-25-2017 21:23:48 Wire.java DEBUG [Forwarding setTimeout on session 7e2a9d7f5c863213dd90782c6dd71335 to remote] http.wire 73 - http-outgoing-223 &gt;&gt; &quot;Content-Length: 30[\r][\n]&quot;
12-25-2017 21:23:48 Wire.java DEBUG [Forwarding setTimeout on session 7e2a9d7f5c863213dd90782c6dd71335 to remote] http.wire 73 - http-outgoing-223 &gt;&gt; &quot;Host: localhost:29059[\r][\n]&quot;
12-25-2017 21:23:48 Wire.java DEBUG [Forwarding setTimeout on session 7e2a9d7f5c863213dd90782c6dd71335 to remote] http.wire 73 - http-outgoing-223 &gt;&gt; &quot;Connection: Keep-Alive[\r][\n]&quot;
12-25-2017 21:23:48 Wire.java DEBUG [Forwarding setTimeout on session 7e2a9d7f5c863213dd90782c6dd71335 to remote] http.wire 73 - http-outgoing-223 &gt;&gt; &quot;User-Agent: Apache-HttpClient/4.5.3 (Java/1.8.0_151)[\r][\n]&quot;
12-25-2017 21:23:48 Wire.java DEBUG [Forwarding setTimeout on session 7e2a9d7f5c863213dd90782c6dd71335 to remote] http.wire 73 - http-outgoing-223 &gt;&gt; &quot;Accept-Encoding: gzip,deflate[\r][\n]&quot;
12-25-2017 21:23:48 Wire.java DEBUG [Forwarding setTimeout on session 7e2a9d7f5c863213dd90782c6dd71335 to remote] http.wire 73 - http-outgoing-223 &gt;&gt; &quot;[\r][\n]&quot;
12-25-2017 21:23:48 Wire.java DEBUG [Forwarding setTimeout on session 7e2a9d7f5c863213dd90782c6dd71335 to remote] http.wire 87 - http-outgoing-223 &gt;&gt; &quot;{&quot;type&quot;:&quot;implicit&quot;,&quot;ms&quot;:20000}&quot;
12-25-2017 21:23:48 Wire.java DEBUG [Forwarding setTimeout on session 7e2a9d7f5c863213dd90782c6dd71335 to remote] http.wire 73 - http-outgoing-223 &lt;&lt; &quot;HTTP/1.1 200 OK[\r][\n]&quot;
12-25-2017 21:23:48 Wire.java DEBUG [Forwarding setTimeout on session 7e2a9d7f5c863213dd90782c6dd71335 to remote] http.wire 73 - http-outgoing-223 &lt;&lt; &quot;Content-Length:72[\r][\n]&quot;
12-25-2017 21:23:48 Wire.java DEBUG [Forwarding setTimeout on session 7e2a9d7f5c863213dd90782c6dd71335 to remote] http.wire 73 - http-outgoing-223 &lt;&lt; &quot;Content-Type:application/json; charset=utf-8[\r][\n]&quot;
12-25-2017 21:23:48 Wire.java DEBUG [Forwarding setTimeout on session 7e2a9d7f5c863213dd90782c6dd71335 to remote] http.wire 73 - http-outgoing-223 &lt;&lt; &quot;Connection:close[\r][\n]&quot;
12-25-2017 21:23:48 Wire.java DEBUG [Forwarding setTimeout on session 7e2a9d7f5c863213dd90782c6dd71335 to remote] http.wire 73 - http-outgoing-223 &lt;&lt; &quot;[\r][\n]&quot;
12-25-2017 21:23:48 Wire.java DEBUG [Forwarding setTimeout on session 7e2a9d7f5c863213dd90782c6dd71335 to remote] http.wire 87 - http-outgoing-223 &lt;&lt; &quot;{&quot;sessionId&quot;:&quot;7e2a9d7f5c863213dd90782c6dd71335&quot;,&quot;status&quot;:0,&quot;value&quot;:null}&quot;
12-25-2017 21:23:48 LoggingManagedHttpClientConnection.java DEBUG [Forwarding setTimeout on session 7e2a9d7f5c863213dd90782c6dd71335 to remote] http.headers 122 - http-outgoing-223 &lt;&lt; HTTP/1.1 200 OK
12-25-2017 21:23:48 LoggingManagedHttpClientConnection.java DEBUG [Forwarding setTimeout on session 7e2a9d7f5c863213dd90782c6dd71335 to remote] http.headers 125 - http-outgoing-223 &lt;&lt; Content-Length:72
12-25-2017 21:23:48 LoggingManagedHttpClientConnection.java DEBUG [Forwarding setTimeout on session 7e2a9d7f5c863213dd90782c6dd71335 to remote] http.headers 125 - http-outgoing-223 &lt;&lt; Content-Type:application/json; charset=utf-8
12-25-2017 21:23:48 LoggingManagedHttpClientConnection.java DEBUG [Forwarding setTimeout on session 7e2a9d7f5c863213dd90782c6dd71335 to remote] http.headers 125 - http-outgoing-223 &lt;&lt; Connection:close
12-25-2017 21:23:48 LoggingManagedHttpClientConnection.java DEBUG [Forwarding setTimeout on session 7e2a9d7f5c863213dd90782c6dd71335 to remote] conn.DefaultManagedHttpClientConnection 79 - http-outgoing-223: Close connection
12-25-2017 21:23:48 ConnectionHolder.java DEBUG [Forwarding setTimeout on session 7e2a9d7f5c863213dd90782c6dd71335 to remote] execchain.MainClientExec 104 - Connection discarded
12-25-2017 21:23:48 PoolingHttpClientConnectionManager.java DEBUG [Forwarding setTimeout on session 7e2a9d7f5c863213dd90782c6dd71335 to remote] conn.PoolingHttpClientConnectionManager 326 - Connection released: [id: 223][route: {}-&gt;http://localhost:29059][total kept alive: 0; route allocated: 0 of 2000; total allocated: 0 of 2000]
12-25-2017 21:23:48 RequestAddCookies.java DEBUG [Forwarding get on session 7e2a9d7f5c863213dd90782c6dd71335 to remote] protocol.RequestAddCookies 123 - CookieSpec selected: default
12-25-2017 21:23:48 RequestAuthCache.java DEBUG [Forwarding get on session 7e2a9d7f5c863213dd90782c6dd71335 to remote] protocol.RequestAuthCache 77 - Auth cache not set in the context
12-25-2017 21:23:48 PoolingHttpClientConnectionManager.java DEBUG [Forwarding get on session 7e2a9d7f5c863213dd90782c6dd71335 to remote] conn.PoolingHttpClientConnectionManager 255 - Connection request: [route: {}-&gt;http://localhost:29059][total kept alive: 0; route allocated: 0 of 2000; total allocated: 0 of 2000]
12-25-2017 21:23:48 PoolingHttpClientConnectionManager.java DEBUG [Forwarding get on session 7e2a9d7f5c863213dd90782c6dd71335 to remote] conn.PoolingHttpClientConnectionManager 288 - Connection leased: [id: 224][route: {}-&gt;http://localhost:29059][total kept alive: 0; route allocated: 1 of 2000; total allocated: 1 of 2000]
12-25-2017 21:23:48 MainClientExec.java DEBUG [Forwarding get on session 7e2a9d7f5c863213dd90782c6dd71335 to remote] execchain.MainClientExec 235 - Opening connection {}-&gt;http://localhost:29059
12-25-2017 21:23:48 DefaultHttpClientConnectionOperator.java DEBUG [Forwarding get on session 7e2a9d7f5c863213dd90782c6dd71335 to remote] conn.DefaultHttpClientConnectionOperator 139 - Connecting to localhost/127.0.0.1:29059
12-25-2017 21:23:48 DefaultHttpClientConnectionOperator.java DEBUG [Forwarding get on session 7e2a9d7f5c863213dd90782c6dd71335 to remote] conn.DefaultHttpClientConnectionOperator 146 - Connection established 127.0.0.1:50577&lt;-&gt;127.0.0.1:29059
12-25-2017 21:23:48 LoggingManagedHttpClientConnection.java DEBUG [Forwarding get on session 7e2a9d7f5c863213dd90782c6dd71335 to remote] conn.DefaultManagedHttpClientConnection 88 - http-outgoing-224: set socket timeout to 10800000
12-25-2017 21:23:48 MainClientExec.java DEBUG [Forwarding get on session 7e2a9d7f5c863213dd90782c6dd71335 to remote] execchain.MainClientExec 256 - Executing request POST /session/7e2a9d7f5c863213dd90782c6dd71335/url HTTP/1.1
12-25-2017 21:23:48 MainClientExec.java DEBUG [Forwarding get on session 7e2a9d7f5c863213dd90782c6dd71335 to remote] execchain.MainClientExec 261 - Target auth state: UNCHALLENGED
12-25-2017 21:23:48 MainClientExec.java DEBUG [Forwarding get on session 7e2a9d7f5c863213dd90782c6dd71335 to remote] execchain.MainClientExec 267 - Proxy auth state: UNCHALLENGED
12-25-2017 21:23:48 LoggingManagedHttpClientConnection.java DEBUG [Forwarding get on session 7e2a9d7f5c863213dd90782c6dd71335 to remote] http.headers 133 - http-outgoing-224 &gt;&gt; POST /session/7e2a9d7f5c863213dd90782c6dd71335/url HTTP/1.1
12-25-2017 21:23:48 LoggingManagedHttpClientConnection.java DEBUG [Forwarding get on session 7e2a9d7f5c863213dd90782c6dd71335 to remote] http.headers 136 - http-outgoing-224 &gt;&gt; Content-Type: application/json; charset=utf-8
12-25-2017 21:23:48 LoggingManagedHttpClientConnection.java DEBUG [Forwarding get on session 7e2a9d7f5c863213dd90782c6dd71335 to remote] http.headers 136 - http-outgoing-224 &gt;&gt; Content-Length: 31
12-25-2017 21:23:48 LoggingManagedHttpClientConnection.java DEBUG [Forwarding get on session 7e2a9d7f5c863213dd90782c6dd71335 to remote] http.headers 136 - http-outgoing-224 &gt;&gt; Host: localhost:29059
12-25-2017 21:23:48 LoggingManagedHttpClientConnection.java DEBUG [Forwarding get on session 7e2a9d7f5c863213dd90782c6dd71335 to remote] http.headers 136 - http-outgoing-224 &gt;&gt; Connection: Keep-Alive
12-25-2017 21:23:48 LoggingManagedHttpClientConnection.java DEBUG [Forwarding get on session 7e2a9d7f5c863213dd90782c6dd71335 to remote] http.headers 136 - http-outgoing-224 &gt;&gt; User-Agent: Apache-HttpClient/4.5.3 (Java/1.8.0_151)
12-25-2017 21:23:48 LoggingManagedHttpClientConnection.java DEBUG [Forwarding get on session 7e2a9d7f5c863213dd90782c6dd71335 to remote] http.headers 136 - http-outgoing-224 &gt;&gt; Accept-Encoding: gzip,deflate
12-25-2017 21:23:48 Wire.java DEBUG [Forwarding get on session 7e2a9d7f5c863213dd90782c6dd71335 to remote] http.wire 73 - http-outgoing-224 &gt;&gt; &quot;POST /session/7e2a9d7f5c863213dd90782c6dd71335/url HTTP/1.1[\r][\n]&quot;
12-25-2017 21:23:48 Wire.java DEBUG [Forwarding get on session 7e2a9d7f5c863213dd90782c6dd71335 to remote] http.wire 73 - http-outgoing-224 &gt;&gt; &quot;Content-Type: application/json; charset=utf-8[\r][\n]&quot;
12-25-2017 21:23:48 Wire.java DEBUG [Forwarding get on session 7e2a9d7f5c863213dd90782c6dd71335 to remote] http.wire 73 - http-outgoing-224 &gt;&gt; &quot;Content-Length: 31[\r][\n]&quot;
12-25-2017 21:23:48 Wire.java DEBUG [Forwarding get on session 7e2a9d7f5c863213dd90782c6dd71335 to remote] http.wire 73 - http-outgoing-224 &gt;&gt; &quot;Host: localhost:29059[\r][\n]&quot;
12-25-2017 21:23:48 Wire.java DEBUG [Forwarding get on session 7e2a9d7f5c863213dd90782c6dd71335 to remote] http.wire 73 - http-outgoing-224 &gt;&gt; &quot;Connection: Keep-Alive[\r][\n]&quot;
12-25-2017 21:23:48 Wire.java DEBUG [Forwarding get on session 7e2a9d7f5c863213dd90782c6dd71335 to remote] http.wire 73 - http-outgoing-224 &gt;&gt; &quot;User-Agent: Apache-HttpClient/4.5.3 (Java/1.8.0_151)[\r][\n]&quot;
12-25-2017 21:23:48 Wire.java DEBUG [Forwarding get on session 7e2a9d7f5c863213dd90782c6dd71335 to remote] http.wire 73 - http-outgoing-224 &gt;&gt; &quot;Accept-Encoding: gzip,deflate[\r][\n]&quot;
12-25-2017 21:23:48 Wire.java DEBUG [Forwarding get on session 7e2a9d7f5c863213dd90782c6dd71335 to remote] http.wire 73 - http-outgoing-224 &gt;&gt; &quot;[\r][\n]&quot;
12-25-2017 21:23:48 Wire.java DEBUG [Forwarding get on session 7e2a9d7f5c863213dd90782c6dd71335 to remote] http.wire 87 - http-outgoing-224 &gt;&gt; &quot;{&quot;url&quot;:&quot;http://www.google.com&quot;}&quot;
12-25-2017 21:23:50 Wire.java DEBUG [Forwarding get on session 7e2a9d7f5c863213dd90782c6dd71335 to remote] http.wire 73 - http-outgoing-224 &lt;&lt; &quot;HTTP/1.1 200 OK[\r][\n]&quot;
12-25-2017 21:23:50 Wire.java DEBUG [Forwarding get on session 7e2a9d7f5c863213dd90782c6dd71335 to remote] http.wire 73 - http-outgoing-224 &lt;&lt; &quot;Content-Length:72[\r][\n]&quot;
12-25-2017 21:23:50 Wire.java DEBUG [Forwarding get on session 7e2a9d7f5c863213dd90782c6dd71335 to remote] http.wire 73 - http-outgoing-224 &lt;&lt; &quot;Content-Type:application/json; charset=utf-8[\r][\n]&quot;
12-25-2017 21:23:50 Wire.java DEBUG [Forwarding get on session 7e2a9d7f5c863213dd90782c6dd71335 to remote] http.wire 73 - http-outgoing-224 &lt;&lt; &quot;Connection:close[\r][\n]&quot;
12-25-2017 21:23:50 Wire.java DEBUG [Forwarding get on session 7e2a9d7f5c863213dd90782c6dd71335 to remote] http.wire 73 - http-outgoing-224 &lt;&lt; &quot;[\r][\n]&quot;
12-25-2017 21:23:50 Wire.java DEBUG [Forwarding get on session 7e2a9d7f5c863213dd90782c6dd71335 to remote] http.wire 87 - http-outgoing-224 &lt;&lt; &quot;{&quot;sessionId&quot;:&quot;7e2a9d7f5c863213dd90782c6dd71335&quot;,&quot;status&quot;:0,&quot;value&quot;:null}&quot;
12-25-2017 21:23:50 LoggingManagedHttpClientConnection.java DEBUG [Forwarding get on session 7e2a9d7f5c863213dd90782c6dd71335 to remote] http.headers 122 - http-outgoing-224 &lt;&lt; HTTP/1.1 200 OK
12-25-2017 21:23:50 LoggingManagedHttpClientConnection.java DEBUG [Forwarding get on session 7e2a9d7f5c863213dd90782c6dd71335 to remote] http.headers 125 - http-outgoing-224 &lt;&lt; Content-Length:72
12-25-2017 21:23:50 LoggingManagedHttpClientConnection.java DEBUG [Forwarding get on session 7e2a9d7f5c863213dd90782c6dd71335 to remote] http.headers 125 - http-outgoing-224 &lt;&lt; Content-Type:application/json; charset=utf-8
12-25-2017 21:23:50 LoggingManagedHttpClientConnection.java DEBUG [Forwarding get on session 7e2a9d7f5c863213dd90782c6dd71335 to remote] http.headers 125 - http-outgoing-224 &lt;&lt; Connection:close
12-25-2017 21:23:50 LoggingManagedHttpClientConnection.java DEBUG [Forwarding get on session 7e2a9d7f5c863213dd90782c6dd71335 to remote] conn.DefaultManagedHttpClientConnection 79 - http-outgoing-224: Close connection
12-25-2017 21:23:50 ConnectionHolder.java DEBUG [Forwarding get on session 7e2a9d7f5c863213dd90782c6dd71335 to remote] execchain.MainClientExec 104 - Connection discarded
12-25-2017 21:23:50 PoolingHttpClientConnectionManager.java DEBUG [Forwarding get on session 7e2a9d7f5c863213dd90782c6dd71335 to remote] conn.PoolingHttpClientConnectionManager 326 - Connection released: [id: 224][route: {}-&gt;http://localhost:29059][total kept alive: 0; route allocated: 0 of 2000; total allocated: 0 of 2000]
12-25-2017 21:23:50 RequestAddCookies.java DEBUG [Forwarding findElement on session 7e2a9d7f5c863213dd90782c6dd71335 to remote] protocol.RequestAddCookies 123 - CookieSpec selected: default
12-25-2017 21:23:50 RequestAuthCache.java DEBUG [Forwarding findElement on session 7e2a9d7f5c863213dd90782c6dd71335 to remote] protocol.RequestAuthCache 77 - Auth cache not set in the context
12-25-2017 21:23:50 PoolingHttpClientConnectionManager.java DEBUG [Forwarding findElement on session 7e2a9d7f5c863213dd90782c6dd71335 to remote] conn.PoolingHttpClientConnectionManager 255 - Connection request: [route: {}-&gt;http://localhost:29059][total kept alive: 0; route allocated: 0 of 2000; total allocated: 0 of 2000]
12-25-2017 21:23:50 PoolingHttpClientConnectionManager.java DEBUG [Forwarding findElement on session 7e2a9d7f5c863213dd90782c6dd71335 to remote] conn.PoolingHttpClientConnectionManager 288 - Connection leased: [id: 225][route: {}-&gt;http://localhost:29059][total kept alive: 0; route allocated: 1 of 2000; total allocated: 1 of 2000]
12-25-2017 21:23:50 MainClientExec.java DEBUG [Forwarding findElement on session 7e2a9d7f5c863213dd90782c6dd71335 to remote] execchain.MainClientExec 235 - Opening connection {}-&gt;http://localhost:29059
12-25-2017 21:23:50 DefaultHttpClientConnectionOperator.java DEBUG [Forwarding findElement on session 7e2a9d7f5c863213dd90782c6dd71335 to remote] conn.DefaultHttpClientConnectionOperator 139 - Connecting to localhost/127.0.0.1:29059
12-25-2017 21:23:50 DefaultHttpClientConnectionOperator.java DEBUG [Forwarding findElement on session 7e2a9d7f5c863213dd90782c6dd71335 to remote] conn.DefaultHttpClientConnectionOperator 146 - Connection established 127.0.0.1:50590&lt;-&gt;127.0.0.1:29059
12-25-2017 21:23:50 LoggingManagedHttpClientConnection.java DEBUG [Forwarding findElement on session 7e2a9d7f5c863213dd90782c6dd71335 to remote] conn.DefaultManagedHttpClientConnection 88 - http-outgoing-225: set socket timeout to 10800000
12-25-2017 21:23:50 MainClientExec.java DEBUG [Forwarding findElement on session 7e2a9d7f5c863213dd90782c6dd71335 to remote] execchain.MainClientExec 256 - Executing request POST /session/7e2a9d7f5c863213dd90782c6dd71335/element HTTP/1.1
12-25-2017 21:23:50 MainClientExec.java DEBUG [Forwarding findElement on session 7e2a9d7f5c863213dd90782c6dd71335 to remote] execchain.MainClientExec 261 - Target auth state: UNCHALLENGED
12-25-2017 21:23:50 MainClientExec.java DEBUG [Forwarding findElement on session 7e2a9d7f5c863213dd90782c6dd71335 to remote] execchain.MainClientExec 267 - Proxy auth state: UNCHALLENGED
12-25-2017 21:23:50 LoggingManagedHttpClientConnection.java DEBUG [Forwarding findElement on session 7e2a9d7f5c863213dd90782c6dd71335 to remote] http.headers 133 - http-outgoing-225 &gt;&gt; POST /session/7e2a9d7f5c863213dd90782c6dd71335/element HTTP/1.1
12-25-2017 21:23:50 LoggingManagedHttpClientConnection.java DEBUG [Forwarding findElement on session 7e2a9d7f5c863213dd90782c6dd71335 to remote] http.headers 136 - http-outgoing-225 &gt;&gt; Content-Type: application/json; charset=utf-8
12-25-2017 21:23:50 LoggingManagedHttpClientConnection.java DEBUG [Forwarding findElement on session 7e2a9d7f5c863213dd90782c6dd71335 to remote] http.headers 136 - http-outgoing-225 &gt;&gt; Content-Length: 47
12-25-2017 21:23:50 LoggingManagedHttpClientConnection.java DEBUG [Forwarding findElement on session 7e2a9d7f5c863213dd90782c6dd71335 to remote] http.headers 136 - http-outgoing-225 &gt;&gt; Host: localhost:29059
12-25-2017 21:23:50 LoggingManagedHttpClientConnection.java DEBUG [Forwarding findElement on session 7e2a9d7f5c863213dd90782c6dd71335 to remote] http.headers 136 - http-outgoing-225 &gt;&gt; Connection: Keep-Alive
12-25-2017 21:23:50 LoggingManagedHttpClientConnection.java DEBUG [Forwarding findElement on session 7e2a9d7f5c863213dd90782c6dd71335 to remote] http.headers 136 - http-outgoing-225 &gt;&gt; User-Agent: Apache-HttpClient/4.5.3 (Java/1.8.0_151)
12-25-2017 21:23:50 LoggingManagedHttpClientConnection.java DEBUG [Forwarding findElement on session 7e2a9d7f5c863213dd90782c6dd71335 to remote] http.headers 136 - http-outgoing-225 &gt;&gt; Accept-Encoding: gzip,deflate
12-25-2017 21:23:50 Wire.java DEBUG [Forwarding findElement on session 7e2a9d7f5c863213dd90782c6dd71335 to remote] http.wire 73 - http-outgoing-225 &gt;&gt; &quot;POST /session/7e2a9d7f5c863213dd90782c6dd71335/element HTTP/1.1[\r][\n]&quot;
12-25-2017 21:23:50 Wire.java DEBUG [Forwarding findElement on session 7e2a9d7f5c863213dd90782c6dd71335 to remote] http.wire 73 - http-outgoing-225 &gt;&gt; &quot;Content-Type: application/json; charset=utf-8[\r][\n]&quot;
12-25-2017 21:23:50 Wire.java DEBUG [Forwarding findElement on session 7e2a9d7f5c863213dd90782c6dd71335 to remote] http.wire 73 - http-outgoing-225 &gt;&gt; &quot;Content-Length: 47[\r][\n]&quot;
12-25-2017 21:23:50 Wire.java DEBUG [Forwarding findElement on session 7e2a9d7f5c863213dd90782c6dd71335 to remote] http.wire 73 - http-outgoing-225 &gt;&gt; &quot;Host: localhost:29059[\r][\n]&quot;
12-25-2017 21:23:50 Wire.java DEBUG [Forwarding findElement on session 7e2a9d7f5c863213dd90782c6dd71335 to remote] http.wire 73 - http-outgoing-225 &gt;&gt; &quot;Connection: Keep-Alive[\r][\n]&quot;
12-25-2017 21:23:50 Wire.java DEBUG [Forwarding findElement on session 7e2a9d7f5c863213dd90782c6dd71335 to remote] http.wire 73 - http-outgoing-225 &gt;&gt; &quot;User-Agent: Apache-HttpClient/4.5.3 (Java/1.8.0_151)[\r][\n]&quot;
12-25-2017 21:23:50 Wire.java DEBUG [Forwarding findElement on session 7e2a9d7f5c863213dd90782c6dd71335 to remote] http.wire 73 - http-outgoing-225 &gt;&gt; &quot;Accept-Encoding: gzip,deflate[\r][\n]&quot;
12-25-2017 21:23:50 Wire.java DEBUG [Forwarding findElement on session 7e2a9d7f5c863213dd90782c6dd71335 to remote] http.wire 73 - http-outgoing-225 &gt;&gt; &quot;[\r][\n]&quot;
12-25-2017 21:23:50 Wire.java DEBUG [Forwarding findElement on session 7e2a9d7f5c863213dd90782c6dd71335 to remote] http.wire 87 - http-outgoing-225 &gt;&gt; &quot;{&quot;using&quot;:&quot;xpath&quot;,&quot;value&quot;:&quot;//img[@id=&apos;hplogo&apos;]&quot;}&quot;
12-25-2017 21:24:10 Wire.java DEBUG [Forwarding findElement on session 7e2a9d7f5c863213dd90782c6dd71335 to remote] http.wire 73 - http-outgoing-225 &lt;&lt; &quot;HTTP/1.1 200 OK[\r][\n]&quot;
12-25-2017 21:24:10 Wire.java DEBUG [Forwarding findElement on session 7e2a9d7f5c863213dd90782c6dd71335 to remote] http.wire 73 - http-outgoing-225 &lt;&lt; &quot;Content-Length:348[\r][\n]&quot;
12-25-2017 21:24:10 Wire.java DEBUG [Forwarding findElement on session 7e2a9d7f5c863213dd90782c6dd71335 to remote] http.wire 73 - http-outgoing-225 &lt;&lt; &quot;Content-Type:application/json; charset=utf-8[\r][\n]&quot;
12-25-2017 21:24:10 Wire.java DEBUG [Forwarding findElement on session 7e2a9d7f5c863213dd90782c6dd71335 to remote] http.wire 73 - http-outgoing-225 &lt;&lt; &quot;Connection:close[\r][\n]&quot;
12-25-2017 21:24:10 Wire.java DEBUG [Forwarding findElement on session 7e2a9d7f5c863213dd90782c6dd71335 to remote] http.wire 73 - http-outgoing-225 &lt;&lt; &quot;[\r][\n]&quot;
12-25-2017 21:24:10 Wire.java DEBUG [Forwarding findElement on session 7e2a9d7f5c863213dd90782c6dd71335 to remote] http.wire 87 - http-outgoing-225 &lt;&lt; &quot;{&quot;sessionId&quot;:&quot;7e2a9d7f5c863213dd90782c6dd71335&quot;,&quot;status&quot;:7,&quot;value&quot;:{&quot;message&quot;:&quot;no such element: Unable to locate element: {\&quot;method\&quot;:\&quot;xpath\&quot;,\&quot;selector\&quot;:\&quot;//img[@id=&apos;hplogo&apos;]\&quot;}\n  (Session info: chrome=63.0.3239.108)\n  (Driver info: chromedriver=2.33.506120 (e3e53437346286c0bc2d2dc9aa4915ba81d9023f),platform=Windows NT 10.0.16299 x86_64)&quot;}}&quot;
12-25-2017 21:24:10 LoggingManagedHttpClientConnection.java DEBUG [Forwarding findElement on session 7e2a9d7f5c863213dd90782c6dd71335 to remote] http.headers 122 - http-outgoing-225 &lt;&lt; HTTP/1.1 200 OK
12-25-2017 21:24:10 LoggingManagedHttpClientConnection.java DEBUG [Forwarding findElement on session 7e2a9d7f5c863213dd90782c6dd71335 to remote] http.headers 125 - http-outgoing-225 &lt;&lt; Content-Length:348
12-25-2017 21:24:10 LoggingManagedHttpClientConnection.java DEBUG [Forwarding findElement on session 7e2a9d7f5c863213dd90782c6dd71335 to remote] http.headers 125 - http-outgoing-225 &lt;&lt; Content-Type:application/json; charset=utf-8
12-25-2017 21:24:10 LoggingManagedHttpClientConnection.java DEBUG [Forwarding findElement on session 7e2a9d7f5c863213dd90782c6dd71335 to remote] http.headers 125 - http-outgoing-225 &lt;&lt; Connection:close
12-25-2017 21:24:10 LoggingManagedHttpClientConnection.java DEBUG [Forwarding findElement on session 7e2a9d7f5c863213dd90782c6dd71335 to remote] conn.DefaultManagedHttpClientConnection 79 - http-outgoing-225: Close connection
12-25-2017 21:24:10 ConnectionHolder.java DEBUG [Forwarding findElement on session 7e2a9d7f5c863213dd90782c6dd71335 to remote] execchain.MainClientExec 104 - Connection discarded
12-25-2017 21:24:10 PoolingHttpClientConnectionManager.java DEBUG [Forwarding findElement on session 7e2a9d7f5c863213dd90782c6dd71335 to remote] conn.PoolingHttpClientConnectionManager 326 - Connection released: [id: 225][route: {}-&gt;http://localhost:29059][total kept alive: 0; route allocated: 0 of 2000; total allocated: 0 of 2000]
</system-out>
    <system-err>Starting ChromeDriver 2.33.506120 (e3e53437346286c0bc2d2dc9aa4915ba81d9023f) on port 29059
Only local connections are allowed.
Dec 25, 2017 9:23:46 PM org.openqa.selenium.remote.ProtocolHandshake createSession
INFO: Detected dialect: OSS
</system-err>
  </testcase>
  <testcase classname="com.naveentestNG.ExcludeTest" name="testCase3" time="0.001"/>
  <testcase classname="com.naveentestNG.GoogleTest" name="testCase2" time="0"/>
  <testcase classname="com.naveentestNG.ExcludeTest" name="testCase4" time="0"/>
  <testcase classname="com.naveentestNG.GoogleTest" name="testCase3" time="0"/>
  <testcase classname="com.naveentestNG.GoogleTest" name="testCase1" time="0"/>
</testsuite>