<?xml version="1.0" encoding="UTF-8"?>
<!-- Generated by org.testng.reporters.JUnitReportReporter -->
<testsuite skipped="0" hostname="DESKTOP-16VI708" name="com.naveenWebDriver.BootStrapDropDown" tests="2" failures="0" timestamp="25 Dec 2017 22:40:08 GMT" time="28.804" errors="0">
  <testcase name="testCase2" time="18.631" classname="com.naveenWebDriver.BootStrapDropDown"/>
  <testcase name="testCase1" time="10.173" classname="com.naveenWebDriver.BootStrapDropDown"/>
</testsuite> <!-- com.naveenWebDriver.BootStrapDropDown -->
