<?xml version="1.0" encoding="UTF-8"?>
<!-- Generated by org.testng.reporters.JUnitReportReporter -->
<testsuite skipped="0" hostname="DESKTOP-16VI708" name="com.interviewQuestionsWebDriver.CommandPrompt" tests="1" failures="0" timestamp="10 Nov 2017 21:12:50 GMT" time="0.009" errors="0">
  <testcase name="testCase1" time="0.009" classname="com.interviewQuestionsWebDriver.CommandPrompt"/>
</testsuite> <!-- com.interviewQuestionsWebDriver.CommandPrompt -->
