<?xml version="1.0" encoding="UTF-8"?>
<!-- Generated by org.testng.reporters.JUnitReportReporter -->
<testsuite skipped="0" hostname="DESKTOP-16VI708" name="com.naveenWebDriver.Log4jDemo" tests="3" failures="0" timestamp="24 Dec 2017 21:32:12 GMT" time="29.044" errors="0">
  <testcase name="testCase2" time="8.374" classname="com.naveenWebDriver.Log4jDemo"/>
  <testcase name="testCase3" time="8.379" classname="com.naveenWebDriver.Log4jDemo"/>
  <testcase name="testCase1" time="12.291" classname="com.naveenWebDriver.Log4jDemo"/>
</testsuite> <!-- com.naveenWebDriver.Log4jDemo -->
