<?xml version="1.0" encoding="UTF-8"?>
<!-- Generated by org.testng.reporters.JUnitReportReporter -->
<testsuite skipped="0" hostname="DESKTOP-16VI708" name="com.naveentestNG.InfiniteLoop" tests="1" failures="0" timestamp="13 Nov 2017 22:28:46 GMT" time="0.001" errors="0">
  <testcase name="testCase2" time="0.001" classname="com.naveentestNG.InfiniteLoop"/>
</testsuite> <!-- com.naveentestNG.InfiniteLoop -->
