<?xml version="1.0" encoding="UTF-8"?>
<!-- Generated by org.testng.reporters.JUnitReportReporter -->
<testsuite skipped="0" hostname="DESKTOP-16VI708" name="com.naveenWebDriver.ImplicitWait" tests="1" failures="0" timestamp="28 Nov 2017 14:35:20 GMT" time="10.428" errors="0">
  <testcase name="testCase1" time="10.428" classname="com.naveenWebDriver.ImplicitWait"/>
</testsuite> <!-- com.naveenWebDriver.ImplicitWait -->
