<?xml version="1.0" encoding="UTF-8"?>
<!-- Generated by org.testng.reporters.JUnitReportReporter -->
<testsuite skipped="0" hostname="DESKTOP-16VI708" name="com.interviewQuestionsWebDriver.TestngAnnotation" tests="2" failures="0" timestamp="11 Nov 2017 15:05:21 GMT" time="0.016" errors="0">
  <testcase name="testCase1" time="0.010" classname="com.interviewQuestionsWebDriver.TestngAnnotation"/>
  <testcase name="testCase2" time="0.006" classname="com.interviewQuestionsWebDriver.TestngAnnotation"/>
</testsuite> <!-- com.interviewQuestionsWebDriver.TestngAnnotation -->
