<?xml version="1.0" encoding="UTF-8"?>
<!-- Generated by org.testng.reporters.JUnitReportReporter -->
<testsuite skipped="0" hostname="DESKTOP-16VI708" name="com.bhanu.WebDriver.MouseHover" tests="1" failures="0" timestamp="27 Dec 2017 21:46:43 GMT" time="61.696" errors="0">
  <testcase name="testCase1" time="61.696" classname="com.bhanu.WebDriver.MouseHover"/>
</testsuite> <!-- com.bhanu.WebDriver.MouseHover -->
