<?xml version="1.0" encoding="UTF-8"?>
<!-- Generated by org.testng.reporters.JUnitReportReporter -->
<testsuite skipped="0" hostname="DESKTOP-16VI708" name="com.naveentestNG.ParametersDemo" tests="1" failures="0" timestamp="15 Nov 2017 14:25:54 GMT" time="11.211" errors="0">
  <testcase name="testCase1" time="11.211" classname="com.naveentestNG.ParametersDemo"/>
</testsuite> <!-- com.naveentestNG.ParametersDemo -->
