<?xml version="1.0" encoding="UTF-8"?>
<!-- Generated by org.testng.reporters.JUnitReportReporter -->
<testsuite skipped="0" hostname="DESKTOP-16VI708" name="com.naveentestNG.ParallelTesting3" tests="24" failures="0" timestamp="22 Nov 2017 00:21:40 GMT" time="0.400" errors="0">
  <testcase name="testCase1" time="0.001" classname="com.naveentestNG.ParallelTesting3"/>
  <testcase name="testCase1" time="0.048" classname="com.naveentestNG.ParallelTesting3"/>
  <testcase name="testCase1" time="0.009" classname="com.naveentestNG.ParallelTesting3"/>
  <testcase name="testCase1" time="0.009" classname="com.naveentestNG.ParallelTesting3"/>
  <testcase name="testCase1" time="0.045" classname="com.naveentestNG.ParallelTesting3"/>
  <testcase name="testCase1" time="0.033" classname="com.naveentestNG.ParallelTesting3"/>
  <testcase name="testCase1" time="0.026" classname="com.naveentestNG.ParallelTesting3"/>
  <testcase name="testCase1" time="0.003" classname="com.naveentestNG.ParallelTesting3"/>
  <testcase name="testCase1" time="0.016" classname="com.naveentestNG.ParallelTesting3"/>
  <testcase name="testCase1" time="0.017" classname="com.naveentestNG.ParallelTesting3"/>
  <testcase name="testCase1" time="0.002" classname="com.naveentestNG.ParallelTesting3"/>
  <testcase name="testCase1" time="0.003" classname="com.naveentestNG.ParallelTesting3"/>
  <testcase name="testCase1" time="0.005" classname="com.naveentestNG.ParallelTesting3"/>
  <testcase name="testCase1" time="0.038" classname="com.naveentestNG.ParallelTesting3"/>
  <testcase name="testCase1" time="0.002" classname="com.naveentestNG.ParallelTesting3"/>
  <testcase name="testCase1" time="0.012" classname="com.naveentestNG.ParallelTesting3"/>
  <testcase name="testCase1" time="0.034" classname="com.naveentestNG.ParallelTesting3"/>
  <testcase name="testCase1" time="0.007" classname="com.naveentestNG.ParallelTesting3"/>
  <testcase name="testCase1" time="0.005" classname="com.naveentestNG.ParallelTesting3"/>
  <testcase name="testCase1" time="0.004" classname="com.naveentestNG.ParallelTesting3"/>
  <testcase name="testCase1" time="0.030" classname="com.naveentestNG.ParallelTesting3"/>
  <testcase name="testCase1" time="0.023" classname="com.naveentestNG.ParallelTesting3"/>
  <testcase name="testCase1" time="0.026" classname="com.naveentestNG.ParallelTesting3"/>
  <testcase name="testCase1" time="0.002" classname="com.naveentestNG.ParallelTesting3"/>
</testsuite> <!-- com.naveentestNG.ParallelTesting3 -->
