<?xml version="1.0" encoding="UTF-8"?>
<!-- Generated by org.testng.reporters.JUnitReportReporter -->
<testsuite skipped="0" hostname="DESKTOP-16VI708" name="com.naveenWebDriver.HandlingDynamicWebtable" tests="1" failures="0" timestamp="01 Dec 2017 20:57:26 GMT" time="34.347" errors="0">
  <testcase name="testCase1" time="34.347" classname="com.naveenWebDriver.HandlingDynamicWebtable"/>
</testsuite> <!-- com.naveenWebDriver.HandlingDynamicWebtable -->
