<?xml version="1.0" encoding="UTF-8"?>
<!-- Generated by org.testng.reporters.JUnitReportReporter -->
<testsuite skipped="0" hostname="DESKTOP-16VI708" name="com.naveenWebDriver.JavaScript" tests="1" failures="0" timestamp="30 Nov 2017 03:09:47 GMT" time="17.408" errors="0">
  <testcase name="testCase1" time="17.408" classname="com.naveenWebDriver.JavaScript"/>
</testsuite> <!-- com.naveenWebDriver.JavaScript -->
