<?xml version="1.0" encoding="UTF-8"?>
<!-- Generated by org.testng.reporters.JUnitReportReporter -->
<testsuite skipped="0" hostname="DESKTOP-16VI708" name="com.naveenWebDriver.Navigation" tests="1" failures="0" timestamp="29 Nov 2017 14:28:01 GMT" time="39.044" errors="0">
  <testcase name="testCase1" time="39.044" classname="com.naveenWebDriver.Navigation"/>
</testsuite> <!-- com.naveenWebDriver.Navigation -->
