<?xml version="1.0" encoding="UTF-8"?>
<!-- Generated by org.testng.reporters.JUnitReportReporter -->
<testsuite skipped="0" hostname="DESKTOP-16VI708" name="com.bhanu.WebDriver.CountAllLinks" tests="1" failures="0" timestamp="27 Dec 2017 20:08:01 GMT" time="11.598" errors="0">
  <testcase name="testCase1" time="11.598" classname="com.bhanu.WebDriver.CountAllLinks"/>
</testsuite> <!-- com.bhanu.WebDriver.CountAllLinks -->
