<?xml version="1.0" encoding="UTF-8"?>
<!-- Generated by org.testng.reporters.JUnitReportReporter -->
<testsuite skipped="0" hostname="DESKTOP-16VI708" name="com.naveenWebDriver.DragAndDrop" tests="1" failures="0" timestamp="27 Nov 2017 01:41:48 GMT" time="15.099" errors="0">
  <testcase name="testCase1" time="15.099" classname="com.naveenWebDriver.DragAndDrop"/>
</testsuite> <!-- com.naveenWebDriver.DragAndDrop -->
