<?xml version="1.0" encoding="UTF-8"?>
<!-- Generated by org.testng.reporters.JUnitReportReporter -->
<testsuite skipped="0" hostname="DESKTOP-16VI708" name="com.naveenWebDriver.HandlingWindows" tests="1" failures="0" timestamp="29 Nov 2017 22:14:27 GMT" time="19.225" errors="0">
  <testcase name="testCase1" time="19.225" classname="com.naveenWebDriver.HandlingWindows"/>
</testsuite> <!-- com.naveenWebDriver.HandlingWindows -->
