<?xml version="1.0" encoding="UTF-8"?>
<!-- Generated by org.testng.reporters.JUnitReportReporter -->
<testsuite skipped="0" hostname="DESKTOP-16VI708" name="com.datadriven.test.HalfEbayTest" tests="4" failures="0" timestamp="20 Nov 2017 21:26:32 GMT" time="50.044" errors="0">
  <testcase name="halfEbayTest" time="11.955" classname="com.datadriven.test.HalfEbayTest"/>
  <testcase name="halfEbayTest" time="12.030" classname="com.datadriven.test.HalfEbayTest"/>
  <testcase name="halfEbayTest" time="13.579" classname="com.datadriven.test.HalfEbayTest"/>
  <testcase name="halfEbayTest" time="12.480" classname="com.datadriven.test.HalfEbayTest"/>
</testsuite> <!-- com.datadriven.test.HalfEbayTest -->
