<?xml version="1.0" encoding="UTF-8"?>
<!-- Generated by org.testng.reporters.JUnitReportReporter -->
<testsuite skipped="0" hostname="DESKTOP-16VI708" name="com.naveentestNG.TestNG" tests="3" failures="0" timestamp="13 Nov 2017 22:28:46 GMT" time="0.022" errors="0">
  <testcase name="testCase1" time="0.016" classname="com.naveentestNG.TestNG"/>
  <testcase name="testCase3" time="0.002" classname="com.naveentestNG.TestNG"/>
  <testcase name="testCase2" time="0.004" classname="com.naveentestNG.TestNG"/>
</testsuite> <!-- com.naveentestNG.TestNG -->
