<?xml version="1.0" encoding="UTF-8"?>
<!-- Generated by org.testng.reporters.JUnitReportReporter -->
<testsuite skipped="0" hostname="DESKTOP-16VI708" name="com.naveenWebDriver.HandleDropDown" tests="1" failures="0" timestamp="23 Nov 2017 21:56:45 GMT" time="20.084" errors="0">
  <testcase name="testCase1" time="20.084" classname="com.naveenWebDriver.HandleDropDown"/>
</testsuite> <!-- com.naveenWebDriver.HandleDropDown -->
