<?xml version="1.0" encoding="UTF-8"?>
<!-- Generated by org.testng.reporters.JUnitReportReporter -->
<testsuite skipped="0" hostname="DESKTOP-16VI708" name="com.naveenWebDriver.DatePicker" tests="1" failures="0" timestamp="02 Dec 2017 00:40:52 GMT" time="8.677" errors="0">
  <testcase name="testCase1" time="8.677" classname="com.naveenWebDriver.DatePicker"/>
</testsuite> <!-- com.naveenWebDriver.DatePicker -->
