<?xml version="1.0" encoding="UTF-8"?>
<!-- Generated by org.testng.reporters.JUnitReportReporter -->
<testsuite skipped="0" hostname="DESKTOP-16VI708" name="com.naveenWebDriver.ChromeDriver_" tests="1" failures="0" timestamp="12 Jan 2018 18:54:51 GMT" time="11.960" errors="0">
  <testcase name="testCase1" time="11.960" classname="com.naveenWebDriver.ChromeDriver_"/>
</testsuite> <!-- com.naveenWebDriver.ChromeDriver_ -->
