<?xml version="1.0" encoding="UTF-8"?>
<!-- Generated by org.testng.reporters.JUnitReportReporter -->
<testsuite skipped="0" hostname="DESKTOP-16VI708" name="com.bhanu.WebDriver.ExpandCollapsed" tests="1" failures="0" timestamp="27 Dec 2017 23:57:08 GMT" time="9.091" errors="0">
  <testcase name="testCase1" time="9.091" classname="com.bhanu.WebDriver.ExpandCollapsed"/>
</testsuite> <!-- com.bhanu.WebDriver.ExpandCollapsed -->
