<?xml version="1.0" encoding="UTF-8"?>
<!-- Generated by org.testng.reporters.JUnitReportReporter -->
<testsuite skipped="0" hostname="DESKTOP-16VI708" name="com.bhanu.WebDriver.DropDown" tests="1" failures="0" timestamp="27 Dec 2017 12:39:52 GMT" time="13.933" errors="0">
  <testcase name="testCase1" time="13.933" classname="com.bhanu.WebDriver.DropDown"/>
</testsuite> <!-- com.bhanu.WebDriver.DropDown -->
