<?xml version="1.0" encoding="UTF-8"?>
<!-- Generated by org.testng.reporters.JUnitReportReporter -->
<testsuite skipped="0" hostname="DESKTOP-16VI708" name="com.naveenWebDriver.Difference" tests="1" failures="0" timestamp="30 Nov 2017 05:10:15 GMT" time="13.370" errors="0">
  <testcase name="testCase1" time="13.370" classname="com.naveenWebDriver.Difference"/>
</testsuite> <!-- com.naveenWebDriver.Difference -->
