<?xml version="1.0" encoding="UTF-8"?>
<!-- Generated by org.testng.reporters.JUnitReportReporter -->
<testsuite skipped="0" hostname="DESKTOP-16VI708" name="com.naveenWebDriver.MouseHover" tests="1" failures="0" timestamp="27 Nov 2017 03:24:26 GMT" time="25.089" errors="0">
  <testcase name="testCase1" time="25.089" classname="com.naveenWebDriver.MouseHover"/>
</testsuite> <!-- com.naveenWebDriver.MouseHover -->
