<?xml version="1.0" encoding="UTF-8"?>
<!-- Generated by org.testng.reporters.JUnitReportReporter -->
<testsuite skipped="0" hostname="DESKTOP-16VI708" name="com.naveenWebDriver.Frames2" tests="1" failures="0" timestamp="12 Jan 2018 22:32:45 GMT" time="12.460" errors="0">
  <testcase name="testCase1" time="12.460" classname="com.naveenWebDriver.Frames2"/>
</testsuite> <!-- com.naveenWebDriver.Frames2 -->
