<?xml version="1.0" encoding="UTF-8"?>
<!-- Generated by org.testng.reporters.JUnitReportReporter -->
<testsuite skipped="0" hostname="DESKTOP-16VI708" name="com.naveentestNG.Grouping" tests="3" failures="0" timestamp="22 Nov 2017 03:10:11 GMT" time="0.024" errors="0">
  <testcase name="testCase9" time="0.002" classname="com.naveentestNG.Grouping"/>
  <testcase name="testCase6" time="0.004" classname="com.naveentestNG.Grouping"/>
  <testcase name="testCase5" time="0.018" classname="com.naveentestNG.Grouping"/>
</testsuite> <!-- com.naveentestNG.Grouping -->
