<?xml version="1.0" encoding="UTF-8"?>
<!-- Generated by org.testng.reporters.JUnitReportReporter -->
<testsuite skipped="0" hostname="DESKTOP-16VI708" name="com.naveenWebDriver.ScreenShot" tests="1" failures="0" timestamp="29 Nov 2017 14:51:59 GMT" time="22.110" errors="0">
  <testcase name="testCase1" time="22.110" classname="com.naveenWebDriver.ScreenShot"/>
</testsuite> <!-- com.naveenWebDriver.ScreenShot -->
