<?xml version="1.0" encoding="UTF-8"?>
<!-- Generated by org.testng.reporters.JUnitReportReporter -->
<testsuite skipped="0" hostname="DESKTOP-16VI708" name="com.naveenWebDriver.HandlingCalendar" tests="1" failures="0" timestamp="01 Dec 2017 23:42:02 GMT" time="26.521" errors="0">
  <testcase name="testCase1" time="26.521" classname="com.naveenWebDriver.HandlingCalendar"/>
</testsuite> <!-- com.naveenWebDriver.HandlingCalendar -->
