<?xml version="1.0" encoding="UTF-8"?>
<!-- Generated by org.testng.reporters.JUnitReportReporter -->
<testsuite name="com.interviewQuestionsWebDriver.Understandtestng" tests="2" time="0.025" ignored="0" failures="0" timestamp="10 Nov 2017 18:36:00 GMT" skipped="0" hostname="DESKTOP-16VI708" errors="0">
  <testcase name="testCase2" time="0.010" classname="com.interviewQuestionsWebDriver.Understandtestng"/>
  <testcase name="testCase1" time="0.015" classname="com.interviewQuestionsWebDriver.Understandtestng"/>
</testsuite> <!-- com.interviewQuestionsWebDriver.Understandtestng -->
