<?xml version="1.0" encoding="UTF-8"?>
<!-- Generated by org.testng.reporters.JUnitReportReporter -->
<testsuite skipped="0" hostname="DESKTOP-16VI708" name="com.interviewQuestionsWebDriver.InvocationCount" tests="10" failures="0" timestamp="10 Nov 2017 21:12:50 GMT" time="0.042" errors="0">
  <testcase name="testCase1" time="0.007" classname="com.interviewQuestionsWebDriver.InvocationCount"/>
  <testcase name="testCase1" time="0.002" classname="com.interviewQuestionsWebDriver.InvocationCount"/>
  <testcase name="testCase1" time="0.001" classname="com.interviewQuestionsWebDriver.InvocationCount"/>
  <testcase name="testCase1" time="0.001" classname="com.interviewQuestionsWebDriver.InvocationCount"/>
  <testcase name="testCase1" time="0.002" classname="com.interviewQuestionsWebDriver.InvocationCount"/>
  <testcase name="testCase1" time="0.002" classname="com.interviewQuestionsWebDriver.InvocationCount"/>
  <testcase name="testCase1" time="0.015" classname="com.interviewQuestionsWebDriver.InvocationCount"/>
  <testcase name="testCase1" time="0.001" classname="com.interviewQuestionsWebDriver.InvocationCount"/>
  <testcase name="testCase1" time="0.010" classname="com.interviewQuestionsWebDriver.InvocationCount"/>
  <testcase name="testCase1" time="0.001" classname="com.interviewQuestionsWebDriver.InvocationCount"/>
</testsuite> <!-- com.interviewQuestionsWebDriver.InvocationCount -->
