<?xml version="1.0" encoding="UTF-8"?>
<!-- Generated by org.testng.reporters.JUnitReportReporter -->
<testsuite skipped="0" hostname="DESKTOP-16VI708" name="com.naveenWebDriver.Refresh" tests="1" failures="0" timestamp="25 Nov 2017 02:07:15 GMT" time="17.996" errors="0">
  <testcase name="testCase1" time="17.996" classname="com.naveenWebDriver.Refresh"/>
</testsuite> <!-- com.naveenWebDriver.Refresh -->
