<?xml version="1.0" encoding="UTF-8"?>
<!-- Generated by org.testng.reporters.JUnitReportReporter -->
<testsuite skipped="0" hostname="DESKTOP-16VI708" name="com.bhanu.WebDriver.StaticWebTable" tests="1" failures="0" timestamp="29 Dec 2017 00:37:09 GMT" time="21.002" errors="0">
  <testcase name="testCase1" time="21.002" classname="com.bhanu.WebDriver.StaticWebTable"/>
</testsuite> <!-- com.bhanu.WebDriver.StaticWebTable -->
