<?xml version="1.0" encoding="UTF-8"?>
<!-- Generated by org.testng.reporters.JUnitReportReporter -->
<testsuite skipped="0" hostname="DESKTOP-16VI708" name="com.interviewQuestionsWebDriver.ActionsDemo" tests="1" failures="0" timestamp="20 Dec 2017 22:56:45 GMT" time="21.224" errors="0">
  <testcase name="testcase1" time="21.224" classname="com.interviewQuestionsWebDriver.ActionsDemo"/>
</testsuite> <!-- com.interviewQuestionsWebDriver.ActionsDemo -->
