<?xml version="1.0" encoding="UTF-8"?>
<!-- Generated by org.testng.reporters.JUnitReportReporter -->
<testsuite skipped="0" hostname="DESKTOP-16VI708" name="com.naveentestNG.RadioButtonExample" tests="1" failures="0" timestamp="15 Nov 2017 20:38:26 GMT" time="13.439" errors="0">
  <testcase name="testCase1" time="13.439" classname="com.naveentestNG.RadioButtonExample"/>
</testsuite> <!-- com.naveentestNG.RadioButtonExample -->
