<?xml version="1.0" encoding="UTF-8"?>
<!-- Generated by org.testng.reporters.JUnitReportReporter -->
<testsuite skipped="0" hostname="DESKTOP-16VI708" name="com.naveenWebDriver.Frames" tests="1" failures="0" timestamp="25 Nov 2017 01:50:03 GMT" time="20.300" errors="0">
  <testcase name="testCase1" time="20.300" classname="com.naveenWebDriver.Frames"/>
</testsuite> <!-- com.naveenWebDriver.Frames -->
