<?xml version="1.0" encoding="UTF-8"?>
<!-- Generated by org.testng.reporters.JUnitReportReporter -->
<testsuite skipped="0" hostname="DESKTOP-16VI708" name="com.bhanu.WebDriver.Frames" tests="1" failures="0" timestamp="28 Dec 2017 23:05:45 GMT" time="5.486" errors="0">
  <testcase name="testCase1" time="5.486" classname="com.bhanu.WebDriver.Frames"/>
</testsuite> <!-- com.bhanu.WebDriver.Frames -->
