<?xml version="1.0" encoding="UTF-8"?>
<!-- Generated by org.testng.reporters.JUnitReportReporter -->
<testsuite skipped="0" hostname="DESKTOP-16VI708" name="com.naveenWebDriver.ExplicitWait1" tests="1" failures="0" timestamp="29 Nov 2017 13:16:37 GMT" time="21.222" errors="0">
  <testcase name="testCase1" time="21.222" classname="com.naveenWebDriver.ExplicitWait1"/>
</testsuite> <!-- com.naveenWebDriver.ExplicitWait1 -->
