<?xml version="1.0" encoding="UTF-8"?>
<!-- Generated by org.testng.reporters.JUnitReportReporter -->
<testsuite skipped="0" hostname="DESKTOP-16VI708" name="com.naveenWebDriver.ExplicitWait2" tests="1" failures="0" timestamp="29 Nov 2017 19:41:30 GMT" time="26.208" errors="0">
  <testcase name="testCase1" time="26.208" classname="com.naveenWebDriver.ExplicitWait2"/>
</testsuite> <!-- com.naveenWebDriver.ExplicitWait2 -->
