<?xml version="1.0" encoding="UTF-8"?>
<!-- Generated by org.testng.reporters.JUnitReportReporter -->
<testsuite skipped="0" hostname="DESKTOP-16VI708" name="com.naveenWebDriver.HandleAlert" tests="1" failures="0" timestamp="23 Nov 2017 22:39:48 GMT" time="8.852" errors="0">
  <testcase name="testCase1" time="8.852" classname="com.naveenWebDriver.HandleAlert"/>
</testsuite> <!-- com.naveenWebDriver.HandleAlert -->
