<?xml version="1.0" encoding="UTF-8"?>
<!-- Generated by org.testng.reporters.JUnitReportReporter -->
<testsuite skipped="0" hostname="DESKTOP-16VI708" name="com.interviewQuestionsWebDriver.ImplicitWait" tests="1" failures="0" timestamp="10 Nov 2017 21:20:14 GMT" time="9.428" errors="0">
  <testcase name="testcase1" time="9.428" classname="com.interviewQuestionsWebDriver.ImplicitWait"/>
</testsuite> <!-- com.interviewQuestionsWebDriver.ImplicitWait -->
