<?xml version="1.0" encoding="UTF-8"?>
<!-- Generated by org.testng.reporters.JUnitReportReporter -->
<testsuite skipped="0" hostname="DESKTOP-16VI708" name="com.naveenWebDriver.HeadLess" tests="1" failures="0" timestamp="30 Nov 2017 00:33:30 GMT" time="16.054" errors="0">
  <testcase name="testCase1" time="16.054" classname="com.naveenWebDriver.HeadLess"/>
</testsuite> <!-- com.naveenWebDriver.HeadLess -->
