<?xml version="1.0" encoding="UTF-8"?>
<!-- Generated by org.testng.reporters.JUnitReportReporter -->
<testsuite skipped="0" hostname="DESKTOP-16VI708" name="com.bhanu.WebDriver.HandleMultipleWindows" tests="1" failures="0" timestamp="27 Dec 2017 20:46:07 GMT" time="22.886" errors="0">
  <testcase name="testCase1" time="22.886" classname="com.bhanu.WebDriver.HandleMultipleWindows"/>
</testsuite> <!-- com.bhanu.WebDriver.HandleMultipleWindows -->
