<?xml version="1.0" encoding="UTF-8"?>
<!-- Generated by org.testng.reporters.JUnitReportReporter -->
<testsuite skipped="0" hostname="DESKTOP-16VI708" name="com.naveenWebDriver.GoogleSearchTest" tests="1" failures="0" timestamp="05 Dec 2017 01:40:15 GMT" time="34.642" errors="0">
  <testcase name="testCase1" time="34.642" classname="com.naveenWebDriver.GoogleSearchTest"/>
</testsuite> <!-- com.naveenWebDriver.GoogleSearchTest -->
