<?xml version="1.0" encoding="UTF-8"?>
<!-- Generated by org.testng.reporters.JUnitReportReporter -->
<testsuite skipped="0" hostname="DESKTOP-16VI708" name="com.naveentestNG.ExcludeTest" tests="3" failures="0" timestamp="22 Nov 2017 01:51:22 GMT" time="0.026" errors="0">
  <testcase name="testCase1" time="0.015" classname="com.naveentestNG.ExcludeTest"/>
  <testcase name="testCase2" time="0.004" classname="com.naveentestNG.ExcludeTest"/>
  <testcase name="testCase4" time="0.007" classname="com.naveentestNG.ExcludeTest"/>
</testsuite> <!-- com.naveentestNG.ExcludeTest -->
