<?xml version="1.0" encoding="UTF-8"?>
<!-- Generated by org.testng.reporters.JUnitReportReporter -->
<testsuite skipped="0" hostname="DESKTOP-16VI708" name="com.naveenWebDriver.ExplicitWait" tests="2" failures="0" timestamp="28 Nov 2017 22:21:47 GMT" time="27.592" errors="0">
  <testcase name="testCase1" time="14.362" classname="com.naveenWebDriver.ExplicitWait"/>
  <testcase name="testCase2" time="13.230" classname="com.naveenWebDriver.ExplicitWait"/>
</testsuite> <!-- com.naveenWebDriver.ExplicitWait -->
