<?xml version="1.0" encoding="UTF-8"?>
<!-- Generated by org.testng.reporters.JUnitReportReporter -->
<testsuite skipped="0" hostname="DESKTOP-16VI708" name="com.naveentestNG.ParallelTesting" tests="5" failures="0" timestamp="21 Nov 2017 23:03:38 GMT" time="0.032" errors="0">
  <testcase name="testCase1" time="0.015" classname="com.naveentestNG.ParallelTesting"/>
  <testcase name="testCase2" time="0.004" classname="com.naveentestNG.ParallelTesting"/>
  <testcase name="testCase3" time="0.002" classname="com.naveentestNG.ParallelTesting"/>
  <testcase name="testCase4" time="0.004" classname="com.naveentestNG.ParallelTesting"/>
  <testcase name="testCase5" time="0.007" classname="com.naveentestNG.ParallelTesting"/>
</testsuite> <!-- com.naveentestNG.ParallelTesting -->
