<?xml version="1.0" encoding="UTF-8"?>
<!-- Generated by org.testng.reporters.JUnitReportReporter -->
<testsuite skipped="0" hostname="DESKTOP-16VI708" name="com.naveentestNG.ParallelTesting1" tests="5" failures="0" timestamp="22 Nov 2017 00:10:06 GMT" time="0.040" errors="0">
  <testcase name="testCase1" time="0.025" classname="com.naveentestNG.ParallelTesting1"/>
  <testcase name="testCase2" time="0.004" classname="com.naveentestNG.ParallelTesting1"/>
  <testcase name="testCase3" time="0.003" classname="com.naveentestNG.ParallelTesting1"/>
  <testcase name="testCase4" time="0.005" classname="com.naveentestNG.ParallelTesting1"/>
  <testcase name="testCase5" time="0.003" classname="com.naveentestNG.ParallelTesting1"/>
</testsuite> <!-- com.naveentestNG.ParallelTesting1 -->
