<?xml version="1.0" encoding="UTF-8"?>
<!-- Generated by org.testng.reporters.JUnitReportReporter -->
<testsuite skipped="0" hostname="DESKTOP-16VI708" name="com.interviewQuestionsWebDriver.Understandtestng1" tests="2" failures="0" timestamp="10 Nov 2017 21:12:50 GMT" time="0.003" errors="0">
  <testcase name="testCase2" time="0.001" classname="com.interviewQuestionsWebDriver.Understandtestng1"/>
  <testcase name="testCase1" time="0.002" classname="com.interviewQuestionsWebDriver.Understandtestng1"/>
</testsuite> <!-- com.interviewQuestionsWebDriver.Understandtestng1 -->
