<?xml version="1.0" encoding="UTF-8"?>
<!-- Generated by org.testng.reporters.JUnitReportReporter -->
<testsuite skipped="0" hostname="DESKTOP-16VI708" name="com.naveenWebDriver.FileUpload" tests="1" failures="0" timestamp="23 Nov 2017 23:02:30 GMT" time="16.197" errors="0">
  <testcase name="testCase1" time="16.197" classname="com.naveenWebDriver.FileUpload"/>
</testsuite> <!-- com.naveenWebDriver.FileUpload -->
