<?xml version="1.0" encoding="UTF-8"?>
<!-- Generated by org.testng.reporters.JUnitReportReporter -->
<testsuite name="com.datadriven.test.HalfEbayTest" tests="4" time="69.498" ignored="0" failures="0" timestamp="25 Dec 2017 15:54:35 GMT" skipped="0" hostname="DESKTOP-16VI708" errors="0">
  <testcase name="halfEbayTest" time="16.409" classname="com.datadriven.test.HalfEbayTest"/>
  <testcase name="halfEbayTest" time="14.675" classname="com.datadriven.test.HalfEbayTest"/>
  <testcase name="halfEbayTest" time="23.018" classname="com.datadriven.test.HalfEbayTest"/>
  <testcase name="halfEbayTest" time="15.396" classname="com.datadriven.test.HalfEbayTest"/>
</testsuite> <!-- com.datadriven.test.HalfEbayTest -->
