<?xml version="1.0" encoding="UTF-8"?>
<!-- Generated by org.testng.reporters.JUnitReportReporter -->
<testsuite name="com.interviewQuestionsWebDriver.TestngAnnotation" tests="2" time="0.000" ignored="0" failures="0" timestamp="25 Dec 2017 15:54:35 GMT" skipped="0" hostname="DESKTOP-16VI708" errors="0">
  <testcase name="testCase2" time="0.000" classname="com.interviewQuestionsWebDriver.TestngAnnotation"/>
  <testcase name="testCase1" time="0.000" classname="com.interviewQuestionsWebDriver.TestngAnnotation"/>
</testsuite> <!-- com.interviewQuestionsWebDriver.TestngAnnotation -->
